DEBUG :: process ::  State: 12 Output layer: [-0.98471 -1.22562 -1.19842  0.76301  0.03859 -2.44739 -2.94349 -0.98661
 -0.21615] Action: 3
DEBUG :: process ::  State: 11 Output layer: [-0.54308 -0.9808  -0.56432  0.51928  0.05978 -1.13676 -1.1903  -0.41914
  0.05542] Action: 3
DEBUG :: process ::  State: 10 Output layer: [-0.43947 -0.76805 -0.45034  0.49301 -0.00352 -0.93768 -0.74779 -0.45646
  0.02735] Action: 3
DEBUG :: process ::  State: 12 Output layer: [-0.7337  -0.47262 -0.24054 -0.26142  1.47399 -0.39417 -0.09337 -3.21169
 -0.08016] Action: 4
DEBUG :: process ::  State: 12 Output layer: [-0.7337  -0.47262 -0.24054 -0.26142  1.47399 -0.39417 -0.09337 -3.21169
 -0.08016] Action: 4
DEBUG :: process ::  State: 12 Output layer: [-0.7337  -0.47262 -0.24054 -0.26142  1.47399 -0.39417 -0.09337 -3.21169
 -0.08016] Action: 4
DEBUG :: process ::  State: 12 Output layer: [-0.7337  -0.47262 -0.24054 -0.26142  1.47399 -0.39417 -0.09337 -3.21169
 -0.08016] Action: 4
DEBUG :: process ::  State: 12 Output layer: [-0.7337  -0.47262 -0.24054 -0.26142  1.47399 -0.39417 -0.09337 -3.21169
 -0.08016] Action: 4
DEBUG :: process ::  State: 12 Output layer: [-0.7337  -0.47262 -0.24054 -0.26142  1.47399 -0.39417 -0.09337 -3.21169
 -0.08016] Action: 4
DEBUG :: process ::  State: 12 Output layer: [-0.7337  -0.47262 -0.24054 -0.26142  1.47399 -0.39417 -0.09337 -3.21169
 -0.08016] Action: 4
DEBUG :: process ::  State: 12 Output layer: [-0.7337  -0.47262 -0.24054 -0.26142  1.47399 -0.39417 -0.09337 -3.21169
 -0.08016] Action: 4
DEBUG :: process ::  State: 12 Output layer: [-0.7337  -0.47262 -0.24054 -0.26142  1.47399 -0.39417 -0.09337 -3.21169
 -0.08016] Action: 4
DEBUG :: process ::  State: 12 Output layer: [-0.7337  -0.47262 -0.24054 -0.26142  1.47399 -0.39417 -0.09337 -3.21169
 -0.08016] Action: 4
DEBUG :: process ::  State: 12 Output layer: [ 0.29214  3.38324  3.21035  3.04908  0.90591  0.67973  2.34077 -0.69118
  0.74174] Action: 1
DEBUG :: process ::  State: 7 Output layer: [ 0.2533   0.53778  0.74058  0.14584 -0.23396  0.44504  0.47378 -0.26502
  0.5975 ] Action: 2
DEBUG :: process ::  State: 3 Output layer: [-0.0622   0.31694  0.20497  0.47226  0.23703  0.41537  0.40295  0.14849
  0.04554] Action: 3
DEBUG :: process ::  State: 2 Output layer: [-0.01525  0.26754 -0.01115  0.155   -0.05288  0.45908  0.15191  0.05884
  0.14803] Action: 5
DEBUG :: process ::  State: 3 Output layer: [-0.0622   0.31694  0.20497  0.47226  0.23703  0.41537  0.40295  0.14849
  0.04554] Action: 3
DEBUG :: process ::  State: 2 Output layer: [-0.01525  0.26754 -0.01115  0.155   -0.05288  0.45908  0.15191  0.05884
  0.14803] Action: 5
DEBUG :: process ::  State: 3 Output layer: [-0.0622   0.31694  0.20497  0.47226  0.23703  0.41537  0.40295  0.14849
  0.04554] Action: 3
DEBUG :: process ::  State: 2 Output layer: [-0.01525  0.26754 -0.01115  0.155   -0.05288  0.45908  0.15191  0.05884
  0.14803] Action: 5
DEBUG :: process ::  State: 3 Output layer: [-0.0622   0.31694  0.20497  0.47226  0.23703  0.41537  0.40295  0.14849
  0.04554] Action: 3
DEBUG :: process ::  State: 2 Output layer: [-0.01525  0.26754 -0.01115  0.155   -0.05288  0.45908  0.15191  0.05884
  0.14803] Action: 5
DEBUG :: process ::  State: 12 Output layer: [-0.9857   0.21746  1.35641  0.13371  1.31125 -0.51613  0.01683  0.80493
 -1.08735] Action: 2
DEBUG :: process ::  State: 8 Output layer: [-0.03784  0.54141  1.17726 -1.37168  1.63165  0.02465  1.11389  0.63528
 -0.08664] Action: 4
DEBUG :: process ::  State: 8 Output layer: [-0.03784  0.54141  1.17726 -1.37168  1.63165  0.02465  1.11389  0.63528
 -0.08664] Action: 4
DEBUG :: process ::  State: 8 Output layer: [-0.03784  0.54141  1.17726 -1.37168  1.63165  0.02465  1.11389  0.63528
 -0.08664] Action: 4
DEBUG :: process ::  State: 8 Output layer: [-0.03784  0.54141  1.17726 -1.37168  1.63165  0.02465  1.11389  0.63528
 -0.08664] Action: 4
DEBUG :: process ::  State: 8 Output layer: [-0.03784  0.54141  1.17726 -1.37168  1.63165  0.02465  1.11389  0.63528
 -0.08664] Action: 4
DEBUG :: process ::  State: 8 Output layer: [-0.03784  0.54141  1.17726 -1.37168  1.63165  0.02465  1.11389  0.63528
 -0.08664] Action: 4
DEBUG :: process ::  State: 8 Output layer: [-0.03784  0.54141  1.17726 -1.37168  1.63165  0.02465  1.11389  0.63528
 -0.08664] Action: 4
DEBUG :: process ::  State: 8 Output layer: [-0.03784  0.54141  1.17726 -1.37168  1.63165  0.02465  1.11389  0.63528
 -0.08664] Action: 4
DEBUG :: process ::  State: 8 Output layer: [-0.03784  0.54141  1.17726 -1.37168  1.63165  0.02465  1.11389  0.63528
 -0.08664] Action: 4
DEBUG :: process ::  State: 12 Output layer: [-0.84403 -1.44328 -1.22678 -3.7129  -0.25065 -2.26234 -1.43921  1.39627
  0.9008 ] Action: 7
DEBUG :: process ::  State: 17 Output layer: [ 0.09532 -0.7082  -0.53744 -0.03916  0.33868  0.26412  0.56224  0.22688
  0.5986 ] Action: 8
DEBUG :: process ::  State: 23 Output layer: [-0.75543 -0.46099  0.07438 -1.14204  0.30856 -0.71882  0.56992  1.12552
  1.29907] Action: 8
DEBUG :: process ::  State: 12 Output layer: [ 1.96353 -2.17393 -1.39573  0.85054 -1.42495 -2.04935 -0.61313  1.09901
  1.72976] Action: 0
DEBUG :: process ::  State: 6 Output layer: [ 2.32976 -2.11542 -1.53522  1.3354  -1.28458 -2.42416 -0.30408  0.64904
  1.90222] Action: 0
DEBUG :: process ::  State: 12 Output layer: [-0.1730414 -1.8631532 -1.4292856 -1.3410981 -1.0090585 -1.7054727
 -0.9735484  1.1456143  0.7276066] Action: 7
DEBUG :: process ::  State: 17 Output layer: [ 0.0809026 -0.1058296 -0.2528128  0.122274   0.0890076 -0.2777198
  0.1093478  0.2206972  0.0534052] Action: 7
DEBUG :: process ::  State: 22 Output layer: [-0.0539573 -0.1229796 -0.0150762 -0.1524797  0.004424  -0.1238448
  0.0486069  0.2110522  0.1614669] Action: 7
DEBUG :: process ::  State: 12 Output layer: [ 0.19945 -0.14652 -0.61084 -0.06198 -0.17002  0.01054 -0.57235  0.28391
 -0.61107] Action: 7
DEBUG :: process ::  State: 17 Output layer: [-0.04284  0.1386  -0.04284  0.05796 -0.00252 -0.12348 -0.09072 -0.08316
  0.04284] Action: 1
DEBUG :: process ::  State: 12 Output layer: [ 0.19945 -0.14652 -0.61084 -0.06198 -0.17002  0.01054 -0.57235  0.28391
 -0.61107] Action: 7
DEBUG :: process ::  State: 17 Output layer: [-0.04284  0.1386  -0.04284  0.05796 -0.00252 -0.12348 -0.09072 -0.08316
  0.04284] Action: 1
DEBUG :: process ::  State: 12 Output layer: [ 0.19945 -0.14652 -0.61084 -0.06198 -0.17002  0.01054 -0.57235  0.28391
 -0.61107] Action: 7
DEBUG :: process ::  State: 17 Output layer: [-0.04284  0.1386  -0.04284  0.05796 -0.00252 -0.12348 -0.09072 -0.08316
  0.04284] Action: 1
DEBUG :: process ::  State: 12 Output layer: [ 0.19945 -0.14652 -0.61084 -0.06198 -0.17002  0.01054 -0.57235  0.28391
 -0.61107] Action: 7
DEBUG :: process ::  State: 17 Output layer: [-0.04284  0.1386  -0.04284  0.05796 -0.00252 -0.12348 -0.09072 -0.08316
  0.04284] Action: 1
DEBUG :: process ::  State: 12 Output layer: [ 0.19945 -0.14652 -0.61084 -0.06198 -0.17002  0.01054 -0.57235  0.28391
 -0.61107] Action: 7
DEBUG :: process ::  State: 17 Output layer: [-0.04284  0.1386  -0.04284  0.05796 -0.00252 -0.12348 -0.09072 -0.08316
  0.04284] Action: 1
DEBUG :: process ::  State: 12 Output layer: [-0.73774  4.25266 -1.88195 -0.20512  1.05381  1.75282 -0.72568 -1.5749
 -1.2866 ] Action: 1
DEBUG :: process ::  State: 7 Output layer: [-0.46682  2.26354 -1.16528 -0.32502  0.41266  0.94224 -0.24708 -0.89506
 -0.9476 ] Action: 1
DEBUG :: process ::  State: 2 Output layer: [-0.36481  1.32337 -1.22522 -0.5887   0.05272  0.9516  -0.21658 -0.74314
 -0.70936] Action: 1
DEBUG :: process ::  State: 12 Output layer: [-2.57401 -0.83146 -0.9104   0.64174  0.13159 -1.59146 -1.08573  0.78015
 -2.094  ] Action: 7
DEBUG :: process ::  State: 17 Output layer: [-0.6665  -0.45684 -0.16488 -0.0902  -0.08244 -1.19876 -1.00846  0.41304
 -0.45486] Action: 7
DEBUG :: process ::  State: 22 Output layer: [ 0.19557  0.99739  1.36828 -0.9646  -0.17043 -1.96131 -0.44575  0.57732
 -0.1772 ] Action: 2
DEBUG :: process ::  State: 18 Output layer: [-1.94642 -0.55896 -0.35563  0.20019  0.37306 -1.81169 -0.79234  1.02424
 -1.70407] Action: 7
DEBUG :: process ::  State: 23 Output layer: [ 0.35683  1.04219  1.31448 -0.6733   0.09769 -1.66757 -0.46879  0.51042
 -0.22154] Action: 2
DEBUG :: process ::  State: 19 Output layer: [ 0.14802  1.54875 -0.75629 -1.16149  0.9637  -2.2287  -0.66252  1.40325
 -1.09033] Action: 1
DEBUG :: process ::  State: 14 Output layer: [-0.21733  1.24257 -1.27897 -1.10719  1.10119 -2.04114 -0.45065  1.49298
 -1.27129] Action: 7
DEBUG :: process ::  State: 19 Output layer: [ 0.14802  1.54875 -0.75629 -1.16149  0.9637  -2.2287  -0.66252  1.40325
 -1.09033] Action: 1
DEBUG :: process ::  State: 14 Output layer: [-0.21733  1.24257 -1.27897 -1.10719  1.10119 -2.04114 -0.45065  1.49298
 -1.27129] Action: 7
DEBUG :: process ::  State: 19 Output layer: [ 0.14802  1.54875 -0.75629 -1.16149  0.9637  -2.2287  -0.66252  1.40325
 -1.09033] Action: 1
DEBUG :: process ::  State: 12 Output layer: [-0.80817 -0.69311  0.15557 -0.34201 -0.17251  0.04687  0.41053 -0.51611
 -0.26284] Action: 6
DEBUG :: process ::  State: 16 Output layer: [ 0.30616  0.0544   0.07722  0.18028 -0.19038  0.0019   0.38628  0.04238
 -0.09536] Action: 6
DEBUG :: process ::  State: 12 Output layer: [-0.3806038  1.2141448 -1.5194036 -0.3323844  0.3280652  0.4184215
 -1.0945905 -0.6798191 -0.0795428] Action: 1
DEBUG :: process ::  State: 7 Output layer: [-0.131323   0.5051758 -0.6514512 -0.1922904  0.215829   0.092958
 -0.1084242 -0.3946938 -0.0845522] Action: 1
DEBUG :: process ::  State: 2 Output layer: [-0.1417984  0.1063777 -0.7101275 -0.3144972 -0.0262476  0.1203306
 -0.1364132 -0.3487207 -0.0773365] Action: 5
DEBUG :: process ::  State: 3 Output layer: [-0.0942492  0.1476889 -0.5086866 -0.1958314  0.0327855  0.095918
 -0.084289  -0.2619593 -0.0409252] Action: 1
DEBUG :: process ::  State: 12 Output layer: [-0.54173  0.0655  -1.37592  0.58175 -0.04803  0.20015 -1.10493  0.25619
  0.8515 ] Action: 8
DEBUG :: process ::  State: 18 Output layer: [-0.55465  0.03976 -1.12476  0.41274 -0.05366 -0.34467 -1.21779  0.20545
  1.08666] Action: 8
DEBUG :: process ::  State: 24 Output layer: [ 0.12539 -0.16345 -0.45337  0.17906  0.26881 -0.43729 -0.29141 -0.20741
  0.6407 ] Action: 8
DEBUG :: process ::  State: 12 Output layer: [-0.62032  0.6879  -0.17662  0.09222 -0.32842  0.86926 -0.3912   2.42594
  0.35604] Action: 7
DEBUG :: process ::  State: 17 Output layer: [-0.59502 -0.18882  0.16302  0.37854 -0.90652  1.38248  0.82668  1.88378
  0.08136] Action: 7
DEBUG :: process ::  State: 22 Output layer: [-0.83595  1.04166 -0.48161  0.3246   0.72553  1.45744  0.08542  0.38649
  1.66875] Action: 8
DEBUG :: process ::  State: 12 Output layer: [ 1.45824  1.26436  0.48826  1.70208  1.93247  2.14173 -2.70852  2.12486
 -0.42533] Action: 5
DEBUG :: process ::  State: 13 Output layer: [ 0.54712  0.44526  0.18198  0.39678  0.60174  0.60946 -0.94428  0.78094
 -0.18406] Action: 7
DEBUG :: process ::  State: 18 Output layer: [ 1.27152  0.85506  0.80012  1.71012  1.73689  1.88423 -2.27082  1.57804
 -0.15173] Action: 5
DEBUG :: process ::  State: 19 Output layer: [ 0.04502  0.66812 -0.17433 -0.41575 -0.46102 -0.00382 -0.24558  0.84397
  0.0391 ] Action: 7
DEBUG :: process ::  State: 24 Output layer: [ 0.31326  0.20007  0.13431 -0.24486  0.08112 -0.03282 -0.39447  0.42075
 -0.12807] Action: 7
DEBUG :: process ::  State: 12 Output layer: [ 0.54273 -0.98735 -0.4456  -2.76977 -1.42379 -1.79381  0.96986  0.98862
  1.37885] Action: 8
DEBUG :: process ::  State: 18 Output layer: [ 0.34115 -1.03361 -0.51733 -2.56055 -1.4143  -2.18938  1.15615  1.3468
  0.70668] Action: 7
DEBUG :: process ::  State: 23 Output layer: [ 0.64269 -0.02887  0.00452  0.36915 -0.48235 -0.40729  0.372    0.26146
 -0.45557] Action: 0
DEBUG :: process ::  State: 17 Output layer: [ 0.28752 -0.37514 -0.42968 -0.92838 -1.10378 -1.14674  0.5907   0.26056
  0.04264] Action: 6
DEBUG :: process ::  State: 21 Output layer: [ 0.48968 -0.09044 -0.05636  0.1606  -0.387   -0.47668  0.3298   0.26132
 -0.42064] Action: 0
DEBUG :: process ::  State: 15 Output layer: [ 0.12906 -0.22683 -0.17877 -0.285   -0.27495 -0.83421  0.327    0.27159
 -0.46458] Action: 6
DEBUG :: process ::  State: 12 Output layer: [ 0.76015 -1.01382  0.23036 -1.06193  0.69594 -1.09366  0.72726 -0.74486
  0.01257] Action: 0
DEBUG :: process ::  State: 6 Output layer: [ 0.80796 -1.0978  -0.12246 -1.68856  0.8203  -1.19894  0.99168 -1.3078
  0.21048] Action: 6
DEBUG :: process ::  State: 10 Output layer: [ 1.01417 -0.2463   0.02948 -1.64623  0.77254 -1.201    1.79144 -1.06436
  0.83882] Action: 6
DEBUG :: process ::  State: 12 Output layer: [-1.37618  0.92112  0.83042 -2.84405 -1.16942 -1.39922 -0.67553  0.41933
 -0.72866] Action: 1
DEBUG :: process ::  State: 7 Output layer: [-0.50406  0.21666  0.1603  -0.76764 -0.2385  -0.25096 -0.03752  0.04166
 -0.22538] Action: 1
DEBUG :: process ::  State: 2 Output layer: [-0.18014  0.11325  0.15316 -0.3511   0.0862   0.09344 -0.09491  0.15781
 -0.07142] Action: 7
DEBUG :: process ::  State: 7 Output layer: [-0.50406  0.21666  0.1603  -0.76764 -0.2385  -0.25096 -0.03752  0.04166
 -0.22538] Action: 1
DEBUG :: process ::  State: 2 Output layer: [-0.18014  0.11325  0.15316 -0.3511   0.0862   0.09344 -0.09491  0.15781
 -0.07142] Action: 7
DEBUG :: process ::  State: 7 Output layer: [-0.50406  0.21666  0.1603  -0.76764 -0.2385  -0.25096 -0.03752  0.04166
 -0.22538] Action: 1
DEBUG :: process ::  State: 2 Output layer: [-0.18014  0.11325  0.15316 -0.3511   0.0862   0.09344 -0.09491  0.15781
 -0.07142] Action: 7
DEBUG :: process ::  State: 7 Output layer: [-0.50406  0.21666  0.1603  -0.76764 -0.2385  -0.25096 -0.03752  0.04166
 -0.22538] Action: 1
DEBUG :: process ::  State: 2 Output layer: [-0.18014  0.11325  0.15316 -0.3511   0.0862   0.09344 -0.09491  0.15781
 -0.07142] Action: 7
DEBUG :: process ::  State: 7 Output layer: [-0.50406  0.21666  0.1603  -0.76764 -0.2385  -0.25096 -0.03752  0.04166
 -0.22538] Action: 1
DEBUG :: process ::  State: 12 Output layer: [ 0.71823 -0.71667  0.18648 -0.70713  1.01571  0.05421 -0.17574  0.08127
 -0.22308] Action: 4
DEBUG :: process ::  State: 12 Output layer: [ 0.71823 -0.71667  0.18648 -0.70713  1.01571  0.05421 -0.17574  0.08127
 -0.22308] Action: 4
DEBUG :: process ::  State: 12 Output layer: [ 0.71823 -0.71667  0.18648 -0.70713  1.01571  0.05421 -0.17574  0.08127
 -0.22308] Action: 4
DEBUG :: process ::  State: 12 Output layer: [ 0.71823 -0.71667  0.18648 -0.70713  1.01571  0.05421 -0.17574  0.08127
 -0.22308] Action: 4
DEBUG :: process ::  State: 12 Output layer: [ 0.71823 -0.71667  0.18648 -0.70713  1.01571  0.05421 -0.17574  0.08127
 -0.22308] Action: 4
DEBUG :: process ::  State: 12 Output layer: [ 0.71823 -0.71667  0.18648 -0.70713  1.01571  0.05421 -0.17574  0.08127
 -0.22308] Action: 4
DEBUG :: process ::  State: 12 Output layer: [ 0.71823 -0.71667  0.18648 -0.70713  1.01571  0.05421 -0.17574  0.08127
 -0.22308] Action: 4
DEBUG :: process ::  State: 12 Output layer: [ 0.71823 -0.71667  0.18648 -0.70713  1.01571  0.05421 -0.17574  0.08127
 -0.22308] Action: 4
DEBUG :: process ::  State: 12 Output layer: [ 0.71823 -0.71667  0.18648 -0.70713  1.01571  0.05421 -0.17574  0.08127
 -0.22308] Action: 4
DEBUG :: process ::  State: 12 Output layer: [ 0.71823 -0.71667  0.18648 -0.70713  1.01571  0.05421 -0.17574  0.08127
 -0.22308] Action: 4
DEBUG :: process ::  State: 12 Output layer: [ 0.44652 -1.8785   0.1046  -0.19872  0.58506  0.42822 -0.13542 -1.3287
 -0.64286] Action: 4
DEBUG :: process ::  State: 12 Output layer: [ 0.44652 -1.8785   0.1046  -0.19872  0.58506  0.42822 -0.13542 -1.3287
 -0.64286] Action: 4
DEBUG :: process ::  State: 12 Output layer: [ 0.44652 -1.8785   0.1046  -0.19872  0.58506  0.42822 -0.13542 -1.3287
 -0.64286] Action: 4
DEBUG :: process ::  State: 12 Output layer: [ 0.44652 -1.8785   0.1046  -0.19872  0.58506  0.42822 -0.13542 -1.3287
 -0.64286] Action: 4
DEBUG :: process ::  State: 12 Output layer: [ 0.44652 -1.8785   0.1046  -0.19872  0.58506  0.42822 -0.13542 -1.3287
 -0.64286] Action: 4
DEBUG :: process ::  State: 12 Output layer: [ 0.44652 -1.8785   0.1046  -0.19872  0.58506  0.42822 -0.13542 -1.3287
 -0.64286] Action: 4
DEBUG :: process ::  State: 12 Output layer: [ 0.44652 -1.8785   0.1046  -0.19872  0.58506  0.42822 -0.13542 -1.3287
 -0.64286] Action: 4
DEBUG :: process ::  State: 12 Output layer: [ 0.44652 -1.8785   0.1046  -0.19872  0.58506  0.42822 -0.13542 -1.3287
 -0.64286] Action: 4
DEBUG :: process ::  State: 12 Output layer: [ 0.44652 -1.8785   0.1046  -0.19872  0.58506  0.42822 -0.13542 -1.3287
 -0.64286] Action: 4
DEBUG :: process ::  State: 12 Output layer: [ 0.44652 -1.8785   0.1046  -0.19872  0.58506  0.42822 -0.13542 -1.3287
 -0.64286] Action: 4
DEBUG :: process ::  State: 12 Output layer: [ 0.78289  1.17727  2.46081 -1.09821  0.91605  1.35304 -1.86165  0.01201
 -0.7357 ] Action: 2
DEBUG :: process ::  State: 8 Output layer: [ 0.17118  0.59341  0.8902  -0.69013  0.63906  0.25064 -0.4285  -0.12913
 -0.42682] Action: 2
DEBUG :: process ::  State: 12 Output layer: [-1.0162048 -0.9928014 -0.9101168  0.6425206 -0.2232057 -1.8147443
 -2.156273  -0.7901207 -0.215958 ] Action: 3
DEBUG :: process ::  State: 11 Output layer: [-0.611341  -0.8767916 -0.5134718  0.4622778 -0.023403  -0.886861
 -1.0154368 -0.320375   0.0692426] Action: 3
DEBUG :: process ::  State: 10 Output layer: [-0.5499206 -0.6621736 -0.4374826  0.4108552 -0.0662218 -0.7127866
 -0.6557558 -0.3800598  0.0365516] Action: 3
DEBUG :: process ::  State: 12 Output layer: [-0.19161 -1.24344 -0.84726 -0.05805  1.69074 -0.11223  0.26433 -0.12312
 -0.11322] Action: 4
DEBUG :: process ::  State: 12 Output layer: [-0.19161 -1.24344 -0.84726 -0.05805  1.69074 -0.11223  0.26433 -0.12312
 -0.11322] Action: 4
DEBUG :: process ::  State: 12 Output layer: [-0.19161 -1.24344 -0.84726 -0.05805  1.69074 -0.11223  0.26433 -0.12312
 -0.11322] Action: 4
DEBUG :: process ::  State: 12 Output layer: [-0.19161 -1.24344 -0.84726 -0.05805  1.69074 -0.11223  0.26433 -0.12312
 -0.11322] Action: 4
DEBUG :: process ::  State: 12 Output layer: [-0.19161 -1.24344 -0.84726 -0.05805  1.69074 -0.11223  0.26433 -0.12312
 -0.11322] Action: 4
DEBUG :: process ::  State: 12 Output layer: [-0.19161 -1.24344 -0.84726 -0.05805  1.69074 -0.11223  0.26433 -0.12312
 -0.11322] Action: 4
DEBUG :: process ::  State: 12 Output layer: [-0.19161 -1.24344 -0.84726 -0.05805  1.69074 -0.11223  0.26433 -0.12312
 -0.11322] Action: 4
DEBUG :: process ::  State: 12 Output layer: [-0.19161 -1.24344 -0.84726 -0.05805  1.69074 -0.11223  0.26433 -0.12312
 -0.11322] Action: 4
DEBUG :: process ::  State: 12 Output layer: [-0.19161 -1.24344 -0.84726 -0.05805  1.69074 -0.11223  0.26433 -0.12312
 -0.11322] Action: 4
DEBUG :: process ::  State: 12 Output layer: [-0.19161 -1.24344 -0.84726 -0.05805  1.69074 -0.11223  0.26433 -0.12312
 -0.11322] Action: 4
DEBUG :: process ::  State: 12 Output layer: [ 1.61298 -0.8644   0.42566 -0.1052  -0.79201  1.14484  1.86098  0.12796
  1.76699] Action: 6
DEBUG :: process ::  State: 16 Output layer: [ 0.66958 -1.13598  0.17296 -0.25852  0.07852  0.61958  0.46662  0.3448
  0.70726] Action: 8
DEBUG :: process ::  State: 22 Output layer: [ 0.22662 -0.35416  0.03787 -0.15364  0.00379  0.26802  0.38254  0.0411
  0.08164] Action: 6
DEBUG :: process ::  State: 12 Output layer: [-0.27972  0.95904  0.07992 -0.30636  0.15984  0.333    0.35964 -0.37296
  0.87912] Action: 1
DEBUG :: process ::  State: 7 Output layer: [ 0.1728   0.9479   1.11364  0.54504  1.06782  0.77058 -0.24534 -0.08298
 -0.1731 ] Action: 2
DEBUG :: process ::  State: 3 Output layer: [ 0.0566   0.57483  0.59727  0.24844  0.70406  0.40569 -0.11038 -0.32418
 -0.06779] Action: 4
DEBUG :: process ::  State: 3 Output layer: [ 0.0566   0.57483  0.59727  0.24844  0.70406  0.40569 -0.11038 -0.32418
 -0.06779] Action: 4
DEBUG :: process ::  State: 3 Output layer: [ 0.0566   0.57483  0.59727  0.24844  0.70406  0.40569 -0.11038 -0.32418
 -0.06779] Action: 4
DEBUG :: process ::  State: 3 Output layer: [ 0.0566   0.57483  0.59727  0.24844  0.70406  0.40569 -0.11038 -0.32418
 -0.06779] Action: 4
DEBUG :: process ::  State: 3 Output layer: [ 0.0566   0.57483  0.59727  0.24844  0.70406  0.40569 -0.11038 -0.32418
 -0.06779] Action: 4
DEBUG :: process ::  State: 3 Output layer: [ 0.0566   0.57483  0.59727  0.24844  0.70406  0.40569 -0.11038 -0.32418
 -0.06779] Action: 4
DEBUG :: process ::  State: 3 Output layer: [ 0.0566   0.57483  0.59727  0.24844  0.70406  0.40569 -0.11038 -0.32418
 -0.06779] Action: 4
DEBUG :: process ::  State: 3 Output layer: [ 0.0566   0.57483  0.59727  0.24844  0.70406  0.40569 -0.11038 -0.32418
 -0.06779] Action: 4
DEBUG :: process ::  State: 12 Output layer: [-1.494    2.15122 -0.99698  3.05781 -0.17021 -0.19529 -0.86357 -1.13559
  0.55282] Action: 3
DEBUG :: process ::  State: 11 Output layer: [-1.26456  1.87698 -0.43704  2.18966  0.17566 -0.7999  -0.12666 -0.51448
  0.27704] Action: 3
DEBUG :: process ::  State: 10 Output layer: [-1.17219  1.42617 -0.52167  1.7526   0.50802 -0.54072 -0.2346  -0.88593
  0.18708] Action: 3
DEBUG :: process ::  State: 12 Output layer: [-0.05914 -0.09606  0.10066  0.07182 -0.17708  0.14768  1.37456  0.87994
 -0.12086] Action: 6
DEBUG :: process ::  State: 16 Output layer: [ 1.25194  0.3363   0.00596 -0.0214   0.98472 -1.95706  0.18138 -0.24322
 -0.22548] Action: 0
DEBUG :: process ::  State: 10 Output layer: [ 0.91149  0.1194   0.31355 -0.15319  0.93504 -1.3915   0.1762  -0.30638
  0.03348] Action: 4
DEBUG :: process ::  State: 10 Output layer: [ 0.91149  0.1194   0.31355 -0.15319  0.93504 -1.3915   0.1762  -0.30638
  0.03348] Action: 4
DEBUG :: process ::  State: 10 Output layer: [ 0.91149  0.1194   0.31355 -0.15319  0.93504 -1.3915   0.1762  -0.30638
  0.03348] Action: 4
DEBUG :: process ::  State: 10 Output layer: [ 0.91149  0.1194   0.31355 -0.15319  0.93504 -1.3915   0.1762  -0.30638
  0.03348] Action: 4
DEBUG :: process ::  State: 10 Output layer: [ 0.91149  0.1194   0.31355 -0.15319  0.93504 -1.3915   0.1762  -0.30638
  0.03348] Action: 4
DEBUG :: process ::  State: 10 Output layer: [ 0.91149  0.1194   0.31355 -0.15319  0.93504 -1.3915   0.1762  -0.30638
  0.03348] Action: 4
DEBUG :: process ::  State: 10 Output layer: [ 0.91149  0.1194   0.31355 -0.15319  0.93504 -1.3915   0.1762  -0.30638
  0.03348] Action: 4
DEBUG :: process ::  State: 10 Output layer: [ 0.91149  0.1194   0.31355 -0.15319  0.93504 -1.3915   0.1762  -0.30638
  0.03348] Action: 4
DEBUG :: process ::  State: 12 Output layer: [-0.88504  2.02454 -0.77317 -0.10678 -0.63133 -1.21631 -0.70046  0.88858
 -1.27656] Action: 1
DEBUG :: process ::  State: 7 Output layer: [ 0.78822  1.15608  0.54018  0.04016 -1.17506  0.69182  0.0589   1.05942
  0.86558] Action: 1
DEBUG :: process ::  State: 2 Output layer: [ 0.83744  0.19832  0.37678  0.52116 -0.91109  0.37348 -0.17008  0.83593
  0.03133] Action: 0
DEBUG :: process ::  State: 12 Output layer: [-0.55709  0.71548  1.42672  0.45158 -1.18977  0.33569  0.45959  0.12916
 -0.02635] Action: 2
DEBUG :: process ::  State: 8 Output layer: [-1.23542  0.33714 -0.16447  0.43817 -0.3653  -0.18915 -0.47442 -0.64822
  1.11881] Action: 8
DEBUG :: process ::  State: 14 Output layer: [-0.18891 -0.18751 -0.36523  0.6011   0.44347 -0.93072 -0.16478 -0.89354
  0.59326] Action: 3
DEBUG :: process ::  State: 13 Output layer: [-1.08536  0.03412 -0.26128  0.41994 -0.21806  0.00888 -0.28756 -0.5492
  0.94306] Action: 8
DEBUG :: process ::  State: 19 Output layer: [ 0.01815 -0.07877 -0.28371  0.55096  0.36469 -0.92166 -0.2109  -0.70814
  0.48316] Action: 3
DEBUG :: process ::  State: 18 Output layer: [-0.55882  0.0861   1.57088  0.35868 -0.71111  0.28342  0.68905 -0.14417
 -0.19657] Action: 2
DEBUG :: process ::  State: 14 Output layer: [-0.18891 -0.18751 -0.36523  0.6011   0.44347 -0.93072 -0.16478 -0.89354
  0.59326] Action: 3
DEBUG :: process ::  State: 13 Output layer: [-1.08536  0.03412 -0.26128  0.41994 -0.21806  0.00888 -0.28756 -0.5492
  0.94306] Action: 8
DEBUG :: process ::  State: 19 Output layer: [ 0.01815 -0.07877 -0.28371  0.55096  0.36469 -0.92166 -0.2109  -0.70814
  0.48316] Action: 3
DEBUG :: process ::  State: 18 Output layer: [-0.55882  0.0861   1.57088  0.35868 -0.71111  0.28342  0.68905 -0.14417
 -0.19657] Action: 2
DEBUG :: process ::  State: 12 Output layer: [-1.61072  1.1112   1.20008 -1.26687 -0.30567  1.23929  0.76503 -1.50324
 -0.59325] Action: 5
DEBUG :: process ::  State: 13 Output layer: [-1.15746 -0.3615  -0.42118 -1.53284 -0.1375   0.40754 -0.36206  0.11464
 -0.42322] Action: 5
DEBUG :: process ::  State: 14 Output layer: [ 1.05765 -0.47771  1.09489  0.66522 -0.08915  1.55617  1.16782  0.37157
 -4.2216 ] Action: 5
DEBUG :: process ::  State: 12 Output layer: [-1.31493  1.03504 -0.27234 -0.02434  0.02943  1.36135 -0.29657 -1.76906
 -0.92888] Action: 5
DEBUG :: process ::  State: 13 Output layer: [ 0.09608  1.6097   1.7958   0.14336  0.038    1.67076 -0.19858 -1.70752
 -1.0545 ] Action: 2
DEBUG :: process ::  State: 9 Output layer: [ 0.10864  2.67604  1.61168  0.33966  0.06132  2.35008  0.02676 -1.5968
 -0.98844] Action: 1
DEBUG :: process ::  State: 12 Output layer: [ 0.19906  2.05758 -1.5334  -0.10982 -0.41224 -1.43729  0.18923 -1.72209
  0.54492] Action: 1
DEBUG :: process ::  State: 7 Output layer: [ 0.23024  2.0146  -1.17998  0.7195   0.02878 -1.32388  0.08634 -0.7195
  0.5756 ] Action: 1
DEBUG :: process ::  State: 2 Output layer: [ 0.24884  1.76204 -0.74308  0.9434   0.34346 -0.97364 -0.15622 -0.56648
  0.50344] Action: 1
DEBUG :: process ::  State: 12 Output layer: [-0.62158  0.24873  0.03591 -1.76712  0.92177 -0.11654  0.35384  0.49064
 -0.45327] Action: 4
DEBUG :: process ::  State: 12 Output layer: [-0.62158  0.24873  0.03591 -1.76712  0.92177 -0.11654  0.35384  0.49064
 -0.45327] Action: 4
DEBUG :: process ::  State: 12 Output layer: [-0.62158  0.24873  0.03591 -1.76712  0.92177 -0.11654  0.35384  0.49064
 -0.45327] Action: 4
DEBUG :: process ::  State: 12 Output layer: [-0.62158  0.24873  0.03591 -1.76712  0.92177 -0.11654  0.35384  0.49064
 -0.45327] Action: 4
DEBUG :: process ::  State: 12 Output layer: [-0.62158  0.24873  0.03591 -1.76712  0.92177 -0.11654  0.35384  0.49064
 -0.45327] Action: 4
DEBUG :: process ::  State: 12 Output layer: [-0.62158  0.24873  0.03591 -1.76712  0.92177 -0.11654  0.35384  0.49064
 -0.45327] Action: 4
DEBUG :: process ::  State: 12 Output layer: [-0.62158  0.24873  0.03591 -1.76712  0.92177 -0.11654  0.35384  0.49064
 -0.45327] Action: 4
DEBUG :: process ::  State: 12 Output layer: [-0.62158  0.24873  0.03591 -1.76712  0.92177 -0.11654  0.35384  0.49064
 -0.45327] Action: 4
DEBUG :: process ::  State: 12 Output layer: [-0.62158  0.24873  0.03591 -1.76712  0.92177 -0.11654  0.35384  0.49064
 -0.45327] Action: 4
DEBUG :: process ::  State: 12 Output layer: [-0.62158  0.24873  0.03591 -1.76712  0.92177 -0.11654  0.35384  0.49064
 -0.45327] Action: 4
DEBUG :: process ::  State: 12 Output layer: [-0.25601  0.91706 -0.99781  0.10739  1.39404 -1.13954  0.56072  0.26291
  1.02479] Action: 4
DEBUG :: process ::  State: 12 Output layer: [-0.25601  0.91706 -0.99781  0.10739  1.39404 -1.13954  0.56072  0.26291
  1.02479] Action: 4
DEBUG :: process ::  State: 12 Output layer: [-0.25601  0.91706 -0.99781  0.10739  1.39404 -1.13954  0.56072  0.26291
  1.02479] Action: 4
DEBUG :: process ::  State: 12 Output layer: [-0.25601  0.91706 -0.99781  0.10739  1.39404 -1.13954  0.56072  0.26291
  1.02479] Action: 4
DEBUG :: process ::  State: 12 Output layer: [-0.25601  0.91706 -0.99781  0.10739  1.39404 -1.13954  0.56072  0.26291
  1.02479] Action: 4
DEBUG :: process ::  State: 12 Output layer: [-0.25601  0.91706 -0.99781  0.10739  1.39404 -1.13954  0.56072  0.26291
  1.02479] Action: 4
DEBUG :: process ::  State: 12 Output layer: [-0.25601  0.91706 -0.99781  0.10739  1.39404 -1.13954  0.56072  0.26291
  1.02479] Action: 4
DEBUG :: process ::  State: 12 Output layer: [-0.25601  0.91706 -0.99781  0.10739  1.39404 -1.13954  0.56072  0.26291
  1.02479] Action: 4
DEBUG :: process ::  State: 12 Output layer: [-0.25601  0.91706 -0.99781  0.10739  1.39404 -1.13954  0.56072  0.26291
  1.02479] Action: 4
DEBUG :: process ::  State: 12 Output layer: [-0.25601  0.91706 -0.99781  0.10739  1.39404 -1.13954  0.56072  0.26291
  1.02479] Action: 4
DEBUG :: process ::  State: 12 Output layer: [-0.27958  0.84652  0.61527 -0.29044  0.03161  0.38676 -0.5326   0.77087
  0.17655] Action: 1
DEBUG :: process ::  State: 7 Output layer: [-0.20042  0.14822  0.59158 -0.18352 -0.23672 -0.24008  0.68182  0.63614
 -0.64972] Action: 6
DEBUG :: process ::  State: 11 Output layer: [-0.47662  0.32914  0.683   -0.24124 -0.10436 -0.02036  0.14002  0.75118
 -0.5182 ] Action: 7
DEBUG :: process ::  State: 16 Output layer: [-0.68018  0.13952  0.76984 -0.13798  0.0213  -0.08176 -0.10106  0.85678
 -0.55662] Action: 7
DEBUG :: process ::  State: 21 Output layer: [-1.75508  0.71826  1.82852 -0.6381   0.4766  -0.12066 -1.38028  2.35038
 -0.44292] Action: 7
DEBUG :: process ::  State: 12 Output layer: [-0.62927  1.06641  0.53352 -0.31192 -1.63192  1.26059  0.7622  -0.96127
  0.14891] Action: 5
DEBUG :: process ::  State: 13 Output layer: [-0.81126  0.12078  0.86998 -0.37176 -1.1856   0.32958  0.13406  0.21974
  0.04594] Action: 2
DEBUG :: process ::  State: 9 Output layer: [-0.55696 -0.3348   0.24702  0.09654 -0.924    0.3871   0.94468  0.36058
  0.18806] Action: 6
DEBUG :: process ::  State: 13 Output layer: [-0.81126  0.12078  0.86998 -0.37176 -1.1856   0.32958  0.13406  0.21974
  0.04594] Action: 2
DEBUG :: process ::  State: 9 Output layer: [-0.55696 -0.3348   0.24702  0.09654 -0.924    0.3871   0.94468  0.36058
  0.18806] Action: 6
DEBUG :: process ::  State: 13 Output layer: [-0.81126  0.12078  0.86998 -0.37176 -1.1856   0.32958  0.13406  0.21974
  0.04594] Action: 2
DEBUG :: process ::  State: 9 Output layer: [-0.55696 -0.3348   0.24702  0.09654 -0.924    0.3871   0.94468  0.36058
  0.18806] Action: 6
DEBUG :: process ::  State: 13 Output layer: [-0.81126  0.12078  0.86998 -0.37176 -1.1856   0.32958  0.13406  0.21974
  0.04594] Action: 2
DEBUG :: process ::  State: 9 Output layer: [-0.55696 -0.3348   0.24702  0.09654 -0.924    0.3871   0.94468  0.36058
  0.18806] Action: 6
DEBUG :: process ::  State: 13 Output layer: [-0.81126  0.12078  0.86998 -0.37176 -1.1856   0.32958  0.13406  0.21974
  0.04594] Action: 2
DEBUG :: process ::  State: 12 Output layer: [ 0.83826 -0.04602 -0.3802  -1.46628  0.27377  0.16915 -0.02662  0.58608
 -0.15164] Action: 0
DEBUG :: process ::  State: 6 Output layer: [ 1.11048 -0.02104 -0.3609  -1.71086  0.65048  0.48518 -0.0349   0.88582
 -0.31508] Action: 0
DEBUG :: process ::  State: 12 Output layer: [ 0.4922   0.44423  0.21824  0.43615 -0.0249   0.5538  -1.14706 -0.34011
  0.31671] Action: 5
DEBUG :: process ::  State: 13 Output layer: [ 0.554   -0.07758  0.16834  0.13268 -0.37496 -0.30906 -0.49312 -0.63378
  0.1795 ] Action: 0
DEBUG :: process ::  State: 7 Output layer: [ 1.04196  0.0893   0.14034  0.27808 -0.36128  0.00352 -0.88174 -0.69448
  0.3381 ] Action: 0
DEBUG :: process ::  State: 1 Output layer: [ 1.20056  0.55033  0.40093  0.28377 -0.34114 -0.26191 -0.83565 -0.59357
  0.4244 ] Action: 0
DEBUG :: process ::  State: 12 Output layer: [-0.63552  0.20005 -1.54979  0.57098 -0.7113  -0.85531 -0.07658  0.45666
 -0.94341] Action: 3
DEBUG :: process ::  State: 11 Output layer: [-0.3525  -0.73064 -0.34022  0.06632  0.0058   0.29408  0.54544  0.40726
  0.10924] Action: 6
DEBUG :: process ::  State: 15 Output layer: [-0.48272 -0.11103 -0.3478   0.27618 -0.25168 -0.05473  0.3978   0.1863
  0.36046] Action: 6
DEBUG :: process ::  State: 12 Output layer: [-0.18045 -0.12922 -0.29033  0.09312  0.31952 -0.25669  0.24895 -0.08823
  0.5331 ] Action: 8
DEBUG :: process ::  State: 18 Output layer: [-0.37897  0.21355 -0.14793  0.15492  0.28787 -0.65841 -0.45202 -0.54283
  0.3598 ] Action: 8
DEBUG :: process ::  State: 24 Output layer: [ 0.03051  0.32289  0.11344 -0.32936  0.06557 -0.51803 -1.06951  0.0464
 -0.23787] Action: 1
DEBUG :: process ::  State: 19 Output layer: [-0.70025  0.29088  0.18161  0.03075 -0.24038 -0.3558  -1.58644  0.16503
  0.29012] Action: 1
DEBUG :: process ::  State: 14 Output layer: [-0.60036  0.14772  0.16203  0.08076 -0.24096 -0.19367 -1.21501  0.27183
  0.22606] Action: 7
DEBUG :: process ::  State: 19 Output layer: [-0.70025  0.29088  0.18161  0.03075 -0.24038 -0.3558  -1.58644  0.16503
  0.29012] Action: 1
DEBUG :: process ::  State: 14 Output layer: [-0.60036  0.14772  0.16203  0.08076 -0.24096 -0.19367 -1.21501  0.27183
  0.22606] Action: 7
DEBUG :: process ::  State: 19 Output layer: [-0.70025  0.29088  0.18161  0.03075 -0.24038 -0.3558  -1.58644  0.16503
  0.29012] Action: 1
DEBUG :: process ::  State: 14 Output layer: [-0.60036  0.14772  0.16203  0.08076 -0.24096 -0.19367 -1.21501  0.27183
  0.22606] Action: 7
DEBUG :: process ::  State: 19 Output layer: [-0.70025  0.29088  0.18161  0.03075 -0.24038 -0.3558  -1.58644  0.16503
  0.29012] Action: 1
DEBUG :: process ::  State: 12 Output layer: [ 0.46008 -0.01917 -0.36423  0.24921 -0.42174 -0.09585  0.53676  0.46008
 -0.32589] Action: 6
DEBUG :: process ::  State: 16 Output layer: [-0.16348  0.02838 -0.47746  0.10774 -0.01508  0.19846  0.02676  0.11864
 -0.4595 ] Action: 5
DEBUG :: process ::  State: 17 Output layer: [-0.26862 -0.01628 -0.17094  0.31746 -0.0814   0.14652 -0.31746  0.06512
 -0.41514] Action: 3
DEBUG :: process ::  State: 16 Output layer: [-0.16348  0.02838 -0.47746  0.10774 -0.01508  0.19846  0.02676  0.11864
 -0.4595 ] Action: 5
DEBUG :: process ::  State: 17 Output layer: [-0.26862 -0.01628 -0.17094  0.31746 -0.0814   0.14652 -0.31746  0.06512
 -0.41514] Action: 3
DEBUG :: process ::  State: 16 Output layer: [-0.16348  0.02838 -0.47746  0.10774 -0.01508  0.19846  0.02676  0.11864
 -0.4595 ] Action: 5
DEBUG :: process ::  State: 17 Output layer: [-0.26862 -0.01628 -0.17094  0.31746 -0.0814   0.14652 -0.31746  0.06512
 -0.41514] Action: 3
DEBUG :: process ::  State: 16 Output layer: [-0.16348  0.02838 -0.47746  0.10774 -0.01508  0.19846  0.02676  0.11864
 -0.4595 ] Action: 5
DEBUG :: process ::  State: 17 Output layer: [-0.26862 -0.01628 -0.17094  0.31746 -0.0814   0.14652 -0.31746  0.06512
 -0.41514] Action: 3
DEBUG :: process ::  State: 16 Output layer: [-0.16348  0.02838 -0.47746  0.10774 -0.01508  0.19846  0.02676  0.11864
 -0.4595 ] Action: 5
DEBUG :: process ::  State: 12 Output layer: [ 0.4713339  0.9879638  2.0796117 -0.8414656  0.7530945  1.1506363
 -1.867272   0.1501066 -0.5279499] Action: 2
DEBUG :: process ::  State: 8 Output layer: [-0.0011216  0.543975   0.7951872 -0.5678116  0.556348   0.2541388
 -0.4184356 -0.0318871 -0.3142308] Action: 2
DEBUG :: process ::  State: 12 Output layer: [-0.14584  0.07446 -0.26794  0.01536 -0.1903  -1.09207  0.65128 -1.26986
  0.93588] Action: 8
DEBUG :: process ::  State: 18 Output layer: [-0.06602 -0.05925 -0.11636  0.17271 -0.33203 -0.75855  0.64624 -0.8523
  0.60459] Action: 6
DEBUG :: process ::  State: 22 Output layer: [-0.10402 -0.89384  0.17857  0.58607 -1.64523 -0.21667  0.85178 -0.58324
  0.92364] Action: 8
DEBUG :: process ::  State: 12 Output layer: [ 0.11055 -0.7147   0.31731 -1.12748 -0.1358   0.29874 -0.12793  0.15503
 -0.73066] Action: 2
DEBUG :: process ::  State: 8 Output layer: [ 0.01003 -1.40427  0.40986 -0.67333  0.4674   0.39454  0.60848  0.0609
 -0.45158] Action: 6
DEBUG :: process ::  State: 12 Output layer: [ 0.11055 -0.7147   0.31731 -1.12748 -0.1358   0.29874 -0.12793  0.15503
 -0.73066] Action: 2
DEBUG :: process ::  State: 8 Output layer: [ 0.01003 -1.40427  0.40986 -0.67333  0.4674   0.39454  0.60848  0.0609
 -0.45158] Action: 6
DEBUG :: process ::  State: 12 Output layer: [ 0.11055 -0.7147   0.31731 -1.12748 -0.1358   0.29874 -0.12793  0.15503
 -0.73066] Action: 2
DEBUG :: process ::  State: 8 Output layer: [ 0.01003 -1.40427  0.40986 -0.67333  0.4674   0.39454  0.60848  0.0609
 -0.45158] Action: 6
DEBUG :: process ::  State: 12 Output layer: [ 0.11055 -0.7147   0.31731 -1.12748 -0.1358   0.29874 -0.12793  0.15503
 -0.73066] Action: 2
DEBUG :: process ::  State: 8 Output layer: [ 0.01003 -1.40427  0.40986 -0.67333  0.4674   0.39454  0.60848  0.0609
 -0.45158] Action: 6
DEBUG :: process ::  State: 12 Output layer: [ 0.11055 -0.7147   0.31731 -1.12748 -0.1358   0.29874 -0.12793  0.15503
 -0.73066] Action: 2
DEBUG :: process ::  State: 8 Output layer: [ 0.01003 -1.40427  0.40986 -0.67333  0.4674   0.39454  0.60848  0.0609
 -0.45158] Action: 6
DEBUG :: process ::  State: 12 Output layer: [-0.47521  0.12316  0.43224  0.12933 -0.44221  0.41095  0.24492  1.00098
  0.1697 ] Action: 7
DEBUG :: process ::  State: 17 Output layer: [-0.63934  0.30548  0.25748  0.19498  0.03426  0.75848 -0.91352  0.36636
  0.12258] Action: 5
DEBUG :: process ::  State: 18 Output layer: [-0.43497  0.19124  0.22538  0.10779 -0.25183  0.65317  0.16374  0.93552
  0.04172] Action: 7
DEBUG :: process ::  State: 23 Output layer: [-1.29133 -0.5529  -0.03393  1.2781   0.60388  1.31227 -0.11605  1.33111
  0.11528] Action: 7
DEBUG :: process ::  State: 12 Output layer: [ 1.87326  0.65481  1.09374 -1.43394 -0.25263 -0.0087   0.08028 -1.1205
  0.15327] Action: 0
DEBUG :: process ::  State: 6 Output layer: [ 1.69168  0.5026   0.84848 -1.75404 -0.06208 -0.48664  0.2514  -0.93228
 -0.08928] Action: 0
DEBUG :: process ::  State: 12 Output layer: [ 0.06492  0.47081  0.62338  1.3018  -1.53267 -1.70935  0.3591   2.13574
 -0.45053] Action: 7
DEBUG :: process ::  State: 17 Output layer: [-0.84436 -0.44102 -0.60986  0.88568  0.7277   0.2816   1.09058  0.49634
  1.57694] Action: 8
DEBUG :: process ::  State: 23 Output layer: [-0.00534  2.79694 -0.13751  0.61507  0.5188  -1.00807  1.83077  0.14473
  0.24853] Action: 1
DEBUG :: process ::  State: 18 Output layer: [ 0.09252  0.63969  0.45966  0.78103 -1.18672 -1.57798  0.73967  1.81224
 -0.51564] Action: 7
DEBUG :: process ::  State: 23 Output layer: [-0.00534  2.79694 -0.13751  0.61507  0.5188  -1.00807  1.83077  0.14473
  0.24853] Action: 1
DEBUG :: process ::  State: 18 Output layer: [ 0.09252  0.63969  0.45966  0.78103 -1.18672 -1.57798  0.73967  1.81224
 -0.51564] Action: 7
DEBUG :: process ::  State: 23 Output layer: [-0.00534  2.79694 -0.13751  0.61507  0.5188  -1.00807  1.83077  0.14473
  0.24853] Action: 1
DEBUG :: process ::  State: 18 Output layer: [ 0.09252  0.63969  0.45966  0.78103 -1.18672 -1.57798  0.73967  1.81224
 -0.51564] Action: 7
DEBUG :: process ::  State: 23 Output layer: [-0.00534  2.79694 -0.13751  0.61507  0.5188  -1.00807  1.83077  0.14473
  0.24853] Action: 1
DEBUG :: process ::  State: 18 Output layer: [ 0.09252  0.63969  0.45966  0.78103 -1.18672 -1.57798  0.73967  1.81224
 -0.51564] Action: 7
DEBUG :: process ::  State: 12 Output layer: [ 2.20623  0.62509 -0.65081 -0.51105 -2.14398 -1.72267 -1.74652 -2.39734
 -2.81867] Action: 0
DEBUG :: process ::  State: 6 Output layer: [ 2.12004  0.3396  -0.53538 -0.67508 -1.8147  -1.6753  -1.83224 -1.89682
 -2.40426] Action: 0
DEBUG :: process ::  State: 12 Output layer: [ 0.72156  0.40011  0.56165  1.10664 -0.14291  0.77315  0.13605  0.00801
 -0.51943] Action: 3
DEBUG :: process ::  State: 11 Output layer: [ 0.43842  0.53416  0.4086   0.69776 -0.39148  0.269   -0.12524 -0.04314
 -0.76362] Action: 3
DEBUG :: process ::  State: 10 Output layer: [ 0.27502  0.48339  0.41848  0.32219 -0.15374  0.17522 -0.08547 -0.19477
 -0.34634] Action: 1
DEBUG :: process ::  State: 5 Output layer: [ 0.50346  0.76073  0.78371 -0.11064  0.04867  0.01381 -0.29701 -0.11883
 -0.09683] Action: 2
DEBUG :: process ::  State: 1 Output layer: [ 0.97016  0.86406  1.09011  0.18298  0.15241  0.31469 -0.2913   0.11524
 -0.10878] Action: 2
DEBUG :: process ::  State: 12 Output layer: [-1.16616  0.74307 -0.02738  0.95242 -0.10725  0.0367   1.39231 -1.53004
 -0.7493 ] Action: 6
DEBUG :: process ::  State: 16 Output layer: [-0.4697  -0.28294  0.3172   0.33614  0.08998 -0.84722  0.05256 -0.869
 -0.71084] Action: 3
DEBUG :: process ::  State: 15 Output layer: [-0.54531 -0.44771  0.14284  0.27215  0.16477 -0.64099 -0.1893  -0.62571
 -0.61669] Action: 3
DEBUG :: process ::  State: 12 Output layer: [-0.32224  0.06418 -2.03754 -2.0257   0.16517 -1.77671 -2.42363  0.57811
 -1.10336] Action: 7
DEBUG :: process ::  State: 17 Output layer: [ 0.54272  0.14948  0.00384 -0.95378  0.20326 -1.22382 -1.20992  0.50148
  0.34552] Action: 0
DEBUG :: process ::  State: 11 Output layer: [ 0.55452  0.16082  0.009   -0.91386  0.23886 -1.2294  -1.12054  0.44864
  0.50894] Action: 0
DEBUG :: process ::  State: 5 Output layer: [ 0.41231  0.24678  0.19092 -0.61139  0.27553 -1.14354 -0.91354  0.67009
  1.15772] Action: 8
DEBUG :: process ::  State: 11 Output layer: [ 0.55452  0.16082  0.009   -0.91386  0.23886 -1.2294  -1.12054  0.44864
  0.50894] Action: 0
DEBUG :: process ::  State: 5 Output layer: [ 0.41231  0.24678  0.19092 -0.61139  0.27553 -1.14354 -0.91354  0.67009
  1.15772] Action: 8
DEBUG :: process ::  State: 11 Output layer: [ 0.55452  0.16082  0.009   -0.91386  0.23886 -1.2294  -1.12054  0.44864
  0.50894] Action: 0
DEBUG :: process ::  State: 5 Output layer: [ 0.41231  0.24678  0.19092 -0.61139  0.27553 -1.14354 -0.91354  0.67009
  1.15772] Action: 8
DEBUG :: process ::  State: 11 Output layer: [ 0.55452  0.16082  0.009   -0.91386  0.23886 -1.2294  -1.12054  0.44864
  0.50894] Action: 0
DEBUG :: process ::  State: 5 Output layer: [ 0.41231  0.24678  0.19092 -0.61139  0.27553 -1.14354 -0.91354  0.67009
  1.15772] Action: 8
DEBUG :: process ::  State: 12 Output layer: [ 0.12806  1.29204  0.20136 -1.32882  0.69627 -0.14363  0.27844  0.15264
 -0.82029] Action: 1
DEBUG :: process ::  State: 7 Output layer: [ 0.08558  0.39844 -0.74478 -0.43506  0.41854 -0.54262 -0.67056  0.25964
  0.00936] Action: 4
DEBUG :: process ::  State: 7 Output layer: [ 0.08558  0.39844 -0.74478 -0.43506  0.41854 -0.54262 -0.67056  0.25964
  0.00936] Action: 4
DEBUG :: process ::  State: 7 Output layer: [ 0.08558  0.39844 -0.74478 -0.43506  0.41854 -0.54262 -0.67056  0.25964
  0.00936] Action: 4
DEBUG :: process ::  State: 7 Output layer: [ 0.08558  0.39844 -0.74478 -0.43506  0.41854 -0.54262 -0.67056  0.25964
  0.00936] Action: 4
DEBUG :: process ::  State: 7 Output layer: [ 0.08558  0.39844 -0.74478 -0.43506  0.41854 -0.54262 -0.67056  0.25964
  0.00936] Action: 4
DEBUG :: process ::  State: 7 Output layer: [ 0.08558  0.39844 -0.74478 -0.43506  0.41854 -0.54262 -0.67056  0.25964
  0.00936] Action: 4
DEBUG :: process ::  State: 7 Output layer: [ 0.08558  0.39844 -0.74478 -0.43506  0.41854 -0.54262 -0.67056  0.25964
  0.00936] Action: 4
DEBUG :: process ::  State: 7 Output layer: [ 0.08558  0.39844 -0.74478 -0.43506  0.41854 -0.54262 -0.67056  0.25964
  0.00936] Action: 4
DEBUG :: process ::  State: 7 Output layer: [ 0.08558  0.39844 -0.74478 -0.43506  0.41854 -0.54262 -0.67056  0.25964
  0.00936] Action: 4
DEBUG :: process ::  State: 12 Output layer: [-1.16311  0.48086 -0.06638  1.65203  1.30336  1.63039  0.04927  0.016
  1.4093 ] Action: 3
DEBUG :: process ::  State: 11 Output layer: [-0.40564 -1.60604 -0.50852  0.0252   1.5004   0.15956 -0.76708 -0.13668
 -0.32268] Action: 4
DEBUG :: process ::  State: 11 Output layer: [-0.40564 -1.60604 -0.50852  0.0252   1.5004   0.15956 -0.76708 -0.13668
 -0.32268] Action: 4
DEBUG :: process ::  State: 11 Output layer: [-0.40564 -1.60604 -0.50852  0.0252   1.5004   0.15956 -0.76708 -0.13668
 -0.32268] Action: 4
DEBUG :: process ::  State: 11 Output layer: [-0.40564 -1.60604 -0.50852  0.0252   1.5004   0.15956 -0.76708 -0.13668
 -0.32268] Action: 4
DEBUG :: process ::  State: 11 Output layer: [-0.40564 -1.60604 -0.50852  0.0252   1.5004   0.15956 -0.76708 -0.13668
 -0.32268] Action: 4
DEBUG :: process ::  State: 11 Output layer: [-0.40564 -1.60604 -0.50852  0.0252   1.5004   0.15956 -0.76708 -0.13668
 -0.32268] Action: 4
DEBUG :: process ::  State: 11 Output layer: [-0.40564 -1.60604 -0.50852  0.0252   1.5004   0.15956 -0.76708 -0.13668
 -0.32268] Action: 4
DEBUG :: process ::  State: 11 Output layer: [-0.40564 -1.60604 -0.50852  0.0252   1.5004   0.15956 -0.76708 -0.13668
 -0.32268] Action: 4
DEBUG :: process ::  State: 11 Output layer: [-0.40564 -1.60604 -0.50852  0.0252   1.5004   0.15956 -0.76708 -0.13668
 -0.32268] Action: 4
DEBUG :: process ::  State: 12 Output layer: [ 2.51671 -1.55399 -0.26617 -0.2553   2.14005  1.5858   0.58568  0.79607
 -0.02021] Action: 0
DEBUG :: process ::  State: 6 Output layer: [ 2.2574  -1.672   -0.2586  -0.31744  2.11076  1.60436  0.76924  0.52556
  0.10172] Action: 0
DEBUG :: process ::  State: 12 Output layer: [ 2.35913  0.24548 -0.84835  1.23106  1.08769  2.04552  0.25942  0.91563
  0.30707] Action: 0
DEBUG :: process ::  State: 6 Output layer: [ 2.21932 -0.6966  -2.49134  1.54288  1.43662  3.11554  0.08692  0.7335
  0.67558] Action: 5
DEBUG :: process ::  State: 7 Output layer: [ 0.47324 -0.45274 -1.80768  1.14478  1.7072   1.6263  -0.4938   0.13696
  0.69112] Action: 4
DEBUG :: process ::  State: 7 Output layer: [ 0.47324 -0.45274 -1.80768  1.14478  1.7072   1.6263  -0.4938   0.13696
  0.69112] Action: 4
DEBUG :: process ::  State: 7 Output layer: [ 0.47324 -0.45274 -1.80768  1.14478  1.7072   1.6263  -0.4938   0.13696
  0.69112] Action: 4
DEBUG :: process ::  State: 7 Output layer: [ 0.47324 -0.45274 -1.80768  1.14478  1.7072   1.6263  -0.4938   0.13696
  0.69112] Action: 4
DEBUG :: process ::  State: 7 Output layer: [ 0.47324 -0.45274 -1.80768  1.14478  1.7072   1.6263  -0.4938   0.13696
  0.69112] Action: 4
DEBUG :: process ::  State: 7 Output layer: [ 0.47324 -0.45274 -1.80768  1.14478  1.7072   1.6263  -0.4938   0.13696
  0.69112] Action: 4
DEBUG :: process ::  State: 7 Output layer: [ 0.47324 -0.45274 -1.80768  1.14478  1.7072   1.6263  -0.4938   0.13696
  0.69112] Action: 4
DEBUG :: process ::  State: 7 Output layer: [ 0.47324 -0.45274 -1.80768  1.14478  1.7072   1.6263  -0.4938   0.13696
  0.69112] Action: 4
DEBUG :: process ::  State: 12 Output layer: [ 1.61713  2.01983 -0.23407  0.42971 -1.67481  0.20746  0.99469  0.22698
 -0.83139] Action: 1
DEBUG :: process ::  State: 7 Output layer: [ 0.22026  0.202    0.46404 -0.04918 -0.15644  0.62492  0.57248 -0.06216
 -0.22738] Action: 5
DEBUG :: process ::  State: 8 Output layer: [ 0.26001  0.71107  0.0897   0.08939 -0.18986  0.48791  1.12328  0.32202
 -0.28783] Action: 6
DEBUG :: process ::  State: 12 Output layer: [ 1.61713  2.01983 -0.23407  0.42971 -1.67481  0.20746  0.99469  0.22698
 -0.83139] Action: 1
DEBUG :: process ::  State: 7 Output layer: [ 0.22026  0.202    0.46404 -0.04918 -0.15644  0.62492  0.57248 -0.06216
 -0.22738] Action: 5
DEBUG :: process ::  State: 8 Output layer: [ 0.26001  0.71107  0.0897   0.08939 -0.18986  0.48791  1.12328  0.32202
 -0.28783] Action: 6
DEBUG :: process ::  State: 12 Output layer: [ 1.61713  2.01983 -0.23407  0.42971 -1.67481  0.20746  0.99469  0.22698
 -0.83139] Action: 1
DEBUG :: process ::  State: 7 Output layer: [ 0.22026  0.202    0.46404 -0.04918 -0.15644  0.62492  0.57248 -0.06216
 -0.22738] Action: 5
DEBUG :: process ::  State: 8 Output layer: [ 0.26001  0.71107  0.0897   0.08939 -0.18986  0.48791  1.12328  0.32202
 -0.28783] Action: 6
DEBUG :: process ::  State: 12 Output layer: [ 1.61713  2.01983 -0.23407  0.42971 -1.67481  0.20746  0.99469  0.22698
 -0.83139] Action: 1
DEBUG :: process ::  State: 12 Output layer: [ 0.07875 -3.47805  0.19662 -2.42505  2.92698  2.88825 -2.74408 -0.36584
 -1.52171] Action: 4
DEBUG :: process ::  State: 12 Output layer: [ 0.07875 -3.47805  0.19662 -2.42505  2.92698  2.88825 -2.74408 -0.36584
 -1.52171] Action: 4
DEBUG :: process ::  State: 12 Output layer: [ 0.07875 -3.47805  0.19662 -2.42505  2.92698  2.88825 -2.74408 -0.36584
 -1.52171] Action: 4
DEBUG :: process ::  State: 12 Output layer: [ 0.07875 -3.47805  0.19662 -2.42505  2.92698  2.88825 -2.74408 -0.36584
 -1.52171] Action: 4
DEBUG :: process ::  State: 12 Output layer: [ 0.07875 -3.47805  0.19662 -2.42505  2.92698  2.88825 -2.74408 -0.36584
 -1.52171] Action: 4
DEBUG :: process ::  State: 12 Output layer: [ 0.07875 -3.47805  0.19662 -2.42505  2.92698  2.88825 -2.74408 -0.36584
 -1.52171] Action: 4
DEBUG :: process ::  State: 12 Output layer: [ 0.07875 -3.47805  0.19662 -2.42505  2.92698  2.88825 -2.74408 -0.36584
 -1.52171] Action: 4
DEBUG :: process ::  State: 12 Output layer: [ 0.07875 -3.47805  0.19662 -2.42505  2.92698  2.88825 -2.74408 -0.36584
 -1.52171] Action: 4
DEBUG :: process ::  State: 12 Output layer: [ 0.07875 -3.47805  0.19662 -2.42505  2.92698  2.88825 -2.74408 -0.36584
 -1.52171] Action: 4
DEBUG :: process ::  State: 12 Output layer: [ 0.07875 -3.47805  0.19662 -2.42505  2.92698  2.88825 -2.74408 -0.36584
 -1.52171] Action: 4
DEBUG :: process ::  State: 12 Output layer: [ 0.19713 -0.39582  0.16444  0.53547 -0.12518 -0.38762  0.61233 -0.6599
 -0.09547] Action: 6
DEBUG :: process ::  State: 16 Output layer: [-0.36706 -0.28562  0.01072  0.36896 -0.35582 -0.66568  0.45256 -0.32596
 -0.13804] Action: 6
DEBUG :: process ::  State: 12 Output layer: [-1.80111 -1.32684 -0.73544 -0.56649  1.66343  0.58127  0.59116  1.83695
 -2.03377] Action: 7
DEBUG :: process ::  State: 17 Output layer: [-0.34614 -0.38348 -0.8623   0.55174  1.54082  0.97582  0.45366  0.51364
 -0.81888] Action: 4
DEBUG :: process ::  State: 17 Output layer: [-0.34614 -0.38348 -0.8623   0.55174  1.54082  0.97582  0.45366  0.51364
 -0.81888] Action: 4
DEBUG :: process ::  State: 17 Output layer: [-0.34614 -0.38348 -0.8623   0.55174  1.54082  0.97582  0.45366  0.51364
 -0.81888] Action: 4
DEBUG :: process ::  State: 17 Output layer: [-0.34614 -0.38348 -0.8623   0.55174  1.54082  0.97582  0.45366  0.51364
 -0.81888] Action: 4
DEBUG :: process ::  State: 17 Output layer: [-0.34614 -0.38348 -0.8623   0.55174  1.54082  0.97582  0.45366  0.51364
 -0.81888] Action: 4
DEBUG :: process ::  State: 17 Output layer: [-0.34614 -0.38348 -0.8623   0.55174  1.54082  0.97582  0.45366  0.51364
 -0.81888] Action: 4
DEBUG :: process ::  State: 17 Output layer: [-0.34614 -0.38348 -0.8623   0.55174  1.54082  0.97582  0.45366  0.51364
 -0.81888] Action: 4
DEBUG :: process ::  State: 17 Output layer: [-0.34614 -0.38348 -0.8623   0.55174  1.54082  0.97582  0.45366  0.51364
 -0.81888] Action: 4
DEBUG :: process ::  State: 17 Output layer: [-0.34614 -0.38348 -0.8623   0.55174  1.54082  0.97582  0.45366  0.51364
 -0.81888] Action: 4
DEBUG :: process ::  State: 12 Output layer: [ 1.48457 -0.17145  2.93165  1.52004 -0.20171 -1.35688  4.85021  0.31383
  1.34469] Action: 6
DEBUG :: process ::  State: 16 Output layer: [ 0.28624  1.25368  2.84016  0.34764 -0.20856 -0.71208  2.59416  1.2209
 -0.38108] Action: 2
DEBUG :: process ::  State: 12 Output layer: [ 1.48457 -0.17145  2.93165  1.52004 -0.20171 -1.35688  4.85021  0.31383
  1.34469] Action: 6
DEBUG :: process ::  State: 16 Output layer: [ 0.28624  1.25368  2.84016  0.34764 -0.20856 -0.71208  2.59416  1.2209
 -0.38108] Action: 2
DEBUG :: process ::  State: 12 Output layer: [ 1.48457 -0.17145  2.93165  1.52004 -0.20171 -1.35688  4.85021  0.31383
  1.34469] Action: 6
DEBUG :: process ::  State: 16 Output layer: [ 0.28624  1.25368  2.84016  0.34764 -0.20856 -0.71208  2.59416  1.2209
 -0.38108] Action: 2
DEBUG :: process ::  State: 12 Output layer: [ 1.48457 -0.17145  2.93165  1.52004 -0.20171 -1.35688  4.85021  0.31383
  1.34469] Action: 6
DEBUG :: process ::  State: 16 Output layer: [ 0.28624  1.25368  2.84016  0.34764 -0.20856 -0.71208  2.59416  1.2209
 -0.38108] Action: 2
DEBUG :: process ::  State: 12 Output layer: [ 1.48457 -0.17145  2.93165  1.52004 -0.20171 -1.35688  4.85021  0.31383
  1.34469] Action: 6
DEBUG :: process ::  State: 16 Output layer: [ 0.28624  1.25368  2.84016  0.34764 -0.20856 -0.71208  2.59416  1.2209
 -0.38108] Action: 2
DEBUG :: process ::  State: 12 Output layer: [-0.67773  0.45675 -0.52781  0.86482 -0.18987  0.10972 -0.05688 -0.55065
 -0.25365] Action: 3
DEBUG :: process ::  State: 11 Output layer: [-0.94292  1.24114 -0.41022  1.25584  0.24518 -0.44684 -0.44078 -1.12048
  0.297  ] Action: 3
DEBUG :: process ::  State: 10 Output layer: [-0.72137  0.91518 -0.28008  1.07124  0.08428 -0.1688  -0.21414 -0.88113
  0.07424] Action: 3
DEBUG :: process ::  State: 12 Output layer: [-0.11917 -1.8354  -1.78643  0.65476 -1.52427 -0.03737  0.64237  0.40994
 -1.35872] Action: 3
DEBUG :: process ::  State: 11 Output layer: [-0.09674  0.23532 -0.66622  0.80522 -0.89284  0.38732  0.06682 -0.1784
 -0.43888] Action: 3
DEBUG :: process ::  State: 10 Output layer: [-0.20831  0.46465  0.09978  0.27856 -0.35969  0.16775  0.0182  -0.39
  0.05498] Action: 1
DEBUG :: process ::  State: 5 Output layer: [-0.25345  0.67736  0.0923   0.36538 -0.46838  0.19052  0.00395 -0.47306
  0.00563] Action: 1
DEBUG :: process ::  State: 12 Output layer: [-0.73346  0.02914 -0.40139  1.64062 -0.13002 -0.18871 -0.8875  -0.65717
  1.44354] Action: 3
DEBUG :: process ::  State: 11 Output layer: [-0.57398  1.97598 -0.04118  0.24758 -1.33082 -0.02268 -0.37934  0.38304
  1.27462] Action: 1
DEBUG :: process ::  State: 6 Output layer: [-0.65484  0.27226 -0.0873   1.28142 -0.37698 -0.14284 -0.67876 -0.503
  1.32124] Action: 8
DEBUG :: process ::  State: 12 Output layer: [-0.73346  0.02914 -0.40139  1.64062 -0.13002 -0.18871 -0.8875  -0.65717
  1.44354] Action: 3
DEBUG :: process ::  State: 11 Output layer: [-0.57398  1.97598 -0.04118  0.24758 -1.33082 -0.02268 -0.37934  0.38304
  1.27462] Action: 1
DEBUG :: process ::  State: 6 Output layer: [-0.65484  0.27226 -0.0873   1.28142 -0.37698 -0.14284 -0.67876 -0.503
  1.32124] Action: 8
DEBUG :: process ::  State: 12 Output layer: [-0.73346  0.02914 -0.40139  1.64062 -0.13002 -0.18871 -0.8875  -0.65717
  1.44354] Action: 3
DEBUG :: process ::  State: 11 Output layer: [-0.57398  1.97598 -0.04118  0.24758 -1.33082 -0.02268 -0.37934  0.38304
  1.27462] Action: 1
DEBUG :: process ::  State: 6 Output layer: [-0.65484  0.27226 -0.0873   1.28142 -0.37698 -0.14284 -0.67876 -0.503
  1.32124] Action: 8
DEBUG :: process ::  State: 12 Output layer: [-0.73346  0.02914 -0.40139  1.64062 -0.13002 -0.18871 -0.8875  -0.65717
  1.44354] Action: 3
DEBUG :: process ::  State: 12 Output layer: [-1.23488 -0.31618  1.31243 -0.63617  0.27594  1.58853 -0.36058 -0.62288
  1.12834] Action: 5
DEBUG :: process ::  State: 13 Output layer: [-0.6133  -0.8085   0.38918  0.12802  1.00502 -0.04844 -0.69884 -1.14832
 -0.28904] Action: 4
DEBUG :: process ::  State: 13 Output layer: [-0.6133  -0.8085   0.38918  0.12802  1.00502 -0.04844 -0.69884 -1.14832
 -0.28904] Action: 4
DEBUG :: process ::  State: 13 Output layer: [-0.6133  -0.8085   0.38918  0.12802  1.00502 -0.04844 -0.69884 -1.14832
 -0.28904] Action: 4
DEBUG :: process ::  State: 13 Output layer: [-0.6133  -0.8085   0.38918  0.12802  1.00502 -0.04844 -0.69884 -1.14832
 -0.28904] Action: 4
DEBUG :: process ::  State: 13 Output layer: [-0.6133  -0.8085   0.38918  0.12802  1.00502 -0.04844 -0.69884 -1.14832
 -0.28904] Action: 4
DEBUG :: process ::  State: 13 Output layer: [-0.6133  -0.8085   0.38918  0.12802  1.00502 -0.04844 -0.69884 -1.14832
 -0.28904] Action: 4
DEBUG :: process ::  State: 13 Output layer: [-0.6133  -0.8085   0.38918  0.12802  1.00502 -0.04844 -0.69884 -1.14832
 -0.28904] Action: 4
DEBUG :: process ::  State: 13 Output layer: [-0.6133  -0.8085   0.38918  0.12802  1.00502 -0.04844 -0.69884 -1.14832
 -0.28904] Action: 4
DEBUG :: process ::  State: 13 Output layer: [-0.6133  -0.8085   0.38918  0.12802  1.00502 -0.04844 -0.69884 -1.14832
 -0.28904] Action: 4
DEBUG :: process ::  State: 12 Output layer: [-0.25503 -1.00002 -0.43269  1.66593  0.41357 -1.96335  1.22158 -2.03073
 -1.39391] Action: 3
DEBUG :: process ::  State: 11 Output layer: [-0.42032 -0.86556 -0.3389   0.68404  0.61654 -0.80656  0.50866 -1.01066
  0.06082] Action: 3
DEBUG :: process ::  State: 10 Output layer: [-0.55581 -0.94374 -0.26688  0.58482  0.47391 -0.7179   0.50082 -1.16775
  0.3171 ] Action: 3
DEBUG :: process ::  State: 12 Output layer: [-0.3801   0.59392  1.29584 -1.21952 -1.08534 -2.2672   2.66325  1.44224
 -0.62942] Action: 6
DEBUG :: process ::  State: 16 Output layer: [-0.30578 -0.3115  -0.0073  -0.53242 -0.22744 -0.18872  0.33198  0.3404
  0.2595 ] Action: 7
DEBUG :: process ::  State: 21 Output layer: [-0.98322 -0.50682  0.40868 -0.6287   0.46966 -0.42842  0.69206  0.07928
 -0.0832 ] Action: 6
DEBUG :: process ::  State: 12 Output layer: [-0.10479  0.01634 -1.07635 -0.29052 -0.56401 -0.4126   0.0369  -0.44583
  1.20355] Action: 8
DEBUG :: process ::  State: 18 Output layer: [ 0.04777 -0.19294 -1.73687 -0.2601  -0.70335 -1.54592  0.3088  -0.12657
  1.32831] Action: 8
DEBUG :: process ::  State: 24 Output layer: [ 0.04848  0.20784 -0.76684 -0.72531 -0.44483  0.04232  0.64524 -0.183
  1.67494] Action: 8
DEBUG :: process ::  State: 12 Output layer: [-1.0219  -1.50934 -0.41311 -0.01276  2.30593 -0.55639  3.11189  2.4744
 -0.00388] Action: 6
DEBUG :: process ::  State: 16 Output layer: [-0.15172 -0.69462 -0.49702  0.84356  0.90288  0.14672  1.18108  0.43096
 -0.27008] Action: 6
DEBUG :: process ::  State: 12 Output layer: [ 1.33555 -0.02765 -0.63991 -0.37063  2.19446  0.414   -0.47729  0.34923
  0.40589] Action: 4
DEBUG :: process ::  State: 12 Output layer: [ 1.33555 -0.02765 -0.63991 -0.37063  2.19446  0.414   -0.47729  0.34923
  0.40589] Action: 4
DEBUG :: process ::  State: 12 Output layer: [ 1.33555 -0.02765 -0.63991 -0.37063  2.19446  0.414   -0.47729  0.34923
  0.40589] Action: 4
DEBUG :: process ::  State: 12 Output layer: [ 1.33555 -0.02765 -0.63991 -0.37063  2.19446  0.414   -0.47729  0.34923
  0.40589] Action: 4
DEBUG :: process ::  State: 12 Output layer: [ 1.33555 -0.02765 -0.63991 -0.37063  2.19446  0.414   -0.47729  0.34923
  0.40589] Action: 4
DEBUG :: process ::  State: 12 Output layer: [ 1.33555 -0.02765 -0.63991 -0.37063  2.19446  0.414   -0.47729  0.34923
  0.40589] Action: 4
DEBUG :: process ::  State: 12 Output layer: [ 1.33555 -0.02765 -0.63991 -0.37063  2.19446  0.414   -0.47729  0.34923
  0.40589] Action: 4
DEBUG :: process ::  State: 12 Output layer: [ 1.33555 -0.02765 -0.63991 -0.37063  2.19446  0.414   -0.47729  0.34923
  0.40589] Action: 4
DEBUG :: process ::  State: 12 Output layer: [ 1.33555 -0.02765 -0.63991 -0.37063  2.19446  0.414   -0.47729  0.34923
  0.40589] Action: 4
DEBUG :: process ::  State: 12 Output layer: [ 1.33555 -0.02765 -0.63991 -0.37063  2.19446  0.414   -0.47729  0.34923
  0.40589] Action: 4
DEBUG :: process ::  State: 12 Output layer: [-0.40618  0.86504  1.15245  1.38307 -0.5068   0.88595 -0.37379 -0.82785
  2.94193] Action: 8
DEBUG :: process ::  State: 18 Output layer: [-0.42224  1.04722  1.20972  1.00426 -0.48747  0.79644 -1.16383 -0.82969
  3.00235] Action: 8
DEBUG :: process ::  State: 24 Output layer: [-0.0176   0.30067  0.20498  0.49757 -0.12205  0.27102  0.03065 -0.22001
  0.8564 ] Action: 8
DEBUG :: process ::  State: 12 Output layer: [-0.41564 -2.05725  0.74068 -0.24706  0.08556  0.1534   0.50956  0.42654
 -1.27591] Action: 2
DEBUG :: process ::  State: 8 Output layer: [ 0.03606 -1.05486  0.31937 -0.02733  0.19146  0.16166  0.51532  0.54995
 -0.32451] Action: 7
DEBUG :: process ::  State: 13 Output layer: [-0.26606 -1.50196  0.1413  -0.05214  0.20084  0.1625   0.58458  0.5913
 -0.48536] Action: 7
DEBUG :: process ::  State: 18 Output layer: [-0.85982 -2.21238 -0.34699 -0.05013  0.28294  0.108    0.8197   0.29545
 -0.68357] Action: 6
DEBUG :: process ::  State: 22 Output layer: [-1.22859 -2.20704 -0.85651  0.01074  0.25602  0.08792  0.6963   0.60896
 -0.47228] Action: 6
DEBUG :: process ::  State: 12 Output layer: [ 1.63194  1.63134  0.37728  3.0077   0.75072 -1.27914  0.22724  0.84244
  2.0005 ] Action: 3
DEBUG :: process ::  State: 11 Output layer: [ 0.51348  0.76202  0.1381   1.61766  0.00602 -0.52442  0.29212  0.84136
  0.66042] Action: 3
DEBUG :: process ::  State: 10 Output layer: [ 0.14036  0.53827 -0.25957  0.77351  0.02853 -0.30871  0.20396  0.39976
  0.5288 ] Action: 3
DEBUG :: process ::  State: 12 Output layer: [-0.0048   0.52387  0.34923 -2.48059 -0.78473 -1.00572 -1.06286  4.50683
  1.98153] Action: 7
DEBUG :: process ::  State: 17 Output layer: [-0.52902 -0.1146   0.16954 -0.9003  -0.35774 -0.80282 -0.18066  1.92722
  0.6976 ] Action: 7
DEBUG :: process ::  State: 22 Output layer: [ 1.09905 -0.32704  0.71116 -1.20636  0.32669 -2.47066 -2.35836  1.43651
  1.69312] Action: 8
DEBUG :: process ::  State: 12 Output layer: [ 0.43749  1.24129  2.12066  0.38011 -0.92894 -0.92755  0.04771 -1.19314
 -0.15476] Action: 2
DEBUG :: process ::  State: 8 Output layer: [ 0.2919   0.72725  0.78771 -1.00724 -0.23462 -0.55082 -0.36986  0.18398
  0.41739] Action: 2
DEBUG :: process ::  State: 12 Output layer: [ 1.23726  1.35436  1.19013  0.69976 -0.30092 -0.17075  1.43201 -1.39901
  0.16335] Action: 6
DEBUG :: process ::  State: 16 Output layer: [ 0.13876  0.23362 -0.29902  0.59632  0.48904  1.47308 -0.10768  0.58118
  0.41588] Action: 5
DEBUG :: process ::  State: 17 Output layer: [ 0.0657  -0.14292 -0.27452  0.3926  -0.01096  0.56656 -0.21074 -0.1573
  0.8866 ] Action: 8
DEBUG :: process ::  State: 23 Output layer: [-1.59629  0.86574  1.27229 -0.08828 -0.85708 -1.71383 -0.36718 -2.98782
  1.32823] Action: 8
DEBUG :: process ::  State: 12 Output layer: [-1.37728  1.97055 -2.00008  2.04966  1.37799 -0.51896 -1.08615  0.28531
  2.90879] Action: 8
DEBUG :: process ::  State: 18 Output layer: [-0.89139  1.76665 -1.93905  1.98225  1.30065 -0.66483 -1.21965  0.09259
  2.87289] Action: 8
DEBUG :: process ::  State: 24 Output layer: [-0.10724  0.83189 -0.55697  0.71674  0.3852  -0.40635 -0.12541 -0.14983
  0.6861 ] Action: 1
DEBUG :: process ::  State: 19 Output layer: [ 0.59313  0.2087  -0.04694  0.11906 -0.16126  0.04291  0.0719  -0.55343
 -0.01311] Action: 0
DEBUG :: process ::  State: 13 Output layer: [-0.55826  0.5802  -0.96094  0.9137   0.7162  -0.22426 -0.61564  0.42216
  1.00748] Action: 8
DEBUG :: process ::  State: 19 Output layer: [ 0.59313  0.2087  -0.04694  0.11906 -0.16126  0.04291  0.0719  -0.55343
 -0.01311] Action: 0
DEBUG :: process ::  State: 13 Output layer: [-0.55826  0.5802  -0.96094  0.9137   0.7162  -0.22426 -0.61564  0.42216
  1.00748] Action: 8
DEBUG :: process ::  State: 19 Output layer: [ 0.59313  0.2087  -0.04694  0.11906 -0.16126  0.04291  0.0719  -0.55343
 -0.01311] Action: 0
DEBUG :: process ::  State: 13 Output layer: [-0.55826  0.5802  -0.96094  0.9137   0.7162  -0.22426 -0.61564  0.42216
  1.00748] Action: 8
DEBUG :: process ::  State: 19 Output layer: [ 0.59313  0.2087  -0.04694  0.11906 -0.16126  0.04291  0.0719  -0.55343
 -0.01311] Action: 0
DEBUG :: process ::  State: 12 Output layer: [-1.2019326  1.6760928 -1.3960858  1.4913138  0.8454198 -0.3335216
 -0.7137972  0.0968126  2.5434544] Action: 8
DEBUG :: process ::  State: 18 Output layer: [-0.8722918  1.4288143 -1.3776713  1.4762496  0.7994893 -0.4136101
 -0.888035   0.0366472  2.3990801] Action: 8
DEBUG :: process ::  State: 24 Output layer: [-0.0428684  0.6084141 -0.4329589  0.5968446  0.2875118 -0.2894149
 -0.0370591 -0.0773228  0.5892497] Action: 1
DEBUG :: process ::  State: 19 Output layer: [ 0.4885179  0.1778898 -0.0302326  0.1728703 -0.1097432  0.1517697
  0.1178249 -0.4762482 -0.0304791] Action: 0
DEBUG :: process ::  State: 13 Output layer: [-0.4516574  0.4623756 -0.7384374  0.7281366  0.5265418 -0.1860504
 -0.4631816  0.3295102  0.8738152] Action: 8
DEBUG :: process ::  State: 19 Output layer: [ 0.4885179  0.1778898 -0.0302326  0.1728703 -0.1097432  0.1517697
  0.1178249 -0.4762482 -0.0304791] Action: 0
DEBUG :: process ::  State: 13 Output layer: [-0.4516574  0.4623756 -0.7384374  0.7281366  0.5265418 -0.1860504
 -0.4631816  0.3295102  0.8738152] Action: 8
DEBUG :: process ::  State: 19 Output layer: [ 0.4885179  0.1778898 -0.0302326  0.1728703 -0.1097432  0.1517697
  0.1178249 -0.4762482 -0.0304791] Action: 0
DEBUG :: process ::  State: 13 Output layer: [-0.4516574  0.4623756 -0.7384374  0.7281366  0.5265418 -0.1860504
 -0.4631816  0.3295102  0.8738152] Action: 8
DEBUG :: process ::  State: 19 Output layer: [ 0.4885179  0.1778898 -0.0302326  0.1728703 -0.1097432  0.1517697
  0.1178249 -0.4762482 -0.0304791] Action: 0
DEBUG :: process ::  State: 12 Output layer: [ 0.64482  0.69834  1.36538  1.1694  -1.64478 -0.72153  0.14746 -0.42009
  0.81121] Action: 2
DEBUG :: process ::  State: 8 Output layer: [ 0.22493 -0.03542  0.27799  1.2604  -1.56038 -0.53935 -0.2176  -0.59487
  0.20653] Action: 3
DEBUG :: process ::  State: 7 Output layer: [ 0.41082  0.10956  0.58342  1.51816 -1.96892 -0.79686 -0.29392 -0.80134
  0.31074] Action: 3
DEBUG :: process ::  State: 6 Output layer: [ 0.73818  0.7181   1.30272  0.8423  -1.61954 -0.89952  0.10174 -0.66208
  1.01442] Action: 2
DEBUG :: process ::  State: 2 Output layer: [ 0.22113 -0.05332  0.28501  0.98434 -1.45558 -0.62389 -0.44408 -0.78341
  0.16855] Action: 3
DEBUG :: process ::  State: 1 Output layer: [ 0.20841  0.0057   0.30104  1.10546 -1.36186 -0.48201 -0.17717 -0.512
  0.18828] Action: 3
DEBUG :: process ::  State: 12 Output layer: [-0.96699  1.6358   2.76121  0.27018  0.70502  1.38546  0.09647  0.37031
 -2.48618] Action: 2
DEBUG :: process ::  State: 8 Output layer: [-0.6495   1.07757  0.21523 -0.39891  0.04576  0.00881 -0.19806 -0.28408
 -1.4827 ] Action: 1
DEBUG :: process ::  State: 3 Output layer: [-0.36077  0.95033  0.17898 -0.52184 -0.08434 -0.06339 -0.06961 -0.34535
 -0.8906 ] Action: 1
DEBUG :: process ::  State: 12 Output layer: [ 0.3057   2.11537 -1.49225 -1.01263  0.00449  1.15728  2.84392 -2.00249
 -0.40349] Action: 6
DEBUG :: process ::  State: 16 Output layer: [ 1.68724  0.7     -0.35722  0.32264 -0.04754  1.55086 -0.0448   0.19908
  0.50564] Action: 0
DEBUG :: process ::  State: 10 Output layer: [ 1.89537  1.09579  0.32005  0.559   -0.31028  1.61541  0.14003 -0.48602
  0.43149] Action: 0
DEBUG :: process ::  State: 12 Output layer: [-0.03926  0.54431  0.00349  0.11814  1.10856  1.10443 -0.02888  1.70246
 -0.62172] Action: 7
DEBUG :: process ::  State: 17 Output layer: [ 0.23102 -0.90286  0.08114 -0.08992 -0.16518  0.2362   0.34252 -0.0075
  0.16716] Action: 6
DEBUG :: process ::  State: 21 Output layer: [-0.27832 -0.565    0.84312 -0.3058   0.44796  0.32144  0.06276  0.72792
  0.21544] Action: 2
DEBUG :: process ::  State: 17 Output layer: [ 0.23102 -0.90286  0.08114 -0.08992 -0.16518  0.2362   0.34252 -0.0075
  0.16716] Action: 6
DEBUG :: process ::  State: 21 Output layer: [-0.27832 -0.565    0.84312 -0.3058   0.44796  0.32144  0.06276  0.72792
  0.21544] Action: 2
DEBUG :: process ::  State: 17 Output layer: [ 0.23102 -0.90286  0.08114 -0.08992 -0.16518  0.2362   0.34252 -0.0075
  0.16716] Action: 6
DEBUG :: process ::  State: 21 Output layer: [-0.27832 -0.565    0.84312 -0.3058   0.44796  0.32144  0.06276  0.72792
  0.21544] Action: 2
DEBUG :: process ::  State: 17 Output layer: [ 0.23102 -0.90286  0.08114 -0.08992 -0.16518  0.2362   0.34252 -0.0075
  0.16716] Action: 6
DEBUG :: process ::  State: 21 Output layer: [-0.27832 -0.565    0.84312 -0.3058   0.44796  0.32144  0.06276  0.72792
  0.21544] Action: 2
DEBUG :: process ::  State: 17 Output layer: [ 0.23102 -0.90286  0.08114 -0.08992 -0.16518  0.2362   0.34252 -0.0075
  0.16716] Action: 6
DEBUG :: process ::  State: 12 Output layer: [-0.05148 -0.00936  0.12636 -0.00468  0.20124 -0.00936 -0.21528 -0.01404
 -0.1404 ] Action: 4
DEBUG :: process ::  State: 12 Output layer: [-0.05148 -0.00936  0.12636 -0.00468  0.20124 -0.00936 -0.21528 -0.01404
 -0.1404 ] Action: 4
DEBUG :: process ::  State: 12 Output layer: [-0.05148 -0.00936  0.12636 -0.00468  0.20124 -0.00936 -0.21528 -0.01404
 -0.1404 ] Action: 4
DEBUG :: process ::  State: 12 Output layer: [-0.05148 -0.00936  0.12636 -0.00468  0.20124 -0.00936 -0.21528 -0.01404
 -0.1404 ] Action: 4
DEBUG :: process ::  State: 12 Output layer: [-0.05148 -0.00936  0.12636 -0.00468  0.20124 -0.00936 -0.21528 -0.01404
 -0.1404 ] Action: 4
DEBUG :: process ::  State: 12 Output layer: [-0.05148 -0.00936  0.12636 -0.00468  0.20124 -0.00936 -0.21528 -0.01404
 -0.1404 ] Action: 4
DEBUG :: process ::  State: 12 Output layer: [-0.05148 -0.00936  0.12636 -0.00468  0.20124 -0.00936 -0.21528 -0.01404
 -0.1404 ] Action: 4
DEBUG :: process ::  State: 12 Output layer: [-0.05148 -0.00936  0.12636 -0.00468  0.20124 -0.00936 -0.21528 -0.01404
 -0.1404 ] Action: 4
DEBUG :: process ::  State: 12 Output layer: [-0.05148 -0.00936  0.12636 -0.00468  0.20124 -0.00936 -0.21528 -0.01404
 -0.1404 ] Action: 4
DEBUG :: process ::  State: 12 Output layer: [-0.05148 -0.00936  0.12636 -0.00468  0.20124 -0.00936 -0.21528 -0.01404
 -0.1404 ] Action: 4
DEBUG :: process ::  State: 12 Output layer: [-0.35034  0.1977  -1.30768  0.14388  0.55008 -0.34598  0.00194  0.03756
  0.503  ] Action: 4
DEBUG :: process ::  State: 12 Output layer: [-0.35034  0.1977  -1.30768  0.14388  0.55008 -0.34598  0.00194  0.03756
  0.503  ] Action: 4
DEBUG :: process ::  State: 12 Output layer: [-0.35034  0.1977  -1.30768  0.14388  0.55008 -0.34598  0.00194  0.03756
  0.503  ] Action: 4
DEBUG :: process ::  State: 12 Output layer: [-0.35034  0.1977  -1.30768  0.14388  0.55008 -0.34598  0.00194  0.03756
  0.503  ] Action: 4
DEBUG :: process ::  State: 12 Output layer: [-0.35034  0.1977  -1.30768  0.14388  0.55008 -0.34598  0.00194  0.03756
  0.503  ] Action: 4
DEBUG :: process ::  State: 12 Output layer: [-0.35034  0.1977  -1.30768  0.14388  0.55008 -0.34598  0.00194  0.03756
  0.503  ] Action: 4
DEBUG :: process ::  State: 12 Output layer: [-0.35034  0.1977  -1.30768  0.14388  0.55008 -0.34598  0.00194  0.03756
  0.503  ] Action: 4
DEBUG :: process ::  State: 12 Output layer: [-0.35034  0.1977  -1.30768  0.14388  0.55008 -0.34598  0.00194  0.03756
  0.503  ] Action: 4
DEBUG :: process ::  State: 12 Output layer: [-0.35034  0.1977  -1.30768  0.14388  0.55008 -0.34598  0.00194  0.03756
  0.503  ] Action: 4
DEBUG :: process ::  State: 12 Output layer: [-0.35034  0.1977  -1.30768  0.14388  0.55008 -0.34598  0.00194  0.03756
  0.503  ] Action: 4
DEBUG :: process ::  State: 12 Output layer: [-1.04561  0.34717  0.18854  0.615    0.49325 -0.18092  0.42614  0.06711
  1.07926] Action: 8
DEBUG :: process ::  State: 18 Output layer: [-1.01975  0.00964  0.07345  0.53978 -0.26185 -0.20634  0.19741  0.27322
  1.218  ] Action: 8
DEBUG :: process ::  State: 24 Output layer: [ 0.0607  -0.35206 -0.19424  0.07284 -0.6677   0.07284 -0.3642   0.13354
  0.29136] Action: 8
DEBUG :: process ::  State: 12 Output layer: [ 0.497    0.65243  1.25173  0.2395   0.66999  0.24758 -0.34664  0.31586
  0.64376] Action: 2
DEBUG :: process ::  State: 8 Output layer: [ 0.01232  0.074    0.22091  0.05196  0.30335  0.02558  0.18749 -0.06459
  0.06596] Action: 4
DEBUG :: process ::  State: 8 Output layer: [ 0.01232  0.074    0.22091  0.05196  0.30335  0.02558  0.18749 -0.06459
  0.06596] Action: 4
DEBUG :: process ::  State: 8 Output layer: [ 0.01232  0.074    0.22091  0.05196  0.30335  0.02558  0.18749 -0.06459
  0.06596] Action: 4
DEBUG :: process ::  State: 8 Output layer: [ 0.01232  0.074    0.22091  0.05196  0.30335  0.02558  0.18749 -0.06459
  0.06596] Action: 4
DEBUG :: process ::  State: 8 Output layer: [ 0.01232  0.074    0.22091  0.05196  0.30335  0.02558  0.18749 -0.06459
  0.06596] Action: 4
DEBUG :: process ::  State: 8 Output layer: [ 0.01232  0.074    0.22091  0.05196  0.30335  0.02558  0.18749 -0.06459
  0.06596] Action: 4
DEBUG :: process ::  State: 8 Output layer: [ 0.01232  0.074    0.22091  0.05196  0.30335  0.02558  0.18749 -0.06459
  0.06596] Action: 4
DEBUG :: process ::  State: 8 Output layer: [ 0.01232  0.074    0.22091  0.05196  0.30335  0.02558  0.18749 -0.06459
  0.06596] Action: 4
DEBUG :: process ::  State: 8 Output layer: [ 0.01232  0.074    0.22091  0.05196  0.30335  0.02558  0.18749 -0.06459
  0.06596] Action: 4
DEBUG :: process ::  State: 12 Output layer: [ 1.19444 -0.88632  1.35946 -0.01306 -0.51882  0.48169 -0.76048  0.16254
 -0.63906] Action: 2
DEBUG :: process ::  State: 8 Output layer: [ 0.3402  -0.04125  0.5664   0.01025 -0.1211   0.13885 -0.24595 -0.1111
 -0.2687 ] Action: 2
DEBUG :: process ::  State: 12 Output layer: [ 0.48732  0.393    0.58164 -0.06288 -0.42444 -0.04716  0.11004  0.04716
 -0.44016] Action: 2
DEBUG :: process ::  State: 8 Output layer: [-0.139   -0.27497 -0.15377  0.11109  0.05553  0.24105  0.11832 -0.02309
 -0.02095] Action: 5
DEBUG :: process ::  State: 9 Output layer: [-0.04854  0.51332  1.02552 -1.95132 -1.3513   0.19296  0.4717  -0.47258
  0.30876] Action: 2
DEBUG :: process ::  State: 12 Output layer: [-0.417   -0.83864  0.58004  0.60066  1.42758 -0.0836   0.70394 -1.3175
  0.44598] Action: 4
DEBUG :: process ::  State: 12 Output layer: [-0.417   -0.83864  0.58004  0.60066  1.42758 -0.0836   0.70394 -1.3175
  0.44598] Action: 4
DEBUG :: process ::  State: 12 Output layer: [-0.417   -0.83864  0.58004  0.60066  1.42758 -0.0836   0.70394 -1.3175
  0.44598] Action: 4
DEBUG :: process ::  State: 12 Output layer: [-0.417   -0.83864  0.58004  0.60066  1.42758 -0.0836   0.70394 -1.3175
  0.44598] Action: 4
DEBUG :: process ::  State: 12 Output layer: [-0.417   -0.83864  0.58004  0.60066  1.42758 -0.0836   0.70394 -1.3175
  0.44598] Action: 4
DEBUG :: process ::  State: 12 Output layer: [-0.417   -0.83864  0.58004  0.60066  1.42758 -0.0836   0.70394 -1.3175
  0.44598] Action: 4
DEBUG :: process ::  State: 12 Output layer: [-0.417   -0.83864  0.58004  0.60066  1.42758 -0.0836   0.70394 -1.3175
  0.44598] Action: 4
DEBUG :: process ::  State: 12 Output layer: [-0.417   -0.83864  0.58004  0.60066  1.42758 -0.0836   0.70394 -1.3175
  0.44598] Action: 4
DEBUG :: process ::  State: 12 Output layer: [-0.417   -0.83864  0.58004  0.60066  1.42758 -0.0836   0.70394 -1.3175
  0.44598] Action: 4
DEBUG :: process ::  State: 12 Output layer: [-0.417   -0.83864  0.58004  0.60066  1.42758 -0.0836   0.70394 -1.3175
  0.44598] Action: 4
DEBUG :: process ::  State: 12 Output layer: [-0.17449  2.39688  0.10735  0.24479  2.72989  0.28797 -1.87153 -0.65351
  2.25777] Action: 4
DEBUG :: process ::  State: 12 Output layer: [-0.17449  2.39688  0.10735  0.24479  2.72989  0.28797 -1.87153 -0.65351
  2.25777] Action: 4
DEBUG :: process ::  State: 12 Output layer: [-0.17449  2.39688  0.10735  0.24479  2.72989  0.28797 -1.87153 -0.65351
  2.25777] Action: 4
DEBUG :: process ::  State: 12 Output layer: [-0.17449  2.39688  0.10735  0.24479  2.72989  0.28797 -1.87153 -0.65351
  2.25777] Action: 4
DEBUG :: process ::  State: 12 Output layer: [-0.17449  2.39688  0.10735  0.24479  2.72989  0.28797 -1.87153 -0.65351
  2.25777] Action: 4
DEBUG :: process ::  State: 12 Output layer: [-0.17449  2.39688  0.10735  0.24479  2.72989  0.28797 -1.87153 -0.65351
  2.25777] Action: 4
DEBUG :: process ::  State: 12 Output layer: [-0.17449  2.39688  0.10735  0.24479  2.72989  0.28797 -1.87153 -0.65351
  2.25777] Action: 4
DEBUG :: process ::  State: 12 Output layer: [-0.17449  2.39688  0.10735  0.24479  2.72989  0.28797 -1.87153 -0.65351
  2.25777] Action: 4
DEBUG :: process ::  State: 12 Output layer: [-0.17449  2.39688  0.10735  0.24479  2.72989  0.28797 -1.87153 -0.65351
  2.25777] Action: 4
DEBUG :: process ::  State: 12 Output layer: [-0.17449  2.39688  0.10735  0.24479  2.72989  0.28797 -1.87153 -0.65351
  2.25777] Action: 4
DEBUG :: process ::  State: 12 Output layer: [ 0.38822  1.43089  0.45777  1.22294 -0.44432 -1.314   -0.99496 -0.86347
  0.42684] Action: 1
DEBUG :: process ::  State: 7 Output layer: [-0.14658  2.22162  1.19238  0.92614  0.8325  -0.01274 -0.94118 -0.85548
  1.17244] Action: 1
DEBUG :: process ::  State: 2 Output layer: [ 0.18273  1.77703  1.01176  0.85832  0.4724  -0.67919 -1.16821 -1.16298
  1.13342] Action: 1
DEBUG :: process ::  State: 12 Output layer: [ 0.76202 -0.44704 -1.85885 -0.77182 -1.07118  0.3048  -0.90597 -1.02754
 -1.2271 ] Action: 0
DEBUG :: process ::  State: 6 Output layer: [ 0.86184 -0.43716 -1.83904 -0.60426 -1.0682   0.22296 -0.73198 -1.85146
 -1.12992] Action: 0
DEBUG :: process ::  State: 12 Output layer: [ 1.88394 -1.51984 -2.03902 -0.3875  -1.04852 -3.13477 -1.13533  0.04599
 -0.5603 ] Action: 0
DEBUG :: process ::  State: 6 Output layer: [ 2.16642 -1.39952 -2.05948 -0.69556 -0.70722 -2.68056 -0.7629   0.08422
 -0.22858] Action: 0
DEBUG :: process ::  State: 12 Output layer: [-0.67062  0.67579  0.34284 -0.31072 -0.49027  0.44357 -1.91906 -1.85225
  0.26886] Action: 1
DEBUG :: process ::  State: 7 Output layer: [-0.02836  0.13184 -0.0141  -0.2513  -0.76742  0.34976 -0.47794 -0.82222
  0.12766] Action: 5
DEBUG :: process ::  State: 8 Output layer: [ 0.58969  0.16349 -0.28021 -0.28477 -1.16935  0.72268 -0.35344 -0.93963
  0.28135] Action: 5
DEBUG :: process ::  State: 9 Output layer: [-1.17004 -0.6755  -1.27924 -1.90834 -2.48026  0.85222 -0.13248 -0.61638
 -1.03028] Action: 5
DEBUG :: process ::  State: 12 Output layer: [-1.17058  2.68226  1.58082 -0.16312  1.56876  0.16288  0.63842  1.58777
 -0.23925] Action: 1
DEBUG :: process ::  State: 7 Output layer: [ 0.144    0.40874  1.197    0.67582  0.45014  0.47358  0.05756  0.41504
 -0.95716] Action: 2
DEBUG :: process ::  State: 3 Output layer: [ 0.5519   0.06418  1.03349  1.33659 -0.45868  0.46237  0.429    0.58726
 -1.05472] Action: 3
DEBUG :: process ::  State: 2 Output layer: [ 0.71006 -0.18735  0.9235   1.02136  0.22486  0.69528  0.6136   0.57909
 -1.50714] Action: 3
DEBUG :: process ::  State: 1 Output layer: [ 0.91946 -0.29076  0.6058   0.60755  0.62425  0.79149  0.93415  0.49106
 -1.68335] Action: 6
DEBUG :: process ::  State: 5 Output layer: [ 0.93091  0.0701   0.41739  0.44928  1.12497  0.95076 -0.06849  0.05608
 -0.56906] Action: 4
DEBUG :: process ::  State: 5 Output layer: [ 0.93091  0.0701   0.41739  0.44928  1.12497  0.95076 -0.06849  0.05608
 -0.56906] Action: 4
DEBUG :: process ::  State: 5 Output layer: [ 0.93091  0.0701   0.41739  0.44928  1.12497  0.95076 -0.06849  0.05608
 -0.56906] Action: 4
DEBUG :: process ::  State: 5 Output layer: [ 0.93091  0.0701   0.41739  0.44928  1.12497  0.95076 -0.06849  0.05608
 -0.56906] Action: 4
DEBUG :: process ::  State: 5 Output layer: [ 0.93091  0.0701   0.41739  0.44928  1.12497  0.95076 -0.06849  0.05608
 -0.56906] Action: 4
DEBUG :: process ::  State: 12 Output layer: [-0.83968  0.52798  0.31858  1.53568  0.32276  1.56359 -0.4587   0.3173
 -1.76752] Action: 5
DEBUG :: process ::  State: 13 Output layer: [-0.77498  0.39788  0.40864  0.46126 -0.1651   0.61726 -0.45672  0.04002
 -0.68768] Action: 5
DEBUG :: process ::  State: 14 Output layer: [-1.88822  0.63749  0.9391   0.7088  -1.83257  1.01326  0.52569 -0.4533
  0.1823 ] Action: 5
DEBUG :: process ::  State: 12 Output layer: [ 0.91986 -0.8359  -0.28516 -0.84413 -1.12205  0.98991  1.10757 -0.51522
  0.71463] Action: 6
DEBUG :: process ::  State: 16 Output layer: [ 0.11764  0.10312 -0.13294 -0.0966  -0.59796  0.31698  0.00134  0.27002
 -0.34822] Action: 5
DEBUG :: process ::  State: 17 Output layer: [ 0.10878  0.03826 -0.12072 -0.21206 -0.6985   0.5063  -0.14592  0.34852
 -0.6376 ] Action: 5
DEBUG :: process ::  State: 18 Output layer: [ 0.61486 -0.3642   0.09937 -0.71647 -1.11685  1.1492   0.63236 -0.00612
  0.07714] Action: 5
DEBUG :: process ::  State: 19 Output layer: [ 0.17506 -0.08493  0.044   -0.2086  -1.38914  1.1807  -0.4781   0.75243
 -1.35747] Action: 5
DEBUG :: process ::  State: 12 Output layer: [-0.04879  0.2863  -0.01484  0.18694  0.09159  0.25331 -0.27719 -0.49209
 -0.3156 ] Action: 1
DEBUG :: process ::  State: 7 Output layer: [ 0.01242  0.03032 -0.28286  0.13664 -0.09382  0.01324  0.15098 -0.57106
 -0.56776] Action: 6
DEBUG :: process ::  State: 11 Output layer: [ 0.0098   0.15832 -0.20782  0.06264 -0.12336  0.02738  0.10844 -0.39228
 -0.33316] Action: 1
DEBUG :: process ::  State: 6 Output layer: [-0.02344  0.3538  -0.03308  0.19732  0.12968  0.21932 -0.40256 -0.67304
 -0.3514 ] Action: 1
DEBUG :: process ::  State: 1 Output layer: [ 0.1443   0.14492 -0.49657  0.22941 -0.04529  0.29518  0.16116 -0.77136
 -0.58619] Action: 5
DEBUG :: process ::  State: 2 Output layer: [ 0.08454  0.10141 -0.38288  0.20223 -0.05457  0.129    0.09222 -0.50662
 -0.3735 ] Action: 3
DEBUG :: process ::  State: 1 Output layer: [ 0.1443   0.14492 -0.49657  0.22941 -0.04529  0.29518  0.16116 -0.77136
 -0.58619] Action: 5
DEBUG :: process ::  State: 2 Output layer: [ 0.08454  0.10141 -0.38288  0.20223 -0.05457  0.129    0.09222 -0.50662
 -0.3735 ] Action: 3
DEBUG :: process ::  State: 1 Output layer: [ 0.1443   0.14492 -0.49657  0.22941 -0.04529  0.29518  0.16116 -0.77136
 -0.58619] Action: 5
DEBUG :: process ::  State: 2 Output layer: [ 0.08454  0.10141 -0.38288  0.20223 -0.05457  0.129    0.09222 -0.50662
 -0.3735 ] Action: 3
DEBUG :: process ::  State: 12 Output layer: [ 0.89064  1.23448 -0.65268 -0.8854  -0.55948 -3.33084  0.74292  0.16064
  0.42596] Action: 1
DEBUG :: process ::  State: 7 Output layer: [-0.11216  1.06154 -0.4571  -0.39814 -0.06158 -1.43708  0.10262  0.0298
  0.14636] Action: 1
DEBUG :: process ::  State: 2 Output layer: [-1.22501  0.94917 -0.8465  -0.06163  0.15814 -1.10065 -0.88427 -0.15066
  0.19331] Action: 1
DEBUG :: process ::  State: 12 Output layer: [ 0.56382 -0.18895 -0.10258  0.69162  0.38372  0.23141  0.07491  0.40969
  0.15423] Action: 3
DEBUG :: process ::  State: 11 Output layer: [ 0.73164 -0.41826 -0.56436  1.21696  0.0316   0.34806  0.2937   1.3503
  0.12806] Action: 7
DEBUG :: process ::  State: 16 Output layer: [ 0.5252  -0.4038  -0.5624   0.42028 -0.17326  0.04532  0.10508  1.11906
  0.20496] Action: 7
DEBUG :: process ::  State: 21 Output layer: [ 0.015    0.12798  0.24396  0.30994 -0.2147  -0.25872  0.18156  0.4575
  0.11972] Action: 7
DEBUG :: process ::  State: 12 Output layer: [ 0.29367  0.3765   0.08283  0.46686  0.21084  0.09036 -0.01506 -0.08283
  0.06024] Action: 3
DEBUG :: process ::  State: 11 Output layer: [-0.03308  0.28634  0.17596  0.62678  0.23782  0.25464 -0.15922  0.19638
  0.35462] Action: 3
DEBUG :: process ::  State: 10 Output layer: [-0.07029  0.09882  0.12063  0.21332  0.06524  0.10406 -0.08604  0.13985
  0.14572] Action: 3
