DEBUG :: process :: Hidden layer: [0.148 3.539 4.153 0.    0.745 0.    0.    0.    2.631]
DEBUG :: process :: Hidden layer: [1.314 1.454 1.874 0.    0.    0.    0.    0.    0.96 ]
DEBUG :: process :: Hidden layer: [1.361 0.869 1.748 0.    0.    0.    0.    0.    0.757]
DEBUG :: process :: Hidden layer: [0.044 0.    0.    0.    2.315 0.    0.214 1.586 0.   ]
DEBUG :: process :: Hidden layer: [0.044 0.    0.    0.    2.315 0.    0.214 1.586 0.   ]
DEBUG :: process :: Hidden layer: [0.044 0.    0.    0.    2.315 0.    0.214 1.586 0.   ]
DEBUG :: process :: Hidden layer: [0.044 0.    0.    0.    2.315 0.    0.214 1.586 0.   ]
DEBUG :: process :: Hidden layer: [0.044 0.    0.    0.    2.315 0.    0.214 1.586 0.   ]
DEBUG :: process :: Hidden layer: [0.044 0.    0.    0.    2.315 0.    0.214 1.586 0.   ]
DEBUG :: process :: Hidden layer: [0.044 0.    0.    0.    2.315 0.    0.214 1.586 0.   ]
DEBUG :: process :: Hidden layer: [0.044 0.    0.    0.    2.315 0.    0.214 1.586 0.   ]
DEBUG :: process :: Hidden layer: [0.044 0.    0.    0.    2.315 0.    0.214 1.586 0.   ]
DEBUG :: process :: Hidden layer: [0.044 0.    0.    0.    2.315 0.    0.214 1.586 0.   ]
DEBUG :: process :: Hidden layer: [0.    3.719 0.    0.216 5.308 0.    0.    1.257 0.268]
DEBUG :: process :: Hidden layer: [0.    0.    0.    0.042 1.772 0.    0.    0.81  0.   ]
DEBUG :: process :: Hidden layer: [0.    0.688 0.    0.818 0.634 0.    0.407 0.    0.445]
DEBUG :: process :: Hidden layer: [0.    0.383 0.    0.593 0.866 0.    0.621 0.    0.332]
DEBUG :: process :: Hidden layer: [0.    0.688 0.    0.818 0.634 0.    0.407 0.    0.445]
DEBUG :: process :: Hidden layer: [0.    0.383 0.    0.593 0.866 0.    0.621 0.    0.332]
DEBUG :: process :: Hidden layer: [0.    0.688 0.    0.818 0.634 0.    0.407 0.    0.445]
DEBUG :: process :: Hidden layer: [0.    0.383 0.    0.593 0.866 0.    0.621 0.    0.332]
DEBUG :: process :: Hidden layer: [0.    0.688 0.    0.818 0.634 0.    0.407 0.    0.445]
DEBUG :: process :: Hidden layer: [0.    0.383 0.    0.593 0.866 0.    0.621 0.    0.332]
DEBUG :: process :: Hidden layer: [0.    0.    0.    0.475 1.664 2.441 0.329 0.    1.404]
DEBUG :: process :: Hidden layer: [0.    0.    0.    1.157 1.031 0.921 2.181 0.    1.075]
DEBUG :: process :: Hidden layer: [0.    0.    0.    1.157 1.031 0.921 2.181 0.    1.075]
DEBUG :: process :: Hidden layer: [0.    0.    0.    1.157 1.031 0.921 2.181 0.    1.075]
DEBUG :: process :: Hidden layer: [0.    0.    0.    1.157 1.031 0.921 2.181 0.    1.075]
DEBUG :: process :: Hidden layer: [0.    0.    0.    1.157 1.031 0.921 2.181 0.    1.075]
DEBUG :: process :: Hidden layer: [0.    0.    0.    1.157 1.031 0.921 2.181 0.    1.075]
DEBUG :: process :: Hidden layer: [0.    0.    0.    1.157 1.031 0.921 2.181 0.    1.075]
DEBUG :: process :: Hidden layer: [0.    0.    0.    1.157 1.031 0.921 2.181 0.    1.075]
DEBUG :: process :: Hidden layer: [0.    0.    0.    1.157 1.031 0.921 2.181 0.    1.075]
DEBUG :: process :: Hidden layer: [2.016 0.159 2.125 1.078 1.152 2.049 2.442 0.    3.175]
DEBUG :: process :: Hidden layer: [1.248 1.88  1.036 0.    0.    0.388 0.    0.    0.14 ]
DEBUG :: process :: Hidden layer: [1.663 1.025 1.173 0.    0.808 2.669 0.    0.    0.   ]
DEBUG :: process :: Hidden layer: [0.654 1.788 1.618 1.99  0.    0.    0.308 3.475 1.926]
DEBUG :: process :: Hidden layer: [0.608 2.702 1.384 2.044 0.    0.    0.468 3.476 1.656]
DEBUG :: process :: Hidden layer: [1.4107 0.878  1.9017 1.4798 0.     0.4737 1.5004 0.5513 2.6246]
DEBUG :: process :: Hidden layer: [0.9912 0.6034 0.4254 0.     0.     0.     0.     0.     0.1914]
DEBUG :: process :: Hidden layer: [0.     0.0333 0.     0.     0.2005 0.6341 0.     0.     0.    ]
DEBUG :: process :: Hidden layer: [1.007 0.242 0.    0.    0.    0.    0.    0.    0.   ]
DEBUG :: process :: Hidden layer: [0.    0.    0.252 0.    0.    0.    0.    0.    0.   ]
DEBUG :: process :: Hidden layer: [1.007 0.242 0.    0.    0.    0.    0.    0.    0.   ]
DEBUG :: process :: Hidden layer: [0.    0.    0.252 0.    0.    0.    0.    0.    0.   ]
DEBUG :: process :: Hidden layer: [1.007 0.242 0.    0.    0.    0.    0.    0.    0.   ]
DEBUG :: process :: Hidden layer: [0.    0.    0.252 0.    0.    0.    0.    0.    0.   ]
DEBUG :: process :: Hidden layer: [1.007 0.242 0.    0.    0.    0.    0.    0.    0.   ]
DEBUG :: process :: Hidden layer: [0.    0.    0.252 0.    0.    0.    0.    0.    0.   ]
DEBUG :: process :: Hidden layer: [1.007 0.242 0.    0.    0.    0.    0.    0.    0.   ]
DEBUG :: process :: Hidden layer: [0.    0.    0.252 0.    0.    0.    0.    0.    0.   ]
DEBUG :: process :: Hidden layer: [0.    2.203 0.26  3.382 0.    3.945 0.    0.    0.53 ]
DEBUG :: process :: Hidden layer: [0.    0.956 0.    2.338 0.    2.452 0.    0.    0.   ]
DEBUG :: process :: Hidden layer: [0.    0.53  0.    2.09  0.    1.363 0.73  0.    0.   ]
DEBUG :: process :: Hidden layer: [0.    2.832 0.    1.816 0.    0.    2.5   1.525 0.   ]
DEBUG :: process :: Hidden layer: [0.    0.382 0.31  1.286 0.716 0.    0.924 1.7   0.   ]
DEBUG :: process :: Hidden layer: [0.62  0.    0.    2.192 0.987 1.792 0.    0.    0.   ]
DEBUG :: process :: Hidden layer: [0.    2.593 0.    2.582 0.    0.    1.426 1.152 0.   ]
DEBUG :: process :: Hidden layer: [0.614 0.    0.422 2.114 0.975 0.91  0.    0.    0.   ]
DEBUG :: process :: Hidden layer: [0.    1.735 1.656 2.27  3.187 0.062 0.    0.023 0.   ]
DEBUG :: process :: Hidden layer: [0.    2.477 1.568 2.082 3.091 0.    0.    0.    0.   ]
DEBUG :: process :: Hidden layer: [0.    1.735 1.656 2.27  3.187 0.062 0.    0.023 0.   ]
DEBUG :: process :: Hidden layer: [0.    2.477 1.568 2.082 3.091 0.    0.    0.    0.   ]
DEBUG :: process :: Hidden layer: [0.    1.735 1.656 2.27  3.187 0.062 0.    0.023 0.   ]
DEBUG :: process :: Hidden layer: [0.    1.043 1.064 0.    0.495 0.7   0.    0.    0.   ]
DEBUG :: process :: Hidden layer: [0.    0.552 0.    0.    0.    0.05  0.    0.    0.362]
DEBUG :: process :: Hidden layer: [0.     1.7236 0.8536 2.6948 0.     2.6907 0.     0.     1.287 ]
DEBUG :: process :: Hidden layer: [0.     0.7628 0.     1.4702 0.     1.1636 0.     0.     0.    ]
DEBUG :: process :: Hidden layer: [0.     0.346  0.     1.3554 0.     0.487  0.6027 0.     0.    ]
DEBUG :: process :: Hidden layer: [0.     0.3497 0.     0.9579 0.     0.4212 0.3945 0.     0.    ]
DEBUG :: process :: Hidden layer: [0.9   0.01  0.321 0.078 0.    0.    2.249 0.    1.246]
DEBUG :: process :: Hidden layer: [0.901 0.388 0.731 0.    0.    0.    2.573 0.671 0.444]
DEBUG :: process :: Hidden layer: [0.    0.472 0.5   0.    0.    0.    0.579 1.279 0.   ]
DEBUG :: process :: Hidden layer: [0.    1.102 0.    0.342 0.    0.    0.    3.132 1.672]
DEBUG :: process :: Hidden layer: [0.    0.    0.    0.    0.    1.87  0.516 3.288 0.   ]
DEBUG :: process :: Hidden layer: [1.498 1.591 0.    0.    0.    1.512 0.    0.617 0.   ]
DEBUG :: process :: Hidden layer: [0.    2.254 1.594 0.    0.    0.    0.    5.153 0.   ]
DEBUG :: process :: Hidden layer: [0.    0.642 0.704 0.    0.    0.    0.196 1.758 0.   ]
DEBUG :: process :: Hidden layer: [0.    1.59  0.988 0.    0.    0.    0.    5.013 0.   ]
DEBUG :: process :: Hidden layer: [0.    1.397 0.    0.    0.    0.    1.217 0.    0.139]
DEBUG :: process :: Hidden layer: [0.    0.    0.555 0.    0.    0.    0.558 0.705 0.   ]
DEBUG :: process :: Hidden layer: [1.954 3.609 2.044 0.    0.    0.    0.826 0.122 1.082]
DEBUG :: process :: Hidden layer: [2.324 3.875 1.514 0.    0.    0.    0.799 1.084 0.53 ]
DEBUG :: process :: Hidden layer: [0.    1.113 0.    0.    0.    1.66  0.    0.    0.   ]
DEBUG :: process :: Hidden layer: [0.806 1.78  0.    0.    0.    0.268 0.84  0.    0.   ]
DEBUG :: process :: Hidden layer: [0.    1.136 0.    0.    0.    1.14  0.    0.    0.   ]
DEBUG :: process :: Hidden layer: [0.    1.437 0.    0.    0.165 0.    0.    0.    0.   ]
DEBUG :: process :: Hidden layer: [0.    1.33  2.256 0.    0.116 1.886 2.401 0.203 0.733]
DEBUG :: process :: Hidden layer: [0.    1.414 2.182 0.    0.    1.68  2.39  1.45  0.694]
DEBUG :: process :: Hidden layer: [0.462 0.938 0.091 0.    0.146 1.394 2.084 2.783 0.196]
DEBUG :: process :: Hidden layer: [1.949 4.034 1.875 0.    0.    0.499 0.    0.    0.   ]
DEBUG :: process :: Hidden layer: [0.334 1.31  0.426 0.    0.    0.    0.    0.    0.   ]
DEBUG :: process :: Hidden layer: [0.    0.671 0.    0.    0.    0.187 0.132 0.    0.337]
DEBUG :: process :: Hidden layer: [0.334 1.31  0.426 0.    0.    0.    0.    0.    0.   ]
DEBUG :: process :: Hidden layer: [0.    0.671 0.    0.    0.    0.187 0.132 0.    0.337]
DEBUG :: process :: Hidden layer: [0.334 1.31  0.426 0.    0.    0.    0.    0.    0.   ]
DEBUG :: process :: Hidden layer: [0.    0.671 0.    0.    0.    0.187 0.132 0.    0.337]
DEBUG :: process :: Hidden layer: [0.334 1.31  0.426 0.    0.    0.    0.    0.    0.   ]
DEBUG :: process :: Hidden layer: [0.    0.671 0.    0.    0.    0.187 0.132 0.    0.337]
DEBUG :: process :: Hidden layer: [0.334 1.31  0.426 0.    0.    0.    0.    0.    0.   ]
DEBUG :: process :: Hidden layer: [0.    1.752 0.    0.    0.477 0.    0.    0.    0.   ]
DEBUG :: process :: Hidden layer: [0.    1.752 0.    0.    0.477 0.    0.    0.    0.   ]
DEBUG :: process :: Hidden layer: [0.    1.752 0.    0.    0.477 0.    0.    0.    0.   ]
DEBUG :: process :: Hidden layer: [0.    1.752 0.    0.    0.477 0.    0.    0.    0.   ]
DEBUG :: process :: Hidden layer: [0.    1.752 0.    0.    0.477 0.    0.    0.    0.   ]
DEBUG :: process :: Hidden layer: [0.    1.752 0.    0.    0.477 0.    0.    0.    0.   ]
DEBUG :: process :: Hidden layer: [0.    1.752 0.    0.    0.477 0.    0.    0.    0.   ]
DEBUG :: process :: Hidden layer: [0.    1.752 0.    0.    0.477 0.    0.    0.    0.   ]
DEBUG :: process :: Hidden layer: [0.    1.752 0.    0.    0.477 0.    0.    0.    0.   ]
DEBUG :: process :: Hidden layer: [0.    1.752 0.    0.    0.477 0.    0.    0.    0.   ]
DEBUG :: process :: Hidden layer: [0.194 2.324 0.    0.    0.    1.34  0.    1.008 0.186]
DEBUG :: process :: Hidden layer: [0.194 2.324 0.    0.    0.    1.34  0.    1.008 0.186]
DEBUG :: process :: Hidden layer: [0.194 2.324 0.    0.    0.    1.34  0.    1.008 0.186]
DEBUG :: process :: Hidden layer: [0.194 2.324 0.    0.    0.    1.34  0.    1.008 0.186]
DEBUG :: process :: Hidden layer: [0.194 2.324 0.    0.    0.    1.34  0.    1.008 0.186]
DEBUG :: process :: Hidden layer: [0.194 2.324 0.    0.    0.    1.34  0.    1.008 0.186]
DEBUG :: process :: Hidden layer: [0.194 2.324 0.    0.    0.    1.34  0.    1.008 0.186]
DEBUG :: process :: Hidden layer: [0.194 2.324 0.    0.    0.    1.34  0.    1.008 0.186]
DEBUG :: process :: Hidden layer: [0.194 2.324 0.    0.    0.    1.34  0.    1.008 0.186]
DEBUG :: process :: Hidden layer: [0.194 2.324 0.    0.    0.    1.34  0.    1.008 0.186]
DEBUG :: process :: Hidden layer: [0.    3.316 1.966 3.521 0.231 0.    0.621 0.    1.158]
DEBUG :: process :: Hidden layer: [0.    1.356 2.092 0.491 0.    0.325 0.    0.    0.   ]
DEBUG :: process :: Hidden layer: [0.0161 3.2677 3.816  0.     0.7169 0.     0.     0.     2.1569]
DEBUG :: process :: Hidden layer: [1.1564 1.4522 1.558  0.     0.     0.     0.     0.     0.9434]
DEBUG :: process :: Hidden layer: [1.187  0.8376 1.4576 0.     0.     0.     0.     0.     0.7918]
DEBUG :: process :: Hidden layer: [0.531 0.036 0.    2.799 0.    0.    0.    0.    0.   ]
DEBUG :: process :: Hidden layer: [0.531 0.036 0.    2.799 0.    0.    0.    0.    0.   ]
DEBUG :: process :: Hidden layer: [0.531 0.036 0.    2.799 0.    0.    0.    0.    0.   ]
DEBUG :: process :: Hidden layer: [0.531 0.036 0.    2.799 0.    0.    0.    0.    0.   ]
DEBUG :: process :: Hidden layer: [0.531 0.036 0.    2.799 0.    0.    0.    0.    0.   ]
DEBUG :: process :: Hidden layer: [0.531 0.036 0.    2.799 0.    0.    0.    0.    0.   ]
DEBUG :: process :: Hidden layer: [0.531 0.036 0.    2.799 0.    0.    0.    0.    0.   ]
DEBUG :: process :: Hidden layer: [0.531 0.036 0.    2.799 0.    0.    0.    0.    0.   ]
DEBUG :: process :: Hidden layer: [0.531 0.036 0.    2.799 0.    0.    0.    0.    0.   ]
DEBUG :: process :: Hidden layer: [0.531 0.036 0.    2.799 0.    0.    0.    0.    0.   ]
DEBUG :: process :: Hidden layer: [2.823 0.674 0.499 0.    0.035 0.    0.396 3.401 0.   ]
DEBUG :: process :: Hidden layer: [1.768 0.814 0.954 0.    0.    0.    0.    0.084 0.27 ]
DEBUG :: process :: Hidden layer: [0.343 0.    0.469 0.    0.    0.    0.226 0.    0.089]
DEBUG :: process :: Hidden layer: [0.    1.332 0.    0.    0.    0.    1.332 0.    0.   ]
DEBUG :: process :: Hidden layer: [0.412 0.838 0.    1.144 0.    0.    0.    0.    0.   ]
DEBUG :: process :: Hidden layer: [0.542 0.344 0.047 0.592 0.    0.    0.    0.    0.   ]
DEBUG :: process :: Hidden layer: [0.542 0.344 0.047 0.592 0.    0.    0.    0.    0.   ]
DEBUG :: process :: Hidden layer: [0.542 0.344 0.047 0.592 0.    0.    0.    0.    0.   ]
DEBUG :: process :: Hidden layer: [0.542 0.344 0.047 0.592 0.    0.    0.    0.    0.   ]
DEBUG :: process :: Hidden layer: [0.542 0.344 0.047 0.592 0.    0.    0.    0.    0.   ]
DEBUG :: process :: Hidden layer: [0.542 0.344 0.047 0.592 0.    0.    0.    0.    0.   ]
DEBUG :: process :: Hidden layer: [0.542 0.344 0.047 0.592 0.    0.    0.    0.    0.   ]
DEBUG :: process :: Hidden layer: [0.542 0.344 0.047 0.592 0.    0.    0.    0.    0.   ]
DEBUG :: process :: Hidden layer: [0.97  0.    4.798 0.    2.48  2.552 1.203 0.    1.188]
DEBUG :: process :: Hidden layer: [0.    0.    3.478 0.    2.14  1.778 0.686 0.    1.714]
DEBUG :: process :: Hidden layer: [0.    0.    1.617 0.    1.221 2.508 0.468 0.    1.446]
DEBUG :: process :: Hidden layer: [0.    0.    0.    0.    0.    0.    1.99  3.086 0.   ]
DEBUG :: process :: Hidden layer: [1.318 2.75  0.    0.    0.372 0.    1.838 0.244 0.   ]
DEBUG :: process :: Hidden layer: [0.997 2.233 0.    0.    0.785 1.323 1.534 0.    0.   ]
DEBUG :: process :: Hidden layer: [0.997 2.233 0.    0.    0.785 1.323 1.534 0.    0.   ]
DEBUG :: process :: Hidden layer: [0.997 2.233 0.    0.    0.785 1.323 1.534 0.    0.   ]
DEBUG :: process :: Hidden layer: [0.997 2.233 0.    0.    0.785 1.323 1.534 0.    0.   ]
DEBUG :: process :: Hidden layer: [0.997 2.233 0.    0.    0.785 1.323 1.534 0.    0.   ]
DEBUG :: process :: Hidden layer: [0.997 2.233 0.    0.    0.785 1.323 1.534 0.    0.   ]
DEBUG :: process :: Hidden layer: [0.997 2.233 0.    0.    0.785 1.323 1.534 0.    0.   ]
DEBUG :: process :: Hidden layer: [0.997 2.233 0.    0.    0.785 1.323 1.534 0.    0.   ]
DEBUG :: process :: Hidden layer: [0.    0.    0.058 0.944 0.    1.861 0.    0.    0.323]
DEBUG :: process :: Hidden layer: [2.166 0.    0.49  1.116 0.    0.    0.    1.088 0.314]
DEBUG :: process :: Hidden layer: [2.365 0.    0.541 0.679 0.    0.    0.33  0.    0.28 ]
DEBUG :: process :: Hidden layer: [0.    1.795 0.    2.743 1.17  0.085 0.    0.    0.062]
DEBUG :: process :: Hidden layer: [1.081 0.    0.    1.938 1.984 1.481 0.    0.201 0.26 ]
DEBUG :: process :: Hidden layer: [1.626 0.    0.    0.    0.    0.742 0.    0.733 0.   ]
DEBUG :: process :: Hidden layer: [0.914 0.01  0.    1.586 1.288 1.346 0.    0.    0.6  ]
DEBUG :: process :: Hidden layer: [1.3   0.    0.    0.    0.    0.444 0.    1.117 0.   ]
DEBUG :: process :: Hidden layer: [0.    2.518 0.    1.971 0.202 0.127 0.    0.095 0.733]
DEBUG :: process :: Hidden layer: [1.626 0.    0.    0.    0.    0.742 0.    0.733 0.   ]
DEBUG :: process :: Hidden layer: [0.914 0.01  0.    1.586 1.288 1.346 0.    0.    0.6  ]
DEBUG :: process :: Hidden layer: [1.3   0.    0.    0.    0.    0.444 0.    1.117 0.   ]
DEBUG :: process :: Hidden layer: [0.    2.518 0.    1.971 0.202 0.127 0.    0.095 0.733]
DEBUG :: process :: Hidden layer: [0.    0.    0.557 1.754 2.49  0.884 0.    2.263 0.   ]
DEBUG :: process :: Hidden layer: [0.    2.468 0.464 0.244 0.618 0.498 0.    0.668 0.   ]
DEBUG :: process :: Hidden layer: [2.597 0.109 3.21  1.618 0.    0.    0.71  0.    0.   ]
DEBUG :: process :: Hidden layer: [0.    0.    2.067 1.783 0.    2.81  0.    0.483 1.49 ]
DEBUG :: process :: Hidden layer: [0.654 2.738 2.732 1.626 0.    2.046 0.274 1.23  0.   ]
DEBUG :: process :: Hidden layer: [0.    3.44  4.238 1.738 0.    1.854 1.52  0.556 0.   ]
DEBUG :: process :: Hidden layer: [0.    1.821 0.    0.945 0.    0.107 0.513 0.687 3.277]
DEBUG :: process :: Hidden layer: [0.    0.    0.    0.    0.    0.    0.    0.    2.878]
DEBUG :: process :: Hidden layer: [0.698 0.    0.    0.    0.    0.    0.    0.    2.238]
DEBUG :: process :: Hidden layer: [0.    0.891 0.    0.    0.206 0.    0.    1.922 0.   ]
DEBUG :: process :: Hidden layer: [0.    0.891 0.    0.    0.206 0.    0.    1.922 0.   ]
DEBUG :: process :: Hidden layer: [0.    0.891 0.    0.    0.206 0.    0.    1.922 0.   ]
DEBUG :: process :: Hidden layer: [0.    0.891 0.    0.    0.206 0.    0.    1.922 0.   ]
DEBUG :: process :: Hidden layer: [0.    0.891 0.    0.    0.206 0.    0.    1.922 0.   ]
DEBUG :: process :: Hidden layer: [0.    0.891 0.    0.    0.206 0.    0.    1.922 0.   ]
DEBUG :: process :: Hidden layer: [0.    0.891 0.    0.    0.206 0.    0.    1.922 0.   ]
DEBUG :: process :: Hidden layer: [0.    0.891 0.    0.    0.206 0.    0.    1.922 0.   ]
DEBUG :: process :: Hidden layer: [0.    0.891 0.    0.    0.206 0.    0.    1.922 0.   ]
DEBUG :: process :: Hidden layer: [0.    0.891 0.    0.    0.206 0.    0.    1.922 0.   ]
DEBUG :: process :: Hidden layer: [0.    2.059 0.    0.    0.41  0.    0.    1.429 2.223]
DEBUG :: process :: Hidden layer: [0.    2.059 0.    0.    0.41  0.    0.    1.429 2.223]
DEBUG :: process :: Hidden layer: [0.    2.059 0.    0.    0.41  0.    0.    1.429 2.223]
DEBUG :: process :: Hidden layer: [0.    2.059 0.    0.    0.41  0.    0.    1.429 2.223]
DEBUG :: process :: Hidden layer: [0.    2.059 0.    0.    0.41  0.    0.    1.429 2.223]
DEBUG :: process :: Hidden layer: [0.    2.059 0.    0.    0.41  0.    0.    1.429 2.223]
DEBUG :: process :: Hidden layer: [0.    2.059 0.    0.    0.41  0.    0.    1.429 2.223]
DEBUG :: process :: Hidden layer: [0.    2.059 0.    0.    0.41  0.    0.    1.429 2.223]
DEBUG :: process :: Hidden layer: [0.    2.059 0.    0.    0.41  0.    0.    1.429 2.223]
DEBUG :: process :: Hidden layer: [0.    2.059 0.    0.    0.41  0.    0.    1.429 2.223]
DEBUG :: process :: Hidden layer: [0.    0.    0.    0.    0.    1.468 0.876 0.155 0.941]
DEBUG :: process :: Hidden layer: [1.716 0.    0.    0.    0.    0.122 0.608 0.    1.424]
DEBUG :: process :: Hidden layer: [1.622 0.    0.    0.    0.    0.668 1.45  0.    1.306]
DEBUG :: process :: Hidden layer: [1.438 0.    0.    0.    0.    0.284 1.686 0.    1.448]
DEBUG :: process :: Hidden layer: [1.036 0.    0.    0.77  0.    0.878 3.24  0.    3.386]
DEBUG :: process :: Hidden layer: [0.95  0.    0.    1.56  3.941 0.044 0.    1.505 0.   ]
DEBUG :: process :: Hidden layer: [0.    0.35  0.    0.    1.806 1.222 0.016 1.69  0.   ]
DEBUG :: process :: Hidden layer: [0.    0.22  0.    0.    2.442 1.27  1.054 0.    0.514]
DEBUG :: process :: Hidden layer: [0.    0.35  0.    0.    1.806 1.222 0.016 1.69  0.   ]
DEBUG :: process :: Hidden layer: [0.    0.22  0.    0.    2.442 1.27  1.054 0.    0.514]
DEBUG :: process :: Hidden layer: [0.    0.35  0.    0.    1.806 1.222 0.016 1.69  0.   ]
DEBUG :: process :: Hidden layer: [0.    0.22  0.    0.    2.442 1.27  1.054 0.    0.514]
DEBUG :: process :: Hidden layer: [0.    0.35  0.    0.    1.806 1.222 0.016 1.69  0.   ]
DEBUG :: process :: Hidden layer: [0.    0.22  0.    0.    2.442 1.27  1.054 0.    0.514]
DEBUG :: process :: Hidden layer: [0.    0.35  0.    0.    1.806 1.222 0.016 1.69  0.   ]
DEBUG :: process :: Hidden layer: [0.    2.576 0.    0.    0.325 0.739 0.488 0.    0.   ]
DEBUG :: process :: Hidden layer: [0.    3.326 0.    0.    0.114 0.758 0.232 0.    0.   ]
DEBUG :: process :: Hidden layer: [0.    1.3   0.81  1.317 0.    0.    0.    0.984 0.284]
DEBUG :: process :: Hidden layer: [0.    0.    0.    0.854 0.444 0.5   0.    0.69  0.412]
DEBUG :: process :: Hidden layer: [0.    0.25  0.    1.164 0.174 0.    0.    1.35  0.154]
DEBUG :: process :: Hidden layer: [0.683 0.351 0.    0.522 0.    0.    0.137 1.766 0.   ]
DEBUG :: process :: Hidden layer: [0.031 0.    0.    2.043 1.463 0.    0.    0.    0.   ]
DEBUG :: process :: Hidden layer: [1.408 0.258 0.    0.034 0.098 0.    0.692 0.    0.618]
DEBUG :: process :: Hidden layer: [0.375 0.714 0.    0.414 0.    0.    0.101 0.    0.008]
DEBUG :: process :: Hidden layer: [0.    0.329 0.    0.011 0.    1.258 0.218 0.782 0.   ]
DEBUG :: process :: Hidden layer: [0.    0.334 0.    0.51  0.    0.895 0.    2.033 0.   ]
DEBUG :: process :: Hidden layer: [1.139 0.    0.    1.504 0.    0.475 0.    0.336 0.   ]
DEBUG :: process :: Hidden layer: [0.271 1.2   0.543 1.059 0.473 0.    0.    0.341 0.677]
DEBUG :: process :: Hidden layer: [0.139 0.98  0.483 0.767 0.321 0.    0.    0.    0.635]
DEBUG :: process :: Hidden layer: [0.271 1.2   0.543 1.059 0.473 0.    0.    0.341 0.677]
DEBUG :: process :: Hidden layer: [0.139 0.98  0.483 0.767 0.321 0.    0.    0.    0.635]
DEBUG :: process :: Hidden layer: [0.271 1.2   0.543 1.059 0.473 0.    0.    0.341 0.677]
DEBUG :: process :: Hidden layer: [0.139 0.98  0.483 0.767 0.321 0.    0.    0.    0.635]
DEBUG :: process :: Hidden layer: [0.271 1.2   0.543 1.059 0.473 0.    0.    0.341 0.677]
DEBUG :: process :: Hidden layer: [0.    0.    0.    0.    1.917 0.    0.    0.    0.   ]
DEBUG :: process :: Hidden layer: [0.    0.    0.    0.12  0.226 0.    0.484 0.464 0.   ]
DEBUG :: process :: Hidden layer: [0.    0.    0.    0.    0.    0.    0.814 0.    0.   ]
DEBUG :: process :: Hidden layer: [0.    0.    0.    0.12  0.226 0.    0.484 0.464 0.   ]
DEBUG :: process :: Hidden layer: [0.    0.    0.    0.    0.    0.    0.814 0.    0.   ]
DEBUG :: process :: Hidden layer: [0.    0.    0.    0.12  0.226 0.    0.484 0.464 0.   ]
DEBUG :: process :: Hidden layer: [0.    0.    0.    0.    0.    0.    0.814 0.    0.   ]
DEBUG :: process :: Hidden layer: [0.    0.    0.    0.12  0.226 0.    0.484 0.464 0.   ]
DEBUG :: process :: Hidden layer: [0.    0.    0.    0.    0.    0.    0.814 0.    0.   ]
DEBUG :: process :: Hidden layer: [0.    0.    0.    0.12  0.226 0.    0.484 0.464 0.   ]
DEBUG :: process :: Hidden layer: [0.     3.0708 1.645  3.2371 0.0705 0.     0.5884 0.     1.0279]
DEBUG :: process :: Hidden layer: [0.     1.137  1.9309 0.5297 0.     0.3761 0.     0.     0.    ]
DEBUG :: process :: Hidden layer: [1.284 0.    1.406 0.    1.659 1.364 0.    0.573 0.   ]
DEBUG :: process :: Hidden layer: [0.764 0.    0.981 0.042 1.492 0.84  0.    0.446 0.   ]
DEBUG :: process :: Hidden layer: [0.646 0.    0.    0.    2.551 0.    0.    0.    0.   ]
DEBUG :: process :: Hidden layer: [0.264 0.    0.624 0.    1.189 0.    0.099 1.817 0.   ]
DEBUG :: process :: Hidden layer: [0.994 0.    0.416 0.    1.664 0.    0.502 0.127 0.   ]
DEBUG :: process :: Hidden layer: [0.264 0.    0.624 0.    1.189 0.    0.099 1.817 0.   ]
DEBUG :: process :: Hidden layer: [0.994 0.    0.416 0.    1.664 0.    0.502 0.127 0.   ]
DEBUG :: process :: Hidden layer: [0.264 0.    0.624 0.    1.189 0.    0.099 1.817 0.   ]
DEBUG :: process :: Hidden layer: [0.994 0.    0.416 0.    1.664 0.    0.502 0.127 0.   ]
DEBUG :: process :: Hidden layer: [0.264 0.    0.624 0.    1.189 0.    0.099 1.817 0.   ]
DEBUG :: process :: Hidden layer: [0.994 0.    0.416 0.    1.664 0.    0.502 0.127 0.   ]
DEBUG :: process :: Hidden layer: [0.264 0.    0.624 0.    1.189 0.    0.099 1.817 0.   ]
DEBUG :: process :: Hidden layer: [0.994 0.    0.416 0.    1.664 0.    0.502 0.127 0.   ]
DEBUG :: process :: Hidden layer: [0.43  0.    1.985 0.    0.048 0.    0.    0.    0.   ]
DEBUG :: process :: Hidden layer: [0.744 0.    0.    0.    1.586 0.    0.    0.    0.198]
DEBUG :: process :: Hidden layer: [0.688 0.214 1.629 0.    0.224 0.    0.266 0.    0.   ]
DEBUG :: process :: Hidden layer: [2.015 0.207 0.    0.    1.829 0.    0.285 1.777 0.   ]
DEBUG :: process :: Hidden layer: [0.    0.    1.242 0.    0.    0.    3.009 0.    0.   ]
DEBUG :: process :: Hidden layer: [0.    0.    1.892 0.    0.    0.    2.432 0.    0.   ]
DEBUG :: process :: Hidden layer: [2.867 0.37  0.    1.382 0.859 0.    0.    2.466 0.   ]
DEBUG :: process :: Hidden layer: [0.906 1.334 0.488 0.    1.556 0.18  0.878 1.21  0.   ]
DEBUG :: process :: Hidden layer: [1.332 0.    0.    0.    0.    0.047 3.392 1.793 0.748]
DEBUG :: process :: Hidden layer: [2.462 0.265 0.    0.543 0.598 0.    0.133 2.882 0.   ]
DEBUG :: process :: Hidden layer: [1.332 0.    0.    0.    0.    0.047 3.392 1.793 0.748]
DEBUG :: process :: Hidden layer: [2.462 0.265 0.    0.543 0.598 0.    0.133 2.882 0.   ]
DEBUG :: process :: Hidden layer: [1.332 0.    0.    0.    0.    0.047 3.392 1.793 0.748]
DEBUG :: process :: Hidden layer: [2.462 0.265 0.    0.543 0.598 0.    0.133 2.882 0.   ]
DEBUG :: process :: Hidden layer: [1.332 0.    0.    0.    0.    0.047 3.392 1.793 0.748]
DEBUG :: process :: Hidden layer: [2.462 0.265 0.    0.543 0.598 0.    0.133 2.882 0.   ]
DEBUG :: process :: Hidden layer: [0.    2.377 4.535 0.455 0.524 0.347 0.    1.809 0.736]
DEBUG :: process :: Hidden layer: [0.000e+00 1.696e+00 4.214e+00 4.100e-01 8.200e-01 4.000e-03 0.000e+00
 2.026e+00 6.340e-01]
DEBUG :: process :: Hidden layer: [0.776 1.077 0.    0.    1.046 0.    0.    0.    0.   ]
DEBUG :: process :: Hidden layer: [0.    1.26  0.    0.344 0.538 0.    0.    0.    0.   ]
DEBUG :: process :: Hidden layer: [0.    0.556 0.    0.645 0.502 0.    0.    0.    0.   ]
DEBUG :: process :: Hidden layer: [0.328 0.419 0.    1.336 0.    0.    0.    0.    0.   ]
DEBUG :: process :: Hidden layer: [1.069 0.785 0.    1.251 0.    0.    0.    0.    0.   ]
DEBUG :: process :: Hidden layer: [1.081 0.    2.746 0.441 1.191 0.    1.598 3.639 0.   ]
DEBUG :: process :: Hidden layer: [1.718 0.    1.374 0.218 0.    0.    0.214 0.894 0.548]
DEBUG :: process :: Hidden layer: [1.647 0.    0.771 0.    0.    0.132 0.201 0.427 0.082]
DEBUG :: process :: Hidden layer: [3.727 1.169 1.418 0.    0.409 2.079 0.    0.    5.537]
DEBUG :: process :: Hidden layer: [0.826 2.052 0.    0.    0.    0.52  0.066 0.    2.17 ]
DEBUG :: process :: Hidden layer: [0.682 2.08  0.    0.    0.    0.304 0.    0.    1.982]
DEBUG :: process :: Hidden layer: [0.    2.039 0.    0.    0.492 0.    0.    0.    1.214]
DEBUG :: process :: Hidden layer: [0.682 2.08  0.    0.    0.    0.304 0.    0.    1.982]
DEBUG :: process :: Hidden layer: [0.    2.039 0.    0.    0.492 0.    0.    0.    1.214]
DEBUG :: process :: Hidden layer: [0.682 2.08  0.    0.    0.    0.304 0.    0.    1.982]
DEBUG :: process :: Hidden layer: [0.    2.039 0.    0.    0.492 0.    0.    0.    1.214]
DEBUG :: process :: Hidden layer: [0.682 2.08  0.    0.    0.    0.304 0.    0.    1.982]
DEBUG :: process :: Hidden layer: [0.    2.039 0.    0.    0.492 0.    0.    0.    1.214]
DEBUG :: process :: Hidden layer: [0.    0.    2.069 0.    0.    0.    1.233 0.    1.908]
DEBUG :: process :: Hidden layer: [1.386 0.    0.076 0.    0.    0.042 1.796 0.    0.174]
DEBUG :: process :: Hidden layer: [1.386 0.    0.076 0.    0.    0.042 1.796 0.    0.174]
DEBUG :: process :: Hidden layer: [1.386 0.    0.076 0.    0.    0.042 1.796 0.    0.174]
DEBUG :: process :: Hidden layer: [1.386 0.    0.076 0.    0.    0.042 1.796 0.    0.174]
DEBUG :: process :: Hidden layer: [1.386 0.    0.076 0.    0.    0.042 1.796 0.    0.174]
DEBUG :: process :: Hidden layer: [1.386 0.    0.076 0.    0.    0.042 1.796 0.    0.174]
DEBUG :: process :: Hidden layer: [1.386 0.    0.076 0.    0.    0.042 1.796 0.    0.174]
DEBUG :: process :: Hidden layer: [1.386 0.    0.076 0.    0.    0.042 1.796 0.    0.174]
DEBUG :: process :: Hidden layer: [1.386 0.    0.076 0.    0.    0.042 1.796 0.    0.174]
DEBUG :: process :: Hidden layer: [0.    0.    0.    1.417 0.411 0.    3.467 0.177 0.   ]
DEBUG :: process :: Hidden layer: [0.    0.    0.696 1.256 1.324 0.    0.58  1.672 0.   ]
DEBUG :: process :: Hidden layer: [0.    0.    0.696 1.256 1.324 0.    0.58  1.672 0.   ]
DEBUG :: process :: Hidden layer: [0.    0.    0.696 1.256 1.324 0.    0.58  1.672 0.   ]
DEBUG :: process :: Hidden layer: [0.    0.    0.696 1.256 1.324 0.    0.58  1.672 0.   ]
DEBUG :: process :: Hidden layer: [0.    0.    0.696 1.256 1.324 0.    0.58  1.672 0.   ]
DEBUG :: process :: Hidden layer: [0.    0.    0.696 1.256 1.324 0.    0.58  1.672 0.   ]
DEBUG :: process :: Hidden layer: [0.    0.    0.696 1.256 1.324 0.    0.58  1.672 0.   ]
DEBUG :: process :: Hidden layer: [0.    0.    0.696 1.256 1.324 0.    0.58  1.672 0.   ]
DEBUG :: process :: Hidden layer: [0.    0.    0.696 1.256 1.324 0.    0.58  1.672 0.   ]
DEBUG :: process :: Hidden layer: [1.6   0.    2.936 0.    0.    1.439 0.    0.    0.   ]
DEBUG :: process :: Hidden layer: [2.06  0.    2.064 0.    0.    1.632 0.    0.    0.   ]
DEBUG :: process :: Hidden layer: [1.213 0.474 3.302 2.657 2.362 1.475 0.    0.065 0.   ]
DEBUG :: process :: Hidden layer: [1.144 0.97  2.752 3.19  4.166 1.596 0.    0.    0.   ]
DEBUG :: process :: Hidden layer: [0.504 0.466 0.774 0.    2.708 0.344 1.102 0.    0.   ]
DEBUG :: process :: Hidden layer: [0.504 0.466 0.774 0.    2.708 0.344 1.102 0.    0.   ]
DEBUG :: process :: Hidden layer: [0.504 0.466 0.774 0.    2.708 0.344 1.102 0.    0.   ]
DEBUG :: process :: Hidden layer: [0.504 0.466 0.774 0.    2.708 0.344 1.102 0.    0.   ]
DEBUG :: process :: Hidden layer: [0.504 0.466 0.774 0.    2.708 0.344 1.102 0.    0.   ]
DEBUG :: process :: Hidden layer: [0.504 0.466 0.774 0.    2.708 0.344 1.102 0.    0.   ]
DEBUG :: process :: Hidden layer: [0.504 0.466 0.774 0.    2.708 0.344 1.102 0.    0.   ]
DEBUG :: process :: Hidden layer: [0.504 0.466 0.774 0.    2.708 0.344 1.102 0.    0.   ]
DEBUG :: process :: Hidden layer: [0.    0.    0.    0.    0.    2.263 0.    3.143 0.341]
DEBUG :: process :: Hidden layer: [1.16  0.    0.    1.072 0.    0.928 0.    0.71  0.   ]
DEBUG :: process :: Hidden layer: [1.1   0.    0.    0.256 0.    0.415 0.    1.364 0.   ]
DEBUG :: process :: Hidden layer: [0.    0.    0.    0.    0.    2.263 0.    3.143 0.341]
DEBUG :: process :: Hidden layer: [1.16  0.    0.    1.072 0.    0.928 0.    0.71  0.   ]
DEBUG :: process :: Hidden layer: [1.1   0.    0.    0.256 0.    0.415 0.    1.364 0.   ]
DEBUG :: process :: Hidden layer: [0.    0.    0.    0.    0.    2.263 0.    3.143 0.341]
DEBUG :: process :: Hidden layer: [1.16  0.    0.    1.072 0.    0.928 0.    0.71  0.   ]
DEBUG :: process :: Hidden layer: [1.1   0.    0.    0.256 0.    0.415 0.    1.364 0.   ]
DEBUG :: process :: Hidden layer: [0.    0.    0.    0.    0.    2.263 0.    3.143 0.341]
DEBUG :: process :: Hidden layer: [6.255 0.504 0.    4.256 0.    0.    0.    0.    1.706]
DEBUG :: process :: Hidden layer: [6.255 0.504 0.    4.256 0.    0.    0.    0.    1.706]
DEBUG :: process :: Hidden layer: [6.255 0.504 0.    4.256 0.    0.    0.    0.    1.706]
DEBUG :: process :: Hidden layer: [6.255 0.504 0.    4.256 0.    0.    0.    0.    1.706]
DEBUG :: process :: Hidden layer: [6.255 0.504 0.    4.256 0.    0.    0.    0.    1.706]
DEBUG :: process :: Hidden layer: [6.255 0.504 0.    4.256 0.    0.    0.    0.    1.706]
DEBUG :: process :: Hidden layer: [6.255 0.504 0.    4.256 0.    0.    0.    0.    1.706]
DEBUG :: process :: Hidden layer: [6.255 0.504 0.    4.256 0.    0.    0.    0.    1.706]
DEBUG :: process :: Hidden layer: [6.255 0.504 0.    4.256 0.    0.    0.    0.    1.706]
DEBUG :: process :: Hidden layer: [6.255 0.504 0.    4.256 0.    0.    0.    0.    1.706]
DEBUG :: process :: Hidden layer: [1.101 1.137 0.    0.665 0.    1.226 0.    0.    0.   ]
DEBUG :: process :: Hidden layer: [0.764 0.    0.312 0.704 0.224 0.762 0.024 0.07  0.   ]
DEBUG :: process :: Hidden layer: [2.336 0.    0.    0.843 1.346 0.    3.376 2.87  0.   ]
DEBUG :: process :: Hidden layer: [2.118 0.    0.622 0.64  0.682 0.122 0.518 2.02  0.   ]
DEBUG :: process :: Hidden layer: [2.118 0.    0.622 0.64  0.682 0.122 0.518 2.02  0.   ]
DEBUG :: process :: Hidden layer: [2.118 0.    0.622 0.64  0.682 0.122 0.518 2.02  0.   ]
DEBUG :: process :: Hidden layer: [2.118 0.    0.622 0.64  0.682 0.122 0.518 2.02  0.   ]
DEBUG :: process :: Hidden layer: [2.118 0.    0.622 0.64  0.682 0.122 0.518 2.02  0.   ]
DEBUG :: process :: Hidden layer: [2.118 0.    0.622 0.64  0.682 0.122 0.518 2.02  0.   ]
DEBUG :: process :: Hidden layer: [2.118 0.    0.622 0.64  0.682 0.122 0.518 2.02  0.   ]
DEBUG :: process :: Hidden layer: [2.118 0.    0.622 0.64  0.682 0.122 0.518 2.02  0.   ]
DEBUG :: process :: Hidden layer: [2.118 0.    0.622 0.64  0.682 0.122 0.518 2.02  0.   ]
DEBUG :: process :: Hidden layer: [0.675 1.478 0.    0.359 0.826 0.451 0.    3.625 0.565]
DEBUG :: process :: Hidden layer: [1.27  0.158 0.    0.748 1.25  0.954 0.    0.392 1.798]
DEBUG :: process :: Hidden layer: [0.675 1.478 0.    0.359 0.826 0.451 0.    3.625 0.565]
DEBUG :: process :: Hidden layer: [1.27  0.158 0.    0.748 1.25  0.954 0.    0.392 1.798]
DEBUG :: process :: Hidden layer: [0.675 1.478 0.    0.359 0.826 0.451 0.    3.625 0.565]
DEBUG :: process :: Hidden layer: [1.27  0.158 0.    0.748 1.25  0.954 0.    0.392 1.798]
DEBUG :: process :: Hidden layer: [0.675 1.478 0.    0.359 0.826 0.451 0.    3.625 0.565]
DEBUG :: process :: Hidden layer: [1.27  0.158 0.    0.748 1.25  0.954 0.    0.392 1.798]
DEBUG :: process :: Hidden layer: [0.675 1.478 0.    0.359 0.826 0.451 0.    3.625 0.565]
DEBUG :: process :: Hidden layer: [1.27  0.158 0.    0.748 1.25  0.954 0.    0.392 1.798]
DEBUG :: process :: Hidden layer: [0.    2.043 0.    0.064 1.208 0.    0.875 0.262 0.   ]
DEBUG :: process :: Hidden layer: [0.    0.924 1.844 1.5   3.142 0.066 0.    0.    0.   ]
DEBUG :: process :: Hidden layer: [0.    0.942 0.847 1.156 2.202 0.    0.    0.34  0.   ]
DEBUG :: process :: Hidden layer: [0.203 0.029 0.    1.345 0.    3.14  0.    0.472 0.   ]
DEBUG :: process :: Hidden layer: [1.21  0.    0.    0.    0.    1.514 0.    0.    0.   ]
DEBUG :: process :: Hidden layer: [0.847 0.    0.    0.    0.347 0.    0.    0.    0.24 ]
DEBUG :: process :: Hidden layer: [1.141 0.    0.    0.    0.327 0.    0.    0.    0.331]
DEBUG :: process :: Hidden layer: [0.    1.746 0.    0.    0.    0.236 2.221 0.    1.754]
DEBUG :: process :: Hidden layer: [0.05  0.122 0.    0.    0.    0.    0.134 0.17  2.842]
DEBUG :: process :: Hidden layer: [0.    1.126 0.    0.    0.    0.06  1.992 0.    1.584]
DEBUG :: process :: Hidden layer: [0.    1.746 0.    0.    0.    0.236 2.221 0.    1.754]
DEBUG :: process :: Hidden layer: [0.05  0.122 0.    0.    0.    0.    0.134 0.17  2.842]
DEBUG :: process :: Hidden layer: [0.    1.126 0.    0.    0.    0.06  1.992 0.    1.584]
DEBUG :: process :: Hidden layer: [0.    1.746 0.    0.    0.    0.236 2.221 0.    1.754]
DEBUG :: process :: Hidden layer: [0.05  0.122 0.    0.    0.    0.    0.134 0.17  2.842]
DEBUG :: process :: Hidden layer: [0.    1.126 0.    0.    0.    0.06  1.992 0.    1.584]
DEBUG :: process :: Hidden layer: [0.    1.746 0.    0.    0.    0.236 2.221 0.    1.754]
DEBUG :: process :: Hidden layer: [0.    3.637 1.049 2.008 3.125 0.    0.    1.46  0.   ]
DEBUG :: process :: Hidden layer: [0.    2.24  1.076 1.308 0.    0.934 0.    2.486 0.72 ]
DEBUG :: process :: Hidden layer: [0.    2.24  1.076 1.308 0.    0.934 0.    2.486 0.72 ]
DEBUG :: process :: Hidden layer: [0.    2.24  1.076 1.308 0.    0.934 0.    2.486 0.72 ]
DEBUG :: process :: Hidden layer: [0.    2.24  1.076 1.308 0.    0.934 0.    2.486 0.72 ]
DEBUG :: process :: Hidden layer: [0.    2.24  1.076 1.308 0.    0.934 0.    2.486 0.72 ]
DEBUG :: process :: Hidden layer: [0.    2.24  1.076 1.308 0.    0.934 0.    2.486 0.72 ]
DEBUG :: process :: Hidden layer: [0.    2.24  1.076 1.308 0.    0.934 0.    2.486 0.72 ]
DEBUG :: process :: Hidden layer: [0.    2.24  1.076 1.308 0.    0.934 0.    2.486 0.72 ]
DEBUG :: process :: Hidden layer: [0.    2.24  1.076 1.308 0.    0.934 0.    2.486 0.72 ]
DEBUG :: process :: Hidden layer: [0.    0.    0.    3.23  0.    0.451 0.093 0.    0.   ]
DEBUG :: process :: Hidden layer: [0.526 0.14  1.098 1.766 0.    0.11  0.    0.    1.302]
DEBUG :: process :: Hidden layer: [0.    0.    1.263 1.674 0.    0.    0.    0.    1.668]
DEBUG :: process :: Hidden layer: [0.    2.142 0.    0.    1.105 0.793 2.524 0.    0.   ]
DEBUG :: process :: Hidden layer: [0.    0.    0.    0.294 0.552 0.644 0.722 0.    0.032]
DEBUG :: process :: Hidden layer: [0.    0.37  0.57  0.326 1.304 1.142 0.    0.    0.   ]
DEBUG :: process :: Hidden layer: [1.207 1.025 0.724 0.    0.    0.    0.985 0.    0.   ]
DEBUG :: process :: Hidden layer: [1.419 0.671 1.776 0.    0.    0.    0.851 0.    0.   ]
DEBUG :: process :: Hidden layer: [1.822 1.211 0.072 0.    0.    0.    0.    0.    0.009]
DEBUG :: process :: Hidden layer: [0.    1.737 1.834 3.441 2.71  0.976 0.    0.    0.   ]
DEBUG :: process :: Hidden layer: [0.    0.    0.938 1.746 0.242 0.    0.    0.    0.   ]
DEBUG :: process :: Hidden layer: [1.01  0.    0.    0.772 1.284 1.355 1.555 0.002 0.791]
DEBUG :: process :: Hidden layer: [1.01  0.    0.    0.772 1.284 1.355 1.555 0.002 0.791]
DEBUG :: process :: Hidden layer: [1.01  0.    0.    0.772 1.284 1.355 1.555 0.002 0.791]
DEBUG :: process :: Hidden layer: [1.01  0.    0.    0.772 1.284 1.355 1.555 0.002 0.791]
DEBUG :: process :: Hidden layer: [1.01  0.    0.    0.772 1.284 1.355 1.555 0.002 0.791]
DEBUG :: process :: Hidden layer: [1.01  0.    0.    0.772 1.284 1.355 1.555 0.002 0.791]
DEBUG :: process :: Hidden layer: [1.01  0.    0.    0.772 1.284 1.355 1.555 0.002 0.791]
DEBUG :: process :: Hidden layer: [1.01  0.    0.    0.772 1.284 1.355 1.555 0.002 0.791]
DEBUG :: process :: Hidden layer: [1.01  0.    0.    0.772 1.284 1.355 1.555 0.002 0.791]
DEBUG :: process :: Hidden layer: [1.01  0.    0.    0.772 1.284 1.355 1.555 0.002 0.791]
DEBUG :: process :: Hidden layer: [0.723 0.    0.    0.094 1.432 0.    0.805 3.432 0.   ]
DEBUG :: process :: Hidden layer: [0.    0.    0.014 0.071 1.719 0.    0.828 3.245 0.482]
DEBUG :: process :: Hidden layer: [0.454 0.    0.    0.    0.465 0.    0.295 0.942 0.   ]
DEBUG :: process :: Hidden layer: [0.    1.936 0.    1.89  1.613 1.566 0.086 0.    0.   ]
DEBUG :: process :: Hidden layer: [0.    1.137 0.    1.337 1.927 0.658 0.    0.    1.088]
DEBUG :: process :: Hidden layer: [0.    1.69  0.    1.244 1.846 0.754 0.    0.    0.952]
DEBUG :: process :: Hidden layer: [0.586 2.549 0.    0.949 0.985 0.532 0.    0.    0.   ]
DEBUG :: process :: Hidden layer: [0.    2.881 0.    0.    1.268 0.537 0.    0.    0.763]
DEBUG :: process :: Hidden layer: [0.    1.22  3.82  0.    1.648 0.776 0.432 1.879 0.   ]
DEBUG :: process :: Hidden layer: [0.    0.642 2.002 0.    0.55  0.09  0.    0.    0.   ]
DEBUG :: process :: Hidden layer: [0.    0.966 0.839 0.    0.297 0.421 0.    0.045 0.   ]
DEBUG :: process :: Hidden layer: [0.    4.353 1.611 3.219 0.    1.517 0.    0.    0.   ]
DEBUG :: process :: Hidden layer: [0.308 2.396 0.    0.816 0.    1.078 0.    0.    0.   ]
DEBUG :: process :: Hidden layer: [0.    3.999 1.628 1.289 2.383 0.    0.    0.934 0.   ]
DEBUG :: process :: Hidden layer: [0.    0.    1.073 1.191 0.753 0.    0.    1.952 0.452]
DEBUG :: process :: Hidden layer: [0.    0.    0.    0.865 1.018 0.254 0.    0.    0.605]
DEBUG :: process :: Hidden layer: [0.    1.152 0.    1.798 1.847 1.857 0.    0.    0.   ]
DEBUG :: process :: Hidden layer: [0.    0.    1.1   1.322 0.    0.    0.    0.    0.   ]
DEBUG :: process :: Hidden layer: [0.    0.    1.3   0.    0.79  0.    0.368 0.    0.   ]
DEBUG :: process :: Hidden layer: [2.538 2.61  0.434 0.386 0.392 0.183 1.126 0.    0.   ]
DEBUG :: process :: Hidden layer: [0.287 0.851 0.    0.    0.248 0.527 0.    6.24  0.   ]
DEBUG :: process :: Hidden layer: [1.323 0.467 0.    0.    0.204 0.7   0.    5.665 0.   ]
DEBUG :: process :: Hidden layer: [0.38  0.    0.128 0.    0.466 0.683 0.    1.542 0.   ]
DEBUG :: process :: Hidden layer: [0.1   0.    0.815 0.167 0.    0.    0.    0.03  0.   ]
DEBUG :: process :: Hidden layer: [0.    0.    0.    0.    0.    0.246 0.    2.47  0.   ]
DEBUG :: process :: Hidden layer: [0.1   0.    0.815 0.167 0.    0.    0.    0.03  0.   ]
DEBUG :: process :: Hidden layer: [0.    0.    0.    0.    0.    0.246 0.    2.47  0.   ]
DEBUG :: process :: Hidden layer: [0.1   0.    0.815 0.167 0.    0.    0.    0.03  0.   ]
DEBUG :: process :: Hidden layer: [0.    0.    0.    0.    0.    0.246 0.    2.47  0.   ]
DEBUG :: process :: Hidden layer: [0.1   0.    0.815 0.167 0.    0.    0.    0.03  0.   ]
DEBUG :: process :: Hidden layer: [0.     1.0896 0.     0.     0.2264 0.289  0.     5.3622 0.    ]
DEBUG :: process :: Hidden layer: [0.7773 0.6914 0.     0.     0.1399 0.3621 0.     4.8683 0.    ]
DEBUG :: process :: Hidden layer: [0.194  0.     0.2735 0.     0.2425 0.6069 0.     1.3538 0.    ]
DEBUG :: process :: Hidden layer: [0.     0.     0.8497 0.     0.     0.     0.     0.0887 0.    ]
DEBUG :: process :: Hidden layer: [0.     0.     0.     0.     0.     0.2214 0.     2.0998 0.    ]
DEBUG :: process :: Hidden layer: [0.     0.     0.8497 0.     0.     0.     0.     0.0887 0.    ]
DEBUG :: process :: Hidden layer: [0.     0.     0.     0.     0.     0.2214 0.     2.0998 0.    ]
DEBUG :: process :: Hidden layer: [0.     0.     0.8497 0.     0.     0.     0.     0.0887 0.    ]
DEBUG :: process :: Hidden layer: [0.     0.     0.     0.     0.     0.2214 0.     2.0998 0.    ]
DEBUG :: process :: Hidden layer: [0.     0.     0.8497 0.     0.     0.     0.     0.0887 0.    ]
DEBUG :: process :: Hidden layer: [0.577 2.498 0.    0.    1.263 0.036 0.    0.    0.   ]
DEBUG :: process :: Hidden layer: [0.    2.129 1.77  0.    0.651 0.    0.    0.    0.   ]
DEBUG :: process :: Hidden layer: [0.    2.714 1.82  0.    1.182 0.    0.    0.    0.   ]
DEBUG :: process :: Hidden layer: [0.89  2.294 0.    0.    1.614 0.    0.    0.384 0.314]
DEBUG :: process :: Hidden layer: [0.    1.875 1.764 0.    0.853 0.    0.    0.    0.5  ]
DEBUG :: process :: Hidden layer: [0.    1.891 1.45  0.    0.6   0.    0.    0.    0.   ]
DEBUG :: process :: Hidden layer: [0.    1.223 3.061 0.    0.    0.641 2.901 2.635 0.   ]
DEBUG :: process :: Hidden layer: [0.    0.    1.262 0.    0.    2.268 0.157 2.249 0.355]
DEBUG :: process :: Hidden layer: [0.086 0.    0.434 0.218 0.    2.001 0.    1.894 0.694]
DEBUG :: process :: Hidden layer: [3.164 1.605 0.146 1.454 0.    0.    2.922 1.681 2.917]
DEBUG :: process :: Hidden layer: [0.5   0.836 0.    0.236 1.946 0.    1.272 0.848 1.052]
DEBUG :: process :: Hidden layer: [0.168 1.016 0.    0.08  1.761 0.357 1.753 1.621 0.744]
DEBUG :: process :: Hidden layer: [1.215 2.313 1.606 0.    2.102 0.    0.    0.    0.78 ]
DEBUG :: process :: Hidden layer: [0.    0.    0.    0.57  0.    0.    0.    0.    1.646]
DEBUG :: process :: Hidden layer: [0.452 0.    0.    1.464 0.    0.    0.    0.    0.06 ]
DEBUG :: process :: Hidden layer: [0.    0.    0.    0.57  0.    0.    0.    0.    1.646]
DEBUG :: process :: Hidden layer: [0.452 0.    0.    1.464 0.    0.    0.    0.    0.06 ]
DEBUG :: process :: Hidden layer: [0.    0.    0.    0.57  0.    0.    0.    0.    1.646]
DEBUG :: process :: Hidden layer: [0.452 0.    0.    1.464 0.    0.    0.    0.    0.06 ]
DEBUG :: process :: Hidden layer: [0.    0.    0.    0.57  0.    0.    0.    0.    1.646]
DEBUG :: process :: Hidden layer: [0.452 0.    0.    1.464 0.    0.    0.    0.    0.06 ]
DEBUG :: process :: Hidden layer: [0.    0.    0.    0.57  0.    0.    0.    0.    1.646]
DEBUG :: process :: Hidden layer: [0.    0.    0.468 0.    0.    0.    0.    0.    0.   ]
DEBUG :: process :: Hidden layer: [0.    0.    0.468 0.    0.    0.    0.    0.    0.   ]
DEBUG :: process :: Hidden layer: [0.    0.    0.468 0.    0.    0.    0.    0.    0.   ]
DEBUG :: process :: Hidden layer: [0.    0.    0.468 0.    0.    0.    0.    0.    0.   ]
DEBUG :: process :: Hidden layer: [0.    0.    0.468 0.    0.    0.    0.    0.    0.   ]
DEBUG :: process :: Hidden layer: [0.    0.    0.468 0.    0.    0.    0.    0.    0.   ]
DEBUG :: process :: Hidden layer: [0.    0.    0.468 0.    0.    0.    0.    0.    0.   ]
DEBUG :: process :: Hidden layer: [0.    0.    0.468 0.    0.    0.    0.    0.    0.   ]
DEBUG :: process :: Hidden layer: [0.    0.    0.468 0.    0.    0.    0.    0.    0.   ]
DEBUG :: process :: Hidden layer: [0.    0.    0.468 0.    0.    0.    0.    0.    0.   ]
DEBUG :: process :: Hidden layer: [1.928 0.    0.    0.    0.092 0.426 0.    0.    0.   ]
DEBUG :: process :: Hidden layer: [1.928 0.    0.    0.    0.092 0.426 0.    0.    0.   ]
DEBUG :: process :: Hidden layer: [1.928 0.    0.    0.    0.092 0.426 0.    0.    0.   ]
DEBUG :: process :: Hidden layer: [1.928 0.    0.    0.    0.092 0.426 0.    0.    0.   ]
DEBUG :: process :: Hidden layer: [1.928 0.    0.    0.    0.092 0.426 0.    0.    0.   ]
DEBUG :: process :: Hidden layer: [1.928 0.    0.    0.    0.092 0.426 0.    0.    0.   ]
DEBUG :: process :: Hidden layer: [1.928 0.    0.    0.    0.092 0.426 0.    0.    0.   ]
DEBUG :: process :: Hidden layer: [1.928 0.    0.    0.    0.092 0.426 0.    0.    0.   ]
DEBUG :: process :: Hidden layer: [1.928 0.    0.    0.    0.092 0.426 0.    0.    0.   ]
DEBUG :: process :: Hidden layer: [1.928 0.    0.    0.    0.092 0.426 0.    0.    0.   ]
DEBUG :: process :: Hidden layer: [0.    0.    0.    0.    0.056 0.105 1.722 0.622 0.   ]
DEBUG :: process :: Hidden layer: [0.    0.    0.    0.    0.    1.232 1.778 0.291 0.   ]
DEBUG :: process :: Hidden layer: [0.    0.    0.    0.    0.    1.214 0.    0.    0.   ]
DEBUG :: process :: Hidden layer: [0.328 0.    0.    0.551 2.614 0.663 0.    0.    0.   ]
DEBUG :: process :: Hidden layer: [0.117 0.219 0.    0.394 0.086 0.    0.    0.    0.622]
DEBUG :: process :: Hidden layer: [0.117 0.219 0.    0.394 0.086 0.    0.    0.    0.622]
DEBUG :: process :: Hidden layer: [0.117 0.219 0.    0.394 0.086 0.    0.    0.    0.622]
DEBUG :: process :: Hidden layer: [0.117 0.219 0.    0.394 0.086 0.    0.    0.    0.622]
DEBUG :: process :: Hidden layer: [0.117 0.219 0.    0.394 0.086 0.    0.    0.    0.622]
DEBUG :: process :: Hidden layer: [0.117 0.219 0.    0.394 0.086 0.    0.    0.    0.622]
DEBUG :: process :: Hidden layer: [0.117 0.219 0.    0.394 0.086 0.    0.    0.    0.622]
DEBUG :: process :: Hidden layer: [0.117 0.219 0.    0.394 0.086 0.    0.    0.    0.622]
DEBUG :: process :: Hidden layer: [0.117 0.219 0.    0.394 0.086 0.    0.    0.    0.622]
DEBUG :: process :: Hidden layer: [1.364 0.    1.241 2.417 0.    0.    0.    0.    0.   ]
DEBUG :: process :: Hidden layer: [0.    0.    0.    0.99  0.    0.    0.    0.035 0.   ]
DEBUG :: process :: Hidden layer: [0.    0.    0.    0.    0.    1.572 0.    0.    0.   ]
DEBUG :: process :: Hidden layer: [0.    0.    0.385 0.456 0.536 0.096 0.    0.12  0.   ]
DEBUG :: process :: Hidden layer: [0.    0.    0.    0.032 0.584 1.408 0.    3.034 0.   ]
DEBUG :: process :: Hidden layer: [0.    0.    0.948 0.    0.    1.978 2.24  0.    0.   ]
DEBUG :: process :: Hidden layer: [0.    0.    0.948 0.    0.    1.978 2.24  0.    0.   ]
DEBUG :: process :: Hidden layer: [0.    0.    0.948 0.    0.    1.978 2.24  0.    0.   ]
DEBUG :: process :: Hidden layer: [0.    0.    0.948 0.    0.    1.978 2.24  0.    0.   ]
DEBUG :: process :: Hidden layer: [0.    0.    0.948 0.    0.    1.978 2.24  0.    0.   ]
DEBUG :: process :: Hidden layer: [0.    0.    0.948 0.    0.    1.978 2.24  0.    0.   ]
DEBUG :: process :: Hidden layer: [0.    0.    0.948 0.    0.    1.978 2.24  0.    0.   ]
DEBUG :: process :: Hidden layer: [0.    0.    0.948 0.    0.    1.978 2.24  0.    0.   ]
DEBUG :: process :: Hidden layer: [0.    0.    0.948 0.    0.    1.978 2.24  0.    0.   ]
DEBUG :: process :: Hidden layer: [0.    0.    0.948 0.    0.    1.978 2.24  0.    0.   ]
DEBUG :: process :: Hidden layer: [0.    0.026 0.    0.    0.    0.    3.787 0.258 1.232]
DEBUG :: process :: Hidden layer: [0.    0.026 0.    0.    0.    0.    3.787 0.258 1.232]
DEBUG :: process :: Hidden layer: [0.    0.026 0.    0.    0.    0.    3.787 0.258 1.232]
DEBUG :: process :: Hidden layer: [0.    0.026 0.    0.    0.    0.    3.787 0.258 1.232]
DEBUG :: process :: Hidden layer: [0.    0.026 0.    0.    0.    0.    3.787 0.258 1.232]
DEBUG :: process :: Hidden layer: [0.    0.026 0.    0.    0.    0.    3.787 0.258 1.232]
DEBUG :: process :: Hidden layer: [0.    0.026 0.    0.    0.    0.    3.787 0.258 1.232]
DEBUG :: process :: Hidden layer: [0.    0.026 0.    0.    0.    0.    3.787 0.258 1.232]
DEBUG :: process :: Hidden layer: [0.    0.026 0.    0.    0.    0.    3.787 0.258 1.232]
DEBUG :: process :: Hidden layer: [0.    0.026 0.    0.    0.    0.    3.787 0.258 1.232]
DEBUG :: process :: Hidden layer: [0.    2.258 0.    0.    0.    0.    2.003 0.    0.   ]
DEBUG :: process :: Hidden layer: [1.646 0.374 0.    0.    0.    1.13  1.72  0.2   0.   ]
DEBUG :: process :: Hidden layer: [1.33  1.231 0.    0.    0.525 0.099 2.047 0.    0.   ]
DEBUG :: process :: Hidden layer: [0.    0.    0.    0.322 0.874 2.143 0.487 0.    1.633]
DEBUG :: process :: Hidden layer: [0.    0.    0.266 0.558 0.266 2.45  1.022 0.    1.35 ]
DEBUG :: process :: Hidden layer: [0.957 0.661 0.846 1.895 2.343 0.    0.    0.    1.71 ]
DEBUG :: process :: Hidden layer: [0.    0.388 0.47  1.908 2.272 0.    0.    0.    1.75 ]
DEBUG :: process :: Hidden layer: [3.94  0.588 0.595 0.    0.    0.715 2.587 0.    1.483]
DEBUG :: process :: Hidden layer: [1.534 0.962 0.652 0.    0.    0.    0.97  0.    0.972]
DEBUG :: process :: Hidden layer: [1.822 1.587 0.646 0.    0.    0.    0.266 0.    1.246]
DEBUG :: process :: Hidden layer: [0.    0.364 0.    0.    0.    0.994 1.332 0.    4.472]
DEBUG :: process :: Hidden layer: [0.    0.    3.482 2.241 1.587 0.    3.769 2.246 2.307]
DEBUG :: process :: Hidden layer: [0.564 0.    0.012 1.114 0.    0.4   1.69  0.266 1.974]
DEBUG :: process :: Hidden layer: [1.113 0.    0.    0.335 0.    0.555 0.786 0.    2.986]
DEBUG :: process :: Hidden layer: [0.639 0.02  0.    0.602 0.    1.333 1.4   0.198 2.328]
DEBUG :: process :: Hidden layer: [0.36  0.163 0.273 0.711 0.    1.948 1.592 0.653 1.494]
DEBUG :: process :: Hidden layer: [0.    1.06  0.112 0.312 0.13  0.904 1.649 0.462 0.41 ]
DEBUG :: process :: Hidden layer: [0.    1.06  0.112 0.312 0.13  0.904 1.649 0.462 0.41 ]
DEBUG :: process :: Hidden layer: [0.    1.06  0.112 0.312 0.13  0.904 1.649 0.462 0.41 ]
DEBUG :: process :: Hidden layer: [0.    1.06  0.112 0.312 0.13  0.904 1.649 0.462 0.41 ]
DEBUG :: process :: Hidden layer: [0.    1.06  0.112 0.312 0.13  0.904 1.649 0.462 0.41 ]
DEBUG :: process :: Hidden layer: [1.464 0.    0.302 0.    2.871 0.    0.79  0.    0.557]
DEBUG :: process :: Hidden layer: [0.    0.    0.32  0.    1.102 0.    0.    0.    1.228]
DEBUG :: process :: Hidden layer: [0.    2.468 0.    0.    0.    0.711 0.    0.    3.786]
DEBUG :: process :: Hidden layer: [0.    0.    0.    0.551 2.614 0.258 1.324 0.    0.   ]
DEBUG :: process :: Hidden layer: [0.254 0.    0.062 0.122 0.    0.44  0.974 0.    0.122]
DEBUG :: process :: Hidden layer: [0.094 0.    0.12  0.    0.    0.304 1.394 0.    0.478]
DEBUG :: process :: Hidden layer: [0.    0.    0.    0.    1.894 0.328 1.967 0.    0.   ]
DEBUG :: process :: Hidden layer: [0.708 0.    0.    0.    0.    0.    3.046 0.    1.301]
DEBUG :: process :: Hidden layer: [0.    0.    0.414 0.    0.    0.    1.121 0.    0.   ]
DEBUG :: process :: Hidden layer: [0.858 0.    0.    0.    0.    0.    0.172 0.28  0.   ]
DEBUG :: process :: Hidden layer: [0.598 0.    0.    0.    0.    0.    0.074 0.    0.   ]
DEBUG :: process :: Hidden layer: [0.    0.    0.652 0.    0.    0.    1.28  0.    0.   ]
DEBUG :: process :: Hidden layer: [1.124 0.518 0.    0.255 0.    0.    0.193 0.    0.   ]
DEBUG :: process :: Hidden layer: [0.763 0.382 0.    0.    0.    0.035 0.192 0.129 0.   ]
DEBUG :: process :: Hidden layer: [1.124 0.518 0.    0.255 0.    0.    0.193 0.    0.   ]
DEBUG :: process :: Hidden layer: [0.763 0.382 0.    0.    0.    0.035 0.192 0.129 0.   ]
DEBUG :: process :: Hidden layer: [1.124 0.518 0.    0.255 0.    0.    0.193 0.    0.   ]
DEBUG :: process :: Hidden layer: [0.763 0.382 0.    0.    0.    0.035 0.192 0.129 0.   ]
DEBUG :: process :: Hidden layer: [0.196 4.008 0.    0.    0.    3.116 0.    1.448 0.   ]
DEBUG :: process :: Hidden layer: [0.    0.448 0.    0.    0.    2.442 0.158 0.776 0.   ]
DEBUG :: process :: Hidden layer: [0.    0.135 0.    0.    0.    1.953 0.984 1.753 0.485]
DEBUG :: process :: Hidden layer: [0.575 0.19  0.    0.886 0.    0.082 0.    0.564 0.   ]
DEBUG :: process :: Hidden layer: [0.882 1.12  0.    1.836 0.    1.096 0.724 0.144 0.   ]
DEBUG :: process :: Hidden layer: [0.734 1.248 0.    1.016 0.    1.234 0.382 0.144 0.   ]
DEBUG :: process :: Hidden layer: [0.768 1.162 0.    0.    0.    0.106 1.468 0.264 0.   ]
DEBUG :: process :: Hidden layer: [0.    0.    0.    0.    0.    0.    0.    0.753 0.   ]
DEBUG :: process :: Hidden layer: [0.    0.    0.    0.002 0.    0.    0.    0.87  0.62 ]
DEBUG :: process :: Hidden layer: [0.086 0.    0.    0.    0.    0.    0.    0.287 0.308]
