DEBUG :: new_generation :: Generation_Parents: [Brain.MemoryInstance(episode=1, reward=4.1899999999999995, t_alive=1, H_W=[array([ 0.17,  0.11,  0.41, -0.25,  0.6 , -0.1 , -0.28,  0.28, -0.14]), array([ 0.17, -0.04, -0.45,  0.44,  0.17, -0.1 , -0.33,  0.69, -0.16]), array([ 0.05, -0.15, -0.29, -0.12,  0.04,  0.14,  0.05, -0.29,  0.71]), array([ 0.15, -0.34, -0.51,  0.75, -0.2 , -0.35, -0.52,  0.14,  0.14]), array([-0.18,  0.06,  0.12, -0.02,  0.14,  0.24,  0.37, -0.36,  0.4 ]), array([ 0.1 , -0.07,  0.06, -0.33,  0.23,  0.44,  0.17, -0.2 ,  0.01]), array([ 0.05,  0.03, -0.35,  0.37, -0.19, -0.2 , -0.2 ,  0.55,  0.1 ]), array([ 0.01, -0.05,  0.4 , -0.52,  0.26, -0.36, -0.15, -0.25, -0.11]), array([ 0.14,  0.44, -0.11,  0.11, -0.66, -0.16, -0.13,  0.15, -0.26]), array([ 0.19, -0.46, -0.64,  0.13, -0.15, -0.43, -0.03, -0.5 , -0.07]), array([ 0.11,  0.25,  0.39, -0.59,  0.4 , -0.24, -0.31,  0.03,  0.04]), array([-0.29,  0.11,  0.02, -0.2 ,  0.04, -0.18, -0.13, -0.19, -0.06]), array([-0.23,  0.44,  0.04,  0.04,  0.17, -0.06, -0.33,  0.17,  0.28]), array([-0.02, -0.07, -0.35, -0.07,  0.55,  0.4 , -0.05,  0.09,  0.01]), array([ 0.4 , -0.09, -0.07, -0.29, -0.23, -0.35, -0.02, -0.07,  0.2 ]), array([ 0.62,  0.14,  0.57,  0.28, -0.46,  0.21,  0.4 , -0.22,  0.04]), array([ 0.38,  0.22,  0.38,  0.03, -0.11,  0.39,  0.34, -0.39, -0.19]), array([-0.12, -0.06, -0.36,  0.44,  0.11, -0.01, -0.05, -0.11, -0.1 ]), array([-0.13, -0.01,  0.71,  0.2 ,  0.16,  0.05, -0.15, -0.18,  0.36]), array([ 0.44, -0.11, -0.07,  0.62,  0.06,  0.5 ,  0.53, -0.2 , -0.19]), array([-0.72, -0.18, -0.07,  0.21,  0.15,  0.16,  0.44,  0.21, -0.33]), array([-0.12,  0.59,  0.04, -0.08,  0.11, -0.01, -0.45,  0.18,  0.12]), array([ 0.53,  0.59, -0.3 , -0.15, -0.4 ,  0.07, -0.15, -0.19,  0.08]), array([-0.13, -0.35, -0.25, -0.13, -0.18, -0.52,  0.6 ,  0.44, -0.41])], O_W=[array([ 0.09, -0.24, -0.03, -0.02, -0.01,  0.62, -0.86, -0.4 ,  0.05]), array([ 0.12,  0.11,  0.69,  0.25, -0.13, -0.46,  0.2 , -0.11,  0.26]), array([-0.2 , -0.28, -0.02, -0.3 , -0.29,  0.21,  0.25,  0.05,  0.09]), array([-0.24,  0.23, -0.58,  0.25, -0.11,  0.45,  0.16,  0.04, -0.28]), array([ 0.71, -0.44,  0.11, -0.41,  0.04,  0.04,  0.47, -0.45, -0.4 ]), array([ 0.06, -0.07, -0.1 , -0.12,  0.16,  0.23,  0.23,  0.15,  0.13]), array([ 0.02, -0.25, -0.25, -0.3 , -0.25,  0.11, -0.35,  0.16,  0.38]), array([-0.02, -0.39, -0.25, -0.4 , -0.35,  0.19,  0.04, -0.03,  0.43]), array([ 0.23, -0.5 , -0.39, -0.04, -0.18,  0.11,  0.14,  0.06, -0.14])]), Brain.MemoryInstance(episode=3, reward=4.53, t_alive=3, H_W=[array([-0.02, -0.13,  0.12, -0.2 ,  0.04, -0.19,  0.11,  0.  , -0.06]), array([-0.  , -0.01,  0.27, -0.28,  0.34,  0.03,  0.  ,  0.63, -0.22]), array([-0.3 ,  0.54, -0.02,  0.01, -0.46,  0.13,  0.63, -0.32,  0.27]), array([-0.24, -0.35, -0.19,  0.27,  0.12,  0.48,  0.21, -0.73, -0.19]), array([ 0.28,  0.7 , -0.31, -0.44, -0.09, -0.31, -0.43, -0.2 , -0.01]), array([-0.25,  0.  ,  0.12,  0.12, -0.35,  0.43,  0.26, -0.12, -0.02]), array([ 0.2 ,  0.2 , -0.53, -0.31, -0.4 , -0.37, -0.11, -0.23,  0.33]), array([-0.36,  0.4 ,  0.47,  0.63, -0.02,  0.43,  0.1 , -0.02,  0.05]), array([-0.6 , -0.47, -0.21,  0.99, -0.3 ,  0.11, -0.12, -0.05, -0.06]), array([ 0.13,  0.25, -0.32, -0.57,  0.03, -0.32, -0.34, -0.18, -0.34]), array([ 0.41,  0.07, -0.15,  0.26, -0.52, -0.17, -0.04,  0.8 ,  0.32]), array([-0.45,  0.36,  0.24, -0.  , -0.01,  0.29, -0.01, -0.28, -0.09]), array([ 0.19, -0.51, -0.23,  0.25,  0.35, -0.22, -0.07,  0.27, -0.28]), array([-0.12,  0.13, -0.36,  0.46, -0.3 ,  0.1 ,  0.  , -0.24,  0.1 ]), array([ 0.29,  0.45,  0.  , -0.02,  0.16,  0.26, -0.04,  0.47, -0.05]), array([ 0.05,  0.06, -0.43, -0.15,  0.02, -0.71,  0.27,  0.48,  0.3 ]), array([ 0.17,  0.22, -0.34, -0.14,  0.19,  0.2 , -0.39, -0.07,  0.48]), array([ 0.08, -0.09, -0.21,  0.31,  0.28,  0.23, -0.3 , -0.05,  0.49]), array([ 0.25, -0.17,  0.47,  0.4 ,  0.  ,  0.1 , -0.13,  0.63,  0.  ]), array([ 0.44, -0.11,  0.23,  0.27,  0.05,  0.23,  0.64,  0.11, -0.09]), array([ 0.14,  0.41,  0.24, -0.15,  0.32, -0.2 ,  0.07, -0.2 ,  0.06]), array([-0.54,  0.44, -0.22,  0.16, -0.  , -0.32, -0.28, -0.58,  0.16]), array([ 0.08, -0.04,  0.17,  0.37,  0.11, -0.04, -0.2 ,  0.14, -0.09]), array([ 0.1 ,  0.25, -0.15,  0.41,  0.22, -0.25, -0.34, -0.06,  0.1 ])], O_W=[array([ 0.23,  0.12,  0.21, -0.25, -0.04,  0.27, -0.25,  0.07,  0.03]), array([-0.  , -0.19,  0.1 , -0.35,  0.24,  0.09, -0.23, -0.13,  0.16]), array([ 0.33, -0.09, -0.45,  0.44,  0.16, -0.45, -0.38,  0.41,  0.1 ]), array([ 0.03,  0.31,  0.07, -0.15, -0.33,  0.16, -0.17, -0.35,  0.03]), array([ 0.1 , -0.71, -0.1 , -0.13, -0.15, -0.46,  0.36,  0.26, -0.35]), array([ 0.32,  0.26, -0.28, -0.53,  0.1 , -0.17,  0.54,  0.07,  0.08]), array([ 0.02,  0.21,  0.38,  0.63, -0.32, -0.19, -0.73,  0.01,  0.4 ]), array([ 0.09,  0.36,  0.1 , -0.36, -0.08,  0.16, -0.32,  0.09, -0.06]), array([-0.25,  0.19, -0.1 ,  0.59, -0.26,  0.38,  0.19, -0.07, -0.47])]), Brain.MemoryInstance(episode=10, reward=4.1899999999999995, t_alive=1, H_W=[array([ 0.08, -0.27, -0.26,  0.3 , -0.14,  0.31,  0.29,  0.53, -0.23]), array([-0.06, -0.23, -0.36,  0.1 , -0.07, -0.21,  0.17, -0.58, -0.14]), array([-0.2 ,  0.26,  0.14,  0.07, -0.08, -0.26, -0.18, -0.11,  0.35]), array([-0.1 , -0.33, -0.08,  0.02,  0.31,  0.41, -0.56,  0.8 ,  0.52]), array([-0.14,  0.1 , -0.05, -0.25,  0.17, -0.1 ,  0.24,  0.26,  0.35]), array([-0.22, -0.53, -0.09, -0.27, -0.71,  0.15,  0.35,  0.22, -0.04]), array([-0.49, -0.1 ,  0.18,  0.49,  0.08, -0.25,  0.42,  0.28,  0.14]), array([ 0.31, -0.54,  0.16,  0.07, -0.18, -0.13,  0.12,  0.62,  0.31]), array([-0.71, -0.07, -0.03, -0.23, -0.42, -0.14,  0.18,  0.17,  0.38]), array([ 0.16, -0.22, -0.23, -0.26,  0.2 , -0.02,  0.17,  0.17, -0.21]), array([ 0.44,  0.4 ,  0.21, -0.02, -0.04,  0.49, -0.36,  0.4 ,  0.27]), array([-0.01,  0.16, -0.13,  0.4 ,  0.36, -0.16,  0.04, -0.1 ,  0.15]), array([-0.46, -0.03, -0.07, -0.49, -0.07,  0.18,  0.01, -0.03, -0.16]), array([ 0.26,  0.23, -0.18,  0.47, -0.16, -0.24,  0.28,  0.45, -0.58]), array([ 0.23,  0.26, -0.22, -0.27,  0.14,  0.21, -0.3 ,  0.32, -0.2 ]), array([-0.58, -0.11, -0.18, -0.45,  0.42,  0.1 , -0.27, -0.38,  0.36]), array([-0.1 ,  0.05, -0.31, -0.18, -0.21, -0.26,  0.05,  0.32, -0.26]), array([-0.12, -0.52,  0.18, -0.17, -0.02, -0.17,  0.23, -0.45,  0.53]), array([-0.3 , -0.49,  0.14,  0.18, -0.02,  0.18,  0.23, -0.13, -0.36]), array([ 0.15,  0.03, -0.14, -0.03, -0.06, -0.15, -0.17,  0.35, -0.51]), array([ 0.21, -0.45,  0.27, -0.48,  0.15, -0.49,  0.36,  0.26,  0.28]), array([-0.08,  0.48,  0.22,  0.3 ,  0.71, -0.15,  0.55,  0.35, -0.05]), array([ 0.24, -0.26,  0.14, -0.1 ,  0.04, -0.07, -0.02,  0.27,  0.27]), array([-0.24,  0.11,  0.22, -0.51,  0.07,  0.15, -0.51, -0.44,  0.55])], O_W=[array([ 0.18,  0.47,  0.39,  0.2 ,  0.14,  0.09, -0.25,  0.21,  0.21]), array([-0.49, -0.45, -0.07,  0.29,  0.4 ,  0.03,  0.53, -0.13, -0.33]), array([-0.04, -0.07, -0.07,  0.13,  0.03,  0.4 , -0.06, -0.02,  0.24]), array([ 0.21,  0.34,  0.16,  0.53, -0.05,  0.5 , -0.35,  0.34, -0.11]), array([ 0.62, -0.36,  0.49,  0.16,  0.21, -0.03, -0.24,  0.18, -0.18]), array([ 0.06, -0.36,  0.26,  0.48,  0.44,  0.35,  0.14,  0.23, -0.49]), array([-0.05,  0.32,  0.42,  0.16, -0.13,  0.07, -0.33,  0.44, -0.07]), array([ 0.17, -0.07,  0.31,  0.18, -0.09, -0.73, -0.06, -0.2 , -0.79]), array([-0.09, -0.27, -0.18,  0.15,  0.19, -0.47,  0.39,  0.01, -0.25])]), Brain.MemoryInstance(episode=11, reward=7.359999999999999, t_alive=3, H_W=[array([ 0.05,  0.34, -0.09,  0.09,  0.22, -0.23, -0.1 ,  0.52, -0.34]), array([-0.01,  0.12, -0.34,  0.19, -0.06, -0.17,  0.35,  0.28,  0.54]), array([ 0.05, -0.64, -0.52,  0.33,  0.09,  0.28, -0.04,  0.26, -0.25]), array([ 0.12,  0.47, -0.01,  0.51, -0.11, -0.06,  0.14, -0.08,  0.05]), array([ 0.42, -0.02,  0.32, -0.07, -0.25, -0.05,  0.01,  0.01,  0.47]), array([ 0.52,  0.02, -0.3 , -0.28, -0.23,  0.07,  0.31,  0.33, -0.11]), array([-0.38,  0.04,  0.05,  0.13,  0.23, -0.17, -0.26, -0.66,  0.34]), array([-0.56,  0.25, -0.47, -0.04, -0.31, -0.3 , -0.01,  0.31, -0.13]), array([-0.18,  0.06,  0.23,  0.09,  0.72,  0.01, -0.04,  0.16, -0.15]), array([-0.3 , -0.28,  0.33,  0.39, -0.25, -0.11, -0.28, -0.01,  0.27]), array([ 0.02,  0.21,  0.29,  0.06,  0.13, -0.18, -0.01,  0.42,  0.16]), array([-0.46, -0.08,  0.14,  0.29,  0.12, -0.3 , -0.14,  0.35,  0.47]), array([ 0.34, -0.16, -0.16, -0.32, -0.31,  0.34,  0.25,  0.85,  0.07]), array([ 0.38,  0.32,  0.3 , -0.3 , -0.04,  0.1 , -0.08,  0.04,  0.26]), array([ 0.08,  0.25, -0.  ,  0.02, -0.23,  0.08, -0.1 , -0.21, -0.08]), array([ 0.19,  0.52, -0.09,  0.14,  0.27,  0.26,  0.69, -0.03, -0.06]), array([-0.14,  0.94,  0.  ,  0.46, -0.05,  0.09, -0.17, -0.24,  0.02]), array([ 0.12,  0.57,  0.11, -0.21, -0.07, -0.13,  0.04,  0.31, -0.03]), array([ 0.37, -0.36,  0.12,  0.34, -0.17,  0.01,  0.44, -0.01, -0.23]), array([-0.69,  0.13, -0.01,  0.37, -0.15, -0.17, -0.19, -0.15, -0.11]), array([ 0.02, -0.66,  0.04,  0.54, -0.17,  0.06,  0.32,  0.32, -0.09]), array([ 0.54, -0.45, -0.3 , -0.09,  0.04, -0.21,  0.3 , -0.  ,  0.25]), array([-0.08,  0.21, -0.11, -0.17, -0.17,  0.29,  0.1 ,  0.33, -0.27]), array([ 0.08, -0.09, -0.03, -0.25,  0.45,  0.39,  0.72, -0.02,  0.2 ])], O_W=[array([-0.03, -0.52, -0.17,  0.01, -0.07, -0.19,  0.06, -0.31,  0.09]), array([ 0.23, -0.  ,  0.69, -0.14, -0.46, -0.2 , -0.46, -0.23,  0.27]), array([ 0.05, -0.22,  0.02,  0.33,  0.14,  0.24, -0.09,  0.31,  0.42]), array([-0.36, -0.01,  0.29, -0.27,  0.24, -0.03, -0.04,  0.17,  0.19]), array([ 0.18,  0.61,  0.26, -0.56,  0.05,  0.1 , -0.  , -0.38, -0.66]), array([ 0.05,  0.75,  0.85, -0.08, -0.14,  0.29,  0.11,  0.06,  0.03]), array([-0.15, -0.  ,  0.04, -0.16,  0.19, -0.04,  0.03, -0.36,  0.34]), array([ 0.05, -0.38,  0.3 , -0.02, -0.59,  0.  ,  0.15, -0.01, -0.05]), array([ 0.1 ,  0.13, -0.15, -0.09,  0.25,  0.39, -0.32,  0.32,  0.29])]), Brain.MemoryInstance(episode=22, reward=4.1899999999999995, t_alive=1, H_W=[array([ 0.01,  0.09,  0.04, -0.18, -0.35,  0.3 , -0.23,  0.79,  0.02]), array([ 0.44,  0.27,  0.16,  0.17, -0.21, -0.19,  0.1 , -0.23, -0.01]), array([ 0.1 ,  0.24, -0.2 ,  0.01,  0.17, -0.04,  0.11,  0.24, -0.01]), array([-0.05,  0.84, -0.09,  0.03, -0.02,  0.13,  0.18,  0.32, -0.33]), array([ 0.08, -0.08, -0.22, -0.43,  0.43,  0.24,  0.57,  0.11,  0.61]), array([-0.23,  0.17, -0.09, -0.2 , -0.04, -0.42, -0.02, -0.42,  0.27]), array([ 0.33, -0.6 , -0.15,  0.01,  0.31,  0.03, -0.2 , -0.24,  0.44]), array([ 0.32,  0.02,  0.32, -0.13,  0.07, -0.49,  0.06, -0.4 , -0.28]), array([ 0.32, -0.  ,  0.21, -0.06, -0.09,  0.18, -0.34, -0.13, -0.02]), array([ 0.08, -0.44, -0.3 , -0.31, -0.49,  0.39,  0.08,  0.3 ,  0.02]), array([-0.24,  0.27, -0.03, -0.32,  0.41,  0.5 , -0.32, -0.52, -0.13]), array([-0.44, -0.26, -0.14,  0.26, -0.09, -0.13,  0.17,  0.4 , -0.05]), array([-0.17, -0.12,  0.24,  0.85, -0.19, -0.07, -0.05,  0.09,  0.69]), array([-0.03,  0.29,  0.28, -0.31, -0.32, -0.4 ,  0.36, -0.12,  0.01]), array([-0.06, -0.28, -0.37, -0.04, -0.09,  0.39,  0.33, -0.14,  0.32]), array([-0.07,  0.21,  0.13, -0.13,  0.6 , -0.  ,  0.12,  0.08,  0.09]), array([ 0.61, -0.03,  0.26, -0.09,  0.06, -0.19, -0.58, -0.13,  0.17]), array([ 0.15,  0.17,  0.23,  0.35, -0.3 , -0.1 ,  0.1 , -0.04, -0.13]), array([-0.42,  0.84,  0.55, -0.02, -0.52,  0.42,  0.45, -0.34,  0.  ]), array([ 0.19,  0.  ,  0.33, -0.29, -0.09, -0.42,  0.3 ,  0.37, -0.14]), array([ 0.32,  0.03, -0.66,  0.09,  0.12, -0.11,  0.16,  0.09, -0.07]), array([-0.05,  0.39,  0.47,  0.57,  0.27,  0.18, -0.06,  0.18, -0.16]), array([ 0.32,  0.01, -0.34, -0.53,  0.45,  0.04,  0.39,  0.31, -0.35]), array([-0.19,  0.39,  0.09,  0.21,  0.15, -0.29,  0.04,  0.23,  0.44])], O_W=[array([ 0.02, -0.5 ,  0.27,  0.24,  0.15,  0.32, -0.11, -0.23,  0.  ]), array([ 0.2 ,  0.12,  0.09,  0.17,  0.27,  0.4 , -0.13,  0.32,  0.17]), array([-0.4 , -0.4 ,  0.29,  0.33, -0.07, -0.01, -0.4 ,  0.11,  0.12]), array([ 0.23, -0.23, -0.03,  0.56, -0.4 , -0.2 , -0.04, -0.11, -0.67]), array([-0.1 ,  0.01,  0.39,  0.32, -0.33, -0.63,  0.62, -0.03,  0.06]), array([ 0.12, -0.05,  0.31, -0.3 , -0.37,  0.26,  0.19,  0.29,  0.1 ]), array([-0.23,  0.38,  0.09, -0.11,  0.05, -0.29, -0.53,  0.56, -0.23]), array([-0.03, -0.  ,  0.16, -0.3 ,  0.27,  0.03,  0.03,  0.43, -0.01]), array([-0.05,  0.1 ,  0.33, -0.31,  0.15, -0.11, -0.13, -0.25, -0.2 ])]), Brain.MemoryInstance(episode=24, reward=4.37, t_alive=2, H_W=[array([ 0.11, -0.05, -0.4 , -0.24, -0.05,  0.26,  0.27,  0.03,  0.18]), array([ 0.06,  0.54,  0.46,  0.17, -0.08, -0.29,  0.1 ,  0.23,  0.18]), array([ 0.13,  0.25,  0.24,  0.14, -0.02,  0.33, -0.39, -0.1 , -0.49]), array([ 0.03,  0.04, -0.02, -0.07, -0.15,  0.04,  0.12,  0.36, -0.39]), array([ 0.11, -0.28,  0.28, -0.18, -0.27,  0.3 ,  0.1 ,  0.22,  0.15]), array([-0.01, -0.24,  0.32, -0.36, -0.22,  0.22, -0.18, -0.27,  0.52]), array([-0.2 , -0.31,  0.17,  0.17,  0.27, -0.26,  0.14,  0.11,  0.01]), array([ 0.2 ,  0.52, -0.17, -0.27,  0.26, -0.3 ,  0.11, -0.29,  0.57]), array([ 0.23,  0.03, -0.67,  0.42,  0.19, -0.54, -0.28, -0.22,  0.02]), array([ 0.18,  0.35,  0.01, -0.25,  0.04,  0.05, -0.23,  0.12, -0.26]), array([ 0.39, -0.35,  0.14,  0.2 ,  0.13, -0.3 , -0.11, -0.56, -0.19]), array([ 0.12,  0.35,  0.43,  0.19,  0.41,  0.05,  0.21,  0.11, -0.04]), array([ 0.17,  0.26, -0.04,  0.24,  0.13, -0.22,  0.12,  0.01,  0.34]), array([-0.14, -0.22, -0.24, -0.11,  0.11,  0.12,  0.1 ,  0.1 ,  0.39]), array([ 0.43, -0.27,  0.02, -0.55, -0.11, -0.18,  0.17,  0.31, -0.38]), array([ 0.14,  0.11,  0.02,  0.11,  0.1 ,  0.03, -0.17, -0.13,  0.46]), array([-0.09, -0.3 ,  0.14, -0.63,  0.54, -0.05,  0.54, -0.27, -0.55]), array([ 0.34, -0.4 ,  0.21,  0.23, -0.25,  0.07, -0.3 , -0.42,  0.32]), array([-0.54,  0.26,  0.22,  0.05,  0.15, -0.18,  0.18,  0.2 ,  0.12]), array([-0.27, -0.29, -0.13, -0.27,  0.1 , -0.2 , -0.24, -0.34,  0.01]), array([ 0.2 ,  0.12, -0.36,  0.52, -0.35, -0.67,  0.18,  0.13, -0.61]), array([-0.18, -0.  ,  0.23,  0.17,  0.05,  0.04,  0.13,  0.36, -0.03]), array([-0.08,  0.43,  0.03,  0.17, -0.13, -0.09, -0.48,  0.16,  0.35]), array([-0.24, -0.27, -0.31, -0.35, -0.33,  0.13,  0.42, -0.24, -0.33])], O_W=[array([ 0.35, -0.02,  0.34,  0.36,  0.01, -0.11, -0.13,  0.01, -0.27]), array([-0.37,  0.06,  0.1 ,  0.1 ,  0.13, -0.41, -0.33, -0.53, -0.54]), array([ 0.02,  0.09, -0.54,  0.03, -0.23, -0.31,  0.39,  0.11,  0.09]), array([-0.07,  0.01,  0.32, -0.36, -0.38,  0.02,  0.25,  0.46,  0.14]), array([-0.01, -0.17, -0.25, -0.22,  0.12,  0.34, -0.04,  0.12,  0.19]), array([-0.3 , -0.23, -0.39, -0.32, -0.45,  0.31, -0.01, -0.37, -0.38]), array([-0.35,  0.03,  0.17,  0.21, -0.04,  0.02,  0.53,  0.52,  0.48]), array([-0.28,  0.03,  0.01, -0.07, -0.11, -0.12, -0.04, -0.27, -0.38]), array([-0.25,  0.45,  0.24, -0.37, -0.55,  0.54, -0.25, -0.01, -0.1 ])])]
DEBUG :: new_generation :: Generation_Parents: [Brain.MemoryInstance(episode=28, reward=4.1899999999999995, t_alive=1, H_W=array([[ 0.01 ,  0.09 ,  0.04 , -0.18 , -0.35 ,  0.3  , -0.23 ,  0.79 ,
         0.02 ],
       [ 0.06 ,  0.27 ,  0.16 ,  0.17 , -0.21 , -0.29 ,  0.1  , -0.23 ,
        -0.01 ],
       [ 0.1  ,  0.24 , -0.2  ,  0.01 , -0.02 , -0.04 ,  0.11 ,  0.24 ,
        -0.01 ],
       [ 0.03 ,  0.924, -0.02 , -0.07 , -0.02 ,  0.13 ,  0.18 ,  0.32 ,
        -0.33 ],
       [ 0.11 , -0.08 ,  0.28 , -0.43 , -0.27 ,  0.24 ,  0.57 ,  0.22 ,
         0.15 ],
       [-0.23 ,  0.17 , -0.09 , -0.2  , -0.04 , -0.42 , -0.02 , -0.42 ,
         0.27 ],
       [-0.2  , -0.6  , -0.15 ,  0.17 ,  0.31 ,  0.03 , -0.2  , -0.24 ,
         0.01 ],
       [ 0.2  ,  0.02 ,  0.32 , -0.13 ,  0.26 , -0.3  ,  0.06 , -0.4  ,
        -0.28 ],
       [ 0.32 , -0.   ,  0.21 , -0.06 , -0.09 ,  0.18 , -0.34 , -0.13 ,
        -0.02 ],
       [ 0.08 ,  0.35 , -0.3  , -0.25 ,  0.04 ,  0.39 ,  0.08 ,  0.3  ,
         0.02 ],
       [-0.24 ,  0.27 , -0.03 , -0.32 ,  0.41 ,  0.5  , -0.32 , -0.52 ,
        -0.13 ],
       [-0.44 , -0.26 , -0.14 ,  0.19 , -0.09 , -0.13 ,  0.17 ,  0.4  ,
        -0.05 ],
       [-0.17 ,  0.26 ,  0.24 ,  0.24 ,  0.13 , -0.07 , -0.05 ,  0.09 ,
         0.34 ],
       [-0.03 ,  0.29 , -0.24 , -0.31 , -0.32 , -0.4  ,  0.1  , -0.12 ,
         0.01 ],
       [-0.06 , -0.28 ,  0.02 , -0.55 , -0.11 ,  0.39 ,  0.17 , -0.14 ,
         0.32 ],
       [-0.07 ,  0.21 ,  0.13 , -0.13 ,  0.6  ,  0.03 , -0.17 ,  0.08 ,
         0.09 ],
       [-0.09 , -0.03 ,  0.26 , -0.09 ,  0.06 , -0.19 , -0.58 , -0.27 ,
         0.17 ],
       [ 0.15 , -0.4  ,  0.23 ,  0.23 , -0.3  , -0.1  , -0.3  , -0.04 ,
         0.32 ],
       [-0.42 ,  0.84 ,  0.55 ,  0.05 , -0.52 ,  0.42 ,  0.45 ,  0.2  ,
         0.   ],
       [-0.27 ,  0.   ,  0.33 , -0.27 , -0.09 , -0.2  ,  0.3  ,  0.37 ,
        -0.14 ],
       [ 0.32 ,  0.03 , -0.66 ,  0.09 ,  0.12 , -0.11 ,  0.16 ,  0.13 ,
        -0.61 ],
       [-0.05 ,  0.39 ,  0.47 ,  0.57 ,  0.27 ,  0.18 , -0.06 ,  0.36 ,
        -0.16 ],
       [ 0.32 ,  0.01 ,  0.03 , -0.53 ,  0.45 ,  0.04 ,  0.39 ,  0.31 ,
        -0.35 ],
       [-0.24 ,  0.39 ,  0.09 ,  0.21 ,  0.15 , -0.29 ,  0.42 , -0.24 ,
         0.44 ]]), O_W=array([[ 0.02, -0.02,  0.27,  0.36,  0.15, -0.11, -0.11,  0.01, -0.27],
       [ 0.2 ,  0.12,  0.09,  0.17,  0.27,  0.4 , -0.33,  0.32,  0.17],
       [-0.4 ,  0.09,  0.29,  0.33, -0.07, -0.31, -0.4 ,  0.11,  0.12],
       [ 0.23, -0.23,  0.32, -0.36, -0.4 , -0.2 , -0.04,  0.46, -0.67],
       [-0.01,  0.01,  0.39,  0.32,  0.12, -0.63,  0.62, -0.03,  0.06],
       [ 0.12, -0.23,  0.31, -0.3 , -0.37,  0.31,  0.19, -0.37,  0.1 ],
       [-0.35,  0.03,  0.17,  0.21,  0.05,  0.02, -0.53,  0.52, -0.23],
       [-0.28, -0.  ,  0.16, -0.3 ,  0.27,  0.03,  0.03,  0.43, -0.01],
       [-0.05,  0.1 ,  0.33, -0.37,  0.15,  0.54, -0.13, -0.25, -0.2 ]])), Brain.MemoryInstance(episode=30, reward=4.54, t_alive=3, H_W=array([[ 0.05, -0.13, -0.09, -0.2 ,  0.04, -0.1 ,  0.11,  0.  , -0.06],
       [-0.  , -0.04, -0.45, -0.28,  0.34,  0.03,  0.  ,  0.63, -0.16],
       [ 0.05,  0.54, -0.29,  0.01,  0.09,  0.14,  0.05, -0.32, -0.25],
       [-0.24, -0.35, -0.51,  0.75, -0.2 , -0.35,  0.14, -0.08,  0.14],
       [ 0.28, -0.02, -0.31, -0.07, -0.25, -0.05,  0.01, -0.2 ,  0.4 ],
       [-0.25,  0.  ,  0.06, -0.33, -0.35,  0.07,  0.26, -0.2 , -0.11],
       [ 0.05,  0.2 ,  0.05,  0.13,  0.23, -0.37, -0.2 , -0.23,  0.1 ],
       [-0.56,  0.25,  0.47, -0.52, -0.31, -0.36,  0.1 , -0.25,  0.05],
       [-0.6 ,  0.06, -0.21,  0.99, -0.3 ,  0.11, -0.13, -0.05, -0.06],
       [-0.3 , -0.28, -0.32, -0.57,  0.03, -0.43, -0.28, -0.01, -0.07],
       [ 0.02,  0.07, -0.15,  0.26, -0.52, -0.18, -0.04,  0.42,  0.32],
       [-0.45,  0.36,  0.24, -0.2 ,  0.04,  0.29, -0.14, -0.28,  0.47],
       [ 0.34, -0.16, -0.16,  0.25, -0.31, -0.22,  0.25,  0.27, -0.28],
       [-0.12,  0.32,  0.3 ,  0.46, -0.3 ,  0.1 ,  0.  ,  0.04,  0.1 ],
       [ 0.08,  0.45, -0.07,  0.02,  0.16,  0.26, -0.04,  0.47,  0.2 ],
       [ 0.19,  0.52, -0.43,  0.14, -0.46,  0.26,  0.69,  0.48,  0.04],
       [ 0.17,  0.22, -0.34,  0.03, -0.11,  0.39, -0.17, -0.07, -0.19],
       [ 0.08, -0.06, -0.21,  0.31, -0.07,  0.23, -0.3 , -0.05, -0.1 ],
       [ 0.37, -0.17,  0.47,  0.2 , -0.17,  0.1 ,  0.44,  0.63,  0.36],
       [ 0.44,  0.13,  0.23,  0.27,  0.06,  0.5 , -0.19,  0.11, -0.09],
       [ 0.02,  0.41,  0.24, -0.15,  0.32,  0.16,  0.07, -0.2 , -0.09],
       [-0.54,  0.44, -0.22,  0.16, -0.  , -0.21, -0.28,  0.18,  0.16],
       [ 0.53, -0.04,  0.17,  0.37, -0.17, -0.04, -0.2 ,  0.33, -0.09],
       [-0.13,  0.25, -0.03,  0.41,  0.22, -0.52, -0.34,  0.44,  0.1 ]]), O_W=array([[ 0.23   ,  0.12   ,  0.21   , -0.25   , -0.04   , -0.21375,
        -0.25   , -0.31   ,  0.09   ],
       [ 0.23   , -0.     ,  0.1    , -0.14   ,  0.24   ,  0.09   ,
        -0.23   , -0.23   ,  0.16   ],
       [ 0.33   , -0.22   , -0.02   ,  0.33   ,  0.14   , -0.45   ,
        -0.38   ,  0.31   ,  0.1    ],
       [-0.24   ,  0.31   , -0.58   , -0.27   ,  0.24   ,  0.16   ,
        -0.17   ,  0.17   ,  0.03   ],
       [ 0.1    , -0.44   ,  0.26   , -0.13   ,  0.04   ,  0.04   ,
         0.36   , -0.38   , -0.4    ],
       [ 0.05   ,  0.75   , -0.1    , -0.08   ,  0.1    ,  0.29   ,
         0.54   ,  0.07   ,  0.08   ],
       [ 0.02   , -0.25   , -0.25   , -0.16   , -0.32   , -0.19   ,
        -0.73   ,  0.16   ,  0.4    ],
       [ 0.05   , -0.39   ,  0.3    , -0.4    , -0.08   ,  0.19   ,
         0.04   ,  0.09   , -0.06   ],
       [-0.25   ,  0.13   , -0.1    ,  0.59   , -0.18   ,  0.38   ,
        -0.32   , -0.07   , -0.14   ]])), Brain.MemoryInstance(episode=32, reward=4.1899999999999995, t_alive=1, H_W=array([[-0.02,  0.09,  0.12, -0.18,  0.04, -0.19,  0.11,  0.03,  0.18],
       [-0.  ,  0.54,  0.27,  0.17, -0.21, -0.29,  0.  , -0.23, -0.01],
       [-0.3 ,  0.25, -0.2 ,  0.01, -0.46, -0.04,  0.63, -0.32,  0.27],
       [-0.24,  0.84, -0.02,  0.27,  0.12,  0.13,  0.21, -0.73, -0.39],
       [ 0.11,  0.7 , -0.31, -0.18, -0.09,  0.3 ,  0.57, -0.2 , -0.01],
       [-0.23,  0.  ,  0.12,  0.12, -0.35,  0.43, -0.02, -0.42, -0.02],
       [ 0.2 ,  0.2 , -0.53, -0.31,  0.31, -0.37, -0.11, -0.23,  0.33],
       [-0.36,  0.02,  0.47,  0.63, -0.02, -0.3 ,  0.06, -0.29,  0.57],
       [-0.6 , -0.  , -0.21,  0.42,  0.19,  0.18, -0.12, -0.05, -0.06],
       [ 0.13,  0.35, -0.3 , -0.25,  0.04,  0.39, -0.34,  0.3 , -0.34],
       [ 0.41, -0.35, -0.15, -0.32,  0.41, -0.17, -0.32, -0.52,  0.32],
       [-0.44,  0.35,  0.43, -0.  , -0.01,  0.05,  0.17,  0.11, -0.09],
       [-0.17,  0.26, -0.23,  0.25,  0.35, -0.07, -0.07,  0.09, -0.28],
       [-0.12, -0.22, -0.24, -0.11,  0.11,  0.1 ,  0.1 , -0.24,  0.39],
       [-0.06,  0.45,  0.  , -0.02,  0.16,  0.26,  0.17,  0.47,  0.32],
       [-0.07,  0.06, -0.43, -0.15,  0.1 ,  0.03,  0.27, -0.13,  0.3 ],
       [ 0.17, -0.03,  0.14, -0.14,  0.06,  0.2 , -0.39, -0.07,  0.48],
       [ 0.15, -0.09, -0.21,  0.31,  0.28,  0.23, -0.3 , -0.42,  0.32],
       [-0.54,  0.84,  0.55,  0.4 , -0.52,  0.1 , -0.13,  0.63,  0.  ],
       [ 0.44, -0.11,  0.23,  0.27,  0.05,  0.23,  0.64,  0.11,  0.01],
       [ 0.32,  0.03,  0.24,  0.09,  0.12, -0.11,  0.07,  0.13, -0.61],
       [-0.54,  0.44, -0.22,  0.57,  0.27, -0.32,  0.13,  0.36,  0.16],
       [ 0.08,  0.01,  0.17, -0.53,  0.45, -0.04, -0.48,  0.14, -0.09],
       [ 0.1 ,  0.25, -0.15, -0.35, -0.33, -0.25, -0.34, -0.06,  0.44]]), O_W=array([[ 0.02      ,  0.12      ,  0.21      ,  0.36      ,  0.15      ,
         0.27      , -0.25      ,  0.01      ,  0.03      ],
       [ 0.2       ,  0.12      ,  0.1       , -0.35      ,  0.24      ,
         0.09      , -0.23      , -0.53      ,  0.17      ],
       [-0.4       ,  0.09      , -0.45      ,  0.44      ,  0.16      ,
        -0.45      ,  0.39      ,  0.41      ,  0.12      ],
       [ 0.03      ,  0.01      ,  0.07      , -0.36      , -0.33      ,
        -0.2       , -0.04      ,  0.46      , -0.67      ],
       [ 0.1       ,  0.01      ,  0.39      , -0.13      ,  0.12      ,
        -0.63      ,  0.62      , -0.03      ,  0.06      ],
       [ 0.32      , -0.23      , -0.39      , -0.53      ,  0.1       ,
         0.31      ,  0.54      , -0.42285714,  0.1       ],
       [-0.35      ,  0.03      ,  0.17      ,  0.63      , -0.04      ,
        -0.19      , -0.73      ,  0.52      , -0.23      ],
       [ 0.09      ,  0.36      ,  0.1       , -0.36      , -0.08      ,
         0.16      , -0.32      ,  0.09      , -0.01      ],
       [-0.25      ,  0.19      , -0.1       ,  0.59      ,  0.15      ,
         0.54      ,  0.19      , -0.07      , -0.47      ]])), Brain.MemoryInstance(episode=33, reward=4.1899999999999995, t_alive=1, H_W=array([[ 0.01,  0.09, -0.09, -0.2 , -0.35,  0.3 ,  0.11,  0.79,  0.02],
       [-0.  , -0.04,  0.16,  0.17, -0.21,  0.03,  0.1 , -0.23, -0.01],
       [ 0.05,  0.24, -0.29,  0.01, -0.02,  0.14,  0.05,  0.24, -0.01],
       [-0.24,  0.84, -0.51, -0.07, -0.2 , -0.35,  0.18,  0.32, -0.33],
       [ 0.28, -0.02,  0.28, -0.43, -0.25, -0.05,  0.01, -0.2 ,  0.15],
       [-0.23,  0.  ,  0.06, -0.33, -0.04, -0.42,  0.26, -0.2 , -0.11],
       [ 0.05, -0.6 , -0.15,  0.13,  0.23, -0.37, -0.2 , -0.24,  0.1 ],
       [ 0.2 ,  0.02,  0.32, -0.13, -0.31, -0.3 ,  0.06, -0.25,  0.05],
       [-0.6 ,  0.06, -0.21,  0.99, -0.09,  0.11, -0.13, -0.05, -0.06],
       [ 0.08,  0.35, -0.3 , -0.57,  0.04,  0.39, -0.28, -0.01, -0.07],
       [-0.24,  0.27, -0.03, -0.32,  0.41, -0.18, -0.32,  0.42, -0.13],
       [-0.45, -0.26, -0.14, -0.2 , -0.09,  0.29,  0.17,  0.4 , -0.05],
       [-0.17,  0.26, -0.16,  0.25,  0.13, -0.07,  0.25,  0.27, -0.28],
       [-0.03,  0.32, -0.24,  0.46, -0.32,  0.1 ,  0.1 ,  0.04,  0.01],
       [ 0.08,  0.45, -0.07, -0.55, -0.11,  0.26, -0.04,  0.47,  0.2 ],
       [ 0.19,  0.21,  0.13, -0.13, -0.46,  0.26,  0.69,  0.08,  0.04],
       [-0.09, -0.03, -0.34,  0.03, -0.11,  0.39, -0.58, -0.27,  0.17],
       [ 0.08, -0.4 ,  0.23,  0.31, -0.3 , -0.1 , -0.3 , -0.04,  0.32],
       [-0.42, -0.17,  0.47,  0.2 , -0.17,  0.42,  0.44,  0.63,  0.36],
       [-0.27,  0.13,  0.23, -0.27, -0.09,  0.5 , -0.19,  0.37, -0.09],
       [ 0.32,  0.41, -0.66,  0.09,  0.12, -0.11,  0.16,  0.13, -0.09],
       [-0.05,  0.39,  0.47,  0.16,  0.27,  0.18, -0.28,  0.18, -0.16],
       [ 0.32, -0.04,  0.03, -0.53,  0.45,  0.04, -0.2 ,  0.33, -0.35],
       [-0.13,  0.39,  0.09,  0.41,  0.22, -0.29, -0.34, -0.24,  0.1 ]]), O_W=array([[ 0.02, -0.02,  0.21, -0.25, -0.04, -0.19, -0.25, -0.31,  0.09],
       [ 0.23,  0.12,  0.09, -0.14,  0.24,  0.4 , -0.23, -0.23,  0.17],
       [-0.4 ,  0.09, -0.02,  0.33, -0.07, -0.31, -0.38,  0.11,  0.1 ],
       [-0.24, -0.23,  0.32, -0.27,  0.24, -0.2 , -0.17,  0.46, -0.67],
       [-0.01, -0.44,  0.39,  0.32,  0.04, -0.63,  0.62, -0.38, -0.4 ],
       [ 0.12, -0.23,  0.31, -0.08,  0.1 ,  0.31,  0.54,  0.07,  0.1 ],
       [-0.35,  0.03,  0.17,  0.21,  0.05, -0.19, -0.73,  0.16, -0.23],
       [ 0.05, -0.39,  0.16, -0.4 , -0.08,  0.03,  0.04,  0.09, -0.06],
       [-0.25,  0.1 , -0.1 , -0.37, -0.18,  0.38, -0.32, -0.25, -0.2 ]])), Brain.MemoryInstance(episode=41, reward=4.699999999999999, t_alive=4, H_W=array([[ 0.05,  0.09, -0.09, -0.2 ,  0.04,  0.3 ,  0.11,  0.53, -0.23],
       [-0.  , -0.23,  0.27, -0.28,  0.34, -0.1 ,  0.  , -0.58, -0.16],
       [ 0.05,  0.26, -0.29, -0.12, -0.08,  0.14, -0.18, -0.32, -0.25],
       [-0.24, -0.35, -0.02,  0.27,  0.31, -0.35,  0.14,  0.8 , -0.39],
       [ 0.28, -0.02, -0.31, -0.07,  0.14, -0.05,  0.24, -0.2 ,  0.4 ],
       [-0.25, -0.53,  0.06, -0.33, -0.35,  0.07,  0.26, -0.2 ,  0.01],
       [ 0.05, -0.1 ,  0.05,  0.49,  0.31, -0.2 , -0.2 ,  0.28,  0.1 ],
       [ 0.31,  0.25,  0.47, -0.52, -0.31, -0.3 ,  0.1 , -0.25, -0.11],
       [-0.6 , -0.07, -0.21, -0.23, -0.3 ,  0.11, -0.13, -0.05, -0.06],
       [-0.3 , -0.28, -0.32, -0.57,  0.03, -0.02, -0.28, -0.01, -0.07],
       [ 0.02,  0.07, -0.15,  0.26,  0.41, -0.18, -0.32,  0.4 ,  0.32],
       [-0.45,  0.36, -0.13,  0.4 ,  0.04,  0.05, -0.14, -0.1 ,  0.47],
       [ 0.34, -0.16, -0.16,  0.25,  0.35,  0.18,  0.01,  0.09, -0.28],
       [-0.12,  0.32,  0.3 ,  0.46,  0.11,  0.1 ,  0.  ,  0.04, -0.58],
       [ 0.08,  0.45, -0.22,  0.02,  0.16,  0.26,  0.17,  0.47,  0.2 ],
       [ 0.19,  0.14, -0.18,  0.14,  0.42,  0.26, -0.17,  0.48,  0.04],
       [ 0.17,  0.22, -0.34,  0.03, -0.11,  0.39, -0.17,  0.32, -0.19],
       [ 0.15, -0.09, -0.21,  0.31,  0.28,  0.23, -0.3 , -0.11, -0.1 ],
       [ 0.37, -0.17,  0.47,  0.2 , -0.52,  0.1 ,  0.44,  0.2 ,  0.36],
       [ 0.44,  0.13,  0.23,  0.27,  0.06,  0.5 ,  0.64,  0.11, -0.09],
       [ 0.02,  0.41, -0.66, -0.48,  0.12,  0.16,  0.07, -0.2 ,  0.28],
       [-0.54,  0.44,  0.22,  0.57, -0.  , -0.21, -0.28,  0.35, -0.03],
       [ 0.53, -0.04,  0.17,  0.37, -0.17, -0.04, -0.48,  0.31, -0.09],
       [-0.13,  0.25, -0.03,  0.41, -0.33,  0.15, -0.34, -0.24,  0.1 ]]), O_W=array([[ 0.18,  0.12,  0.21,  0.2 , -0.04,  0.27, -0.25,  0.21,  0.09],
       [ 0.23, -0.  ,  0.1 , -0.14,  0.24,  0.09, -0.33, -0.53,  0.16],
       [ 0.33, -0.07, -0.45,  0.44,  0.03,  0.4 , -0.38,  0.31,  0.1 ],
       [-0.24,  0.31, -0.58,  0.53,  0.24,  0.45, -0.17,  0.17, -0.11],
       [ 0.1 , -0.36,  0.26, -0.13,  0.04,  0.04,  0.36, -0.38, -0.18],
       [ 0.05,  0.75, -0.1 , -0.08,  0.44,  0.35,  0.14,  0.23, -0.49],
       [ 0.02,  0.32,  0.17,  0.16, -0.25, -0.19, -0.73,  0.44,  0.4 ],
       [ 0.05,  0.36, -0.25,  0.18, -0.08,  0.19,  0.05,  0.09, -0.01],
       [-0.25,  0.13,  0.33,  0.59, -0.18,  0.38, -0.13, -0.07, -0.14]])), Brain.MemoryInstance(episode=48, reward=4.37, t_alive=9, H_W=array([[-0.02, -0.13, -0.09, -0.2 ,  0.04, -0.1 ,  0.11,  0.53, -0.06],
       [-0.  , -0.23,  0.27, -0.28,  0.34,  0.03,  0.  ,  0.63, -0.16],
       [ 0.05,  0.54, -0.29,  0.01, -0.08,  0.14,  0.05, -0.32,  0.27],
       [-0.24, -0.35, -0.51,  0.75, -0.2 , -0.35,  0.14, -0.08, -0.39],
       [ 0.28,  0.7 , -0.31, -0.07, -0.09, -0.31, -0.43, -0.2 ,  0.4 ],
       [-0.25,  0.  ,  0.12, -0.33, -0.35,  0.43,  0.26, -0.2 , -0.11],
       [ 0.05,  0.2 ,  0.05, -0.31, -0.4 , -0.37, -0.11, -0.23,  0.33],
       [-0.56,  0.02,  0.47, -0.52, -0.31, -0.3 ,  0.1 , -0.02,  0.05],
       [-0.6 , -0.47, -0.21,  0.99, -0.3 ,  0.11, -0.13, -0.05, -0.06],
       [-0.3 , -0.28, -0.32, -0.57,  0.03, -0.43, -0.28, -0.18, -0.07],
       [ 0.02,  0.07, -0.15,  0.26, -0.52, -0.18, -0.32,  0.4 ,  0.32],
       [-0.45,  0.36, -0.13, -0.  ,  0.04,  0.29, -0.01, -0.28, -0.09],
       [ 0.19, -0.16, -0.23,  0.25,  0.35, -0.22, -0.07,  0.27, -0.28],
       [-0.12,  0.13,  0.3 ,  0.46,  0.11,  0.1 ,  0.  ,  0.04,  0.1 ],
       [ 0.29,  0.45,  0.  , -0.02,  0.16,  0.26, -0.04,  0.47, -0.05],
       [ 0.19,  0.52, -0.43,  0.14, -0.46,  0.26,  0.69,  0.48,  0.04],
       [ 0.17,  0.22, -0.34,  0.03, -0.11,  0.39, -0.17,  0.32,  0.48],
       [ 0.08, -0.09, -0.21,  0.31,  0.28,  0.23, -0.3 , -0.45, -0.1 ],
       [ 0.37, -0.17,  0.47,  0.2 , -0.17,  0.1 , -0.13,  0.63,  0.36],
       [ 0.44, -0.11,  0.23,  0.27,  0.06,  0.23,  0.64,  0.11, -0.09],
       [ 0.02,  0.41,  0.24, -0.15,  0.32, -0.2 ,  0.07, -0.2 , -0.09],
       [-0.54,  0.44,  0.22,  0.57, -0.  , -0.21, -0.28,  0.35,  0.16],
       [ 0.53, -0.04,  0.17,  0.37, -0.17, -0.04, -0.48,  0.33, -0.09],
       [-0.13,  0.25, -0.15,  0.41, -0.33, -0.25, -0.34, -0.44,  0.1 ]]), O_W=array([[ 0.23,  0.12,  0.21, -0.25, -0.04,  0.27, -0.25,  0.07,  0.09],
       [ 0.23, -0.19,  0.1 , -0.14,  0.24,  0.09, -0.23, -0.53,  0.16],
       [ 0.33, -0.07, -0.45,  0.33,  0.14, -0.45, -0.38,  0.31,  0.1 ],
       [-0.24,  0.31, -0.58, -0.15,  0.24,  0.16, -0.17, -0.35, -0.11],
       [ 0.1 , -0.36,  0.26, -0.13,  0.04, -0.46,  0.36, -0.38, -0.18],
       [ 0.32,  0.75, -0.1 , -0.08,  0.1 ,  0.31,  0.14,  0.07,  0.08],
       [-0.35,  0.32, -0.25,  0.63, -0.32, -0.19, -0.73,  0.44,  0.4 ],
       [ 0.05,  0.36,  0.1 ,  0.18, -0.08,  0.19, -0.32,  0.09, -0.06],
       [-0.25,  0.13, -0.1 ,  0.59, -0.26,  0.38,  0.19, -0.07, -0.47]]))]
DEBUG :: new_generation :: Generation_Parents: [Brain.MemoryInstance(episode=51, reward=4.54, t_alive=3, H_W=array([[ 0.05,  0.09, -0.09, -0.2 , -0.35, -0.1 ,  0.11,  0.79, -0.06],
       [-0.  , -0.04, -0.45,  0.17,  0.34,  0.03,  0.  , -0.23, -0.01],
       [ 0.05,  0.24, -0.29,  0.01, -0.02,  0.14,  0.05, -0.32, -0.25],
       [-0.24,  0.84, -0.51,  0.75, -0.2 , -0.35,  0.18,  0.32, -0.33],
       [ 0.28, -0.02, -0.31, -0.43, -0.25, -0.05,  0.01, -0.2 ,  0.4 ],
       [-0.23,  0.  ,  0.06, -0.33, -0.04,  0.07,  0.26, -0.2 , -0.11],
       [ 0.05,  0.2 , -0.15,  0.13,  0.23, -0.37, -0.2 , -0.24,  0.1 ],
       [-0.56,  0.02,  0.32, -0.52, -0.31, -0.36,  0.06, -0.25,  0.05],
       [-0.6 ,  0.06, -0.21,  0.99, -0.09,  0.11, -0.13, -0.05, -0.06],
       [ 0.08,  0.35, -0.3 , -0.57,  0.03, -0.43, -0.28, -0.01, -0.07],
       [-0.24,  0.27, -0.03,  0.26,  0.41, -0.18, -0.32,  0.42, -0.13],
       [-0.45,  0.36, -0.14, -0.2 ,  0.04,  0.29, -0.14,  0.4 , -0.05],
       [-0.17, -0.16, -0.16,  0.25,  0.13, -0.22,  0.25,  0.27, -0.28],
       [-0.03,  0.32,  0.3 ,  0.46, -0.32,  0.1 ,  0.1 ,  0.04,  0.1 ],
       [ 0.08,  0.45, -0.07,  0.02, -0.11,  0.26, -0.04,  0.47,  0.2 ],
       [ 0.19,  0.52, -0.43,  0.14, -0.46,  0.26,  0.69,  0.48,  0.04],
       [ 0.17,  0.22, -0.34,  0.03, -0.11,  0.39, -0.58, -0.07, -0.19],
       [ 0.08, -0.06, -0.21,  0.31, -0.3 , -0.1 , -0.3 , -0.04,  0.32],
       [ 0.37, -0.17,  0.47,  0.2 , -0.17,  0.42,  0.44,  0.63,  0.36],
       [ 0.44,  0.13,  0.23,  0.27,  0.06,  0.5 , -0.19,  0.37, -0.09],
       [ 0.32,  0.41, -0.66,  0.09,  0.12,  0.16,  0.16,  0.13, -0.09],
       [-0.05,  0.39, -0.22,  0.16, -0.  ,  0.18, -0.28,  0.18,  0.16],
       [ 0.53, -0.04,  0.17, -0.53, -0.17,  0.04, -0.2 ,  0.33, -0.35],
       [-0.13,  0.25,  0.09,  0.41,  0.22, -0.29, -0.34, -0.24,  0.1 ]]), O_W=array([[ 0.02   , -0.02   ,  0.21   , -0.25   , -0.04   , -0.21375,
        -0.25   , -0.31   ,  0.09   ],
       [ 0.23   , -0.     ,  0.1    , -0.14   ,  0.24   ,  0.4    ,
        -0.23   , -0.23   ,  0.16   ],
       [-0.4    , -0.22   , -0.02   ,  0.33   , -0.07   , -0.31   ,
        -0.38   ,  0.1375 ,  0.1    ],
       [-0.24   , -0.23   , -0.58   , -0.27   ,  0.24   ,  0.16   ,
        -0.17   ,  0.17   ,  0.03   ],
       [ 0.1    , -0.44   ,  0.26   ,  0.32   ,  0.04   , -0.63   ,
         0.36   , -0.38   , -0.4    ],
       [ 0.05   ,  0.75   ,  0.31   , -0.08   ,  0.1    ,  0.29   ,
         0.54   ,  0.07   ,  0.08   ],
       [ 0.02   ,  0.03   , -0.25   , -0.16   , -0.32   , -0.19   ,
        -0.73   ,  0.16   , -0.23   ],
       [ 0.05   , -0.39   ,  0.3    , -0.4    , -0.08   ,  0.03   ,
         0.04   ,  0.09   , -0.06   ],
       [-0.25   ,  0.13   , -0.1    , -0.37   , -0.18   ,  0.38   ,
        -0.32   , -0.07   , -0.2    ]])), Brain.MemoryInstance(episode=53, reward=7.359999999999999, t_alive=3, H_W=array([[ 0.05,  0.09, -0.09, -0.2 , -0.35,  0.3 ,  0.11,  0.79, -0.06],
       [-0.  , -0.04, -0.45,  0.17,  0.34,  0.03,  0.1 , -0.23, -0.01],
       [ 0.05,  0.24, -0.29,  0.01, -0.02,  0.14,  0.05, -0.32, -0.01],
       [-0.24,  0.84, -0.51,  0.75, -0.2 , -0.35,  0.18,  0.32, -0.33],
       [ 0.28, -0.02, -0.31, -0.43, -0.25, -0.05,  0.01, -0.2 ,  0.15],
       [-0.23,  0.  ,  0.06, -0.33, -0.04,  0.07,  0.26, -0.2 , -0.11],
       [ 0.05,  0.2 , -0.15,  0.13,  0.23, -0.37, -0.2 , -0.24,  0.1 ],
       [ 0.2 ,  0.02,  0.32, -0.13, -0.31, -0.3 ,  0.06, -0.25,  0.05],
       [-0.6 ,  0.06, -0.21,  0.99, -0.09,  0.11, -0.13, -0.05, -0.06],
       [ 0.08,  0.35, -0.3 , -0.57,  0.04,  0.39, -0.28, -0.01, -0.07],
       [-0.24,  0.27, -0.03,  0.26,  0.41, -0.18, -0.32,  0.42, -0.13],
       [-0.45,  0.36, -0.14, -0.2 ,  0.04,  0.29,  0.17,  0.4 , -0.05],
       [-0.17, -0.16, -0.16,  0.25,  0.13, -0.07,  0.25,  0.27, -0.28],
       [-0.03,  0.32,  0.3 ,  0.46, -0.32,  0.1 ,  0.1 ,  0.04,  0.1 ],
       [ 0.08,  0.45, -0.07,  0.02, -0.11,  0.26, -0.04,  0.47,  0.2 ],
       [ 0.19,  0.52,  0.13, -0.13, -0.46,  0.26,  0.69,  0.08,  0.04],
       [-0.09, -0.03, -0.34,  0.03, -0.11,  0.39, -0.58, -0.07,  0.17],
       [ 0.08, -0.06, -0.21,  0.31, -0.3 , -0.1 , -0.3 , -0.04,  0.32],
       [-0.42, -0.17,  0.47,  0.2 , -0.17,  0.42,  0.44,  0.63,  0.36],
       [-0.27,  0.13,  0.23, -0.27,  0.06,  0.5 , -0.19,  0.37, -0.09],
       [ 0.32,  0.41, -0.66,  0.09,  0.12, -0.11,  0.16,  0.13, -0.09],
       [-0.05,  0.39, -0.22,  0.16, -0.  ,  0.18, -0.28,  0.18,  0.16],
       [ 0.32, -0.04,  0.17, -0.53,  0.45,  0.04, -0.2 ,  0.33, -0.35],
       [-0.13,  0.39,  0.09,  0.41,  0.22, -0.29, -0.34, -0.24,  0.1 ]]), O_W=array([[ 0.02   , -0.02   ,  0.21   , -0.25   , -0.04   , -0.21375,
        -0.25   , -0.31   ,  0.09   ],
       [ 0.23   , -0.     ,  0.1    , -0.14   ,  0.24   ,  0.4    ,
        -0.23   , -0.23   ,  0.17   ],
       [-0.4    ,  0.09   , -0.02   ,  0.33   , -0.07   , -0.31   ,
        -0.38   ,  0.11   ,  0.1    ],
       [-0.24   , -0.23   ,  0.32   , -0.27   ,  0.24   , -0.2    ,
        -0.17   ,  0.46   ,  0.03   ],
       [ 0.1    , -0.44   ,  0.26   ,  0.32   ,  0.04   , -0.63   ,
         0.36   , -0.38   , -0.4    ],
       [ 0.12   ,  0.75   ,  0.31   , -0.08   ,  0.1    ,  0.29   ,
         0.54   ,  0.07   ,  0.1    ],
       [-0.35   ,  0.03   ,  0.17   , -0.16   , -0.32   , -0.19   ,
        -0.73   ,  0.16   , -0.23   ],
       [ 0.05   , -0.39   ,  0.3    , -0.4    , -0.08   ,  0.03   ,
         0.04   ,  0.09   , -0.06   ],
       [-0.25   ,  0.1    , -0.1    , -0.37   , -0.18   ,  0.38   ,
        -0.32   , -0.25   , -0.2    ]])), Brain.MemoryInstance(episode=54, reward=4.54, t_alive=3, H_W=array([[ 0.05 ,  0.09 , -0.09 , -0.2  , -0.35 , -0.1  ,  0.11 ,  0.79 ,
        -0.048],
       [-0.   , -0.04 , -0.45 ,  0.17 ,  0.34 ,  0.03 ,  0.   , -0.23 ,
        -0.01 ],
       [ 0.05 ,  0.24 , -0.29 ,  0.01 , -0.02 ,  0.14 ,  0.05 , -0.32 ,
        -0.25 ],
       [-0.24 ,  0.84 , -0.51 ,  0.75 , -0.2  , -0.35 ,  0.18 ,  0.32 ,
        -0.33 ],
       [ 0.28 , -0.02 , -0.31 , -0.43 , -0.25 , -0.05 ,  0.01 , -0.2  ,
         0.4  ],
       [-0.23 ,  0.   ,  0.06 , -0.33 , -0.04 ,  0.07 ,  0.26 , -0.2  ,
        -0.11 ],
       [ 0.05 ,  0.2  , -0.15 ,  0.13 ,  0.23 , -0.37 , -0.2  , -0.24 ,
         0.1  ],
       [-0.56 ,  0.02 ,  0.32 , -0.52 , -0.31 , -0.36 ,  0.06 , -0.25 ,
         0.05 ],
       [-0.6  ,  0.06 , -0.21 ,  0.99 , -0.09 ,  0.11 , -0.13 , -0.05 ,
        -0.06 ],
       [ 0.08 ,  0.35 , -0.3  , -0.57 ,  0.03 , -0.43 , -0.28 , -0.01 ,
        -0.07 ],
       [-0.24 ,  0.27 , -0.03 ,  0.26 ,  0.41 , -0.18 , -0.32 ,  0.42 ,
        -0.13 ],
       [-0.45 ,  0.36 , -0.14 , -0.2  ,  0.04 ,  0.29 , -0.14 ,  0.4  ,
        -0.05 ],
       [-0.17 , -0.16 , -0.16 ,  0.25 ,  0.13 , -0.22 ,  0.25 ,  0.27 ,
        -0.28 ],
       [-0.03 ,  0.32 ,  0.3  ,  0.46 , -0.32 ,  0.1  ,  0.1  ,  0.04 ,
         0.1  ],
       [ 0.08 ,  0.45 , -0.07 ,  0.02 , -0.11 ,  0.26 , -0.04 ,  0.47 ,
         0.2  ],
       [ 0.19 ,  0.52 , -0.43 ,  0.14 , -0.46 ,  0.26 ,  0.69 ,  0.48 ,
         0.04 ],
       [ 0.17 ,  0.22 , -0.34 ,  0.03 , -0.11 ,  0.39 , -0.58 , -0.07 ,
        -0.19 ],
       [ 0.08 , -0.06 , -0.21 ,  0.31 , -0.3  , -0.1  , -0.3  , -0.04 ,
         0.32 ],
       [ 0.37 , -0.17 ,  0.47 ,  0.2  , -0.17 ,  0.42 ,  0.44 ,  0.63 ,
         0.36 ],
       [ 0.44 ,  0.13 ,  0.23 ,  0.27 ,  0.06 ,  0.5  , -0.19 ,  0.37 ,
        -0.09 ],
       [ 0.32 ,  0.41 , -0.66 ,  0.09 ,  0.12 ,  0.16 ,  0.16 ,  0.13 ,
        -0.09 ],
       [-0.05 ,  0.39 , -0.22 ,  0.16 , -0.   ,  0.18 , -0.28 ,  0.18 ,
         0.16 ],
       [ 0.53 , -0.04 ,  0.17 , -0.53 , -0.17 ,  0.04 , -0.2  ,  0.33 ,
        -0.35 ],
       [-0.13 ,  0.25 ,  0.09 ,  0.41 ,  0.22 , -0.29 , -0.34 , -0.24 ,
         0.1  ]]), O_W=array([[ 0.02   , -0.02   ,  0.21   , -0.25   , -0.04   , -0.21375,
        -0.25   , -0.31   ,  0.09   ],
       [ 0.23   , -0.     ,  0.1    , -0.14   ,  0.24   ,  0.4    ,
        -0.23   , -0.23   ,  0.16   ],
       [-0.4    , -0.22   , -0.02   ,  0.33   , -0.07   , -0.31   ,
        -0.38   ,  0.11   ,  0.1    ],
       [-0.24   , -0.23   , -0.58   , -0.27   ,  0.24   ,  0.16   ,
        -0.17   ,  0.17   ,  0.03   ],
       [ 0.1    , -0.44   ,  0.26   ,  0.32   ,  0.04   , -0.63   ,
         0.36   , -0.38   , -0.4    ],
       [ 0.05   ,  0.75   ,  0.31   , -0.08   ,  0.1    ,  0.29   ,
         0.54   ,  0.07   ,  0.08   ],
       [ 0.02   ,  0.03   , -0.25   , -0.16   , -0.32   , -0.19   ,
        -0.73   ,  0.16   , -0.23   ],
       [ 0.05   , -0.39   ,  0.3    , -0.4    , -0.08   ,  0.03   ,
         0.04   ,  0.09   , -0.06   ],
       [-0.25   ,  0.13   , -0.1    , -0.37   , -0.18   ,  0.38   ,
        -0.32   , -0.07   , -0.2    ]])), Brain.MemoryInstance(episode=56, reward=4.37, t_alive=9, H_W=array([[ 0.05, -0.13, -0.09, -0.2 ,  0.04, -0.1 ,  0.11,  0.53, -0.06],
       [-0.  , -0.04,  0.27, -0.28,  0.34,  0.03,  0.  ,  0.63, -0.01],
       [ 0.05,  0.54, -0.29,  0.01, -0.08,  0.14,  0.05, -0.32,  0.27],
       [-0.24, -0.35, -0.02,  0.75, -0.2 , -0.35,  0.14,  0.8 , -0.33],
       [ 0.28,  0.7 , -0.31, -0.43, -0.25, -0.31, -0.43, -0.2 ,  0.4 ],
       [-0.25,  0.  ,  0.06, -0.33, -0.35,  0.43,  0.26, -0.2 , -0.11],
       [ 0.05,  0.2 , -0.15,  0.13, -0.4 , -0.37, -0.2 ,  0.28,  0.33],
       [-0.56,  0.02,  0.47, -0.52, -0.31, -0.36,  0.1 , -0.02, -0.11],
       [-0.6 ,  0.06, -0.21,  0.99, -0.09,  0.11, -0.13, -0.05, -0.06],
       [ 0.08,  0.35, -0.32, -0.57,  0.03, -0.43, -0.28, -0.18, -0.07],
       [ 0.02,  0.27, -0.15,  0.26, -0.52, -0.18, -0.32,  0.4 ,  0.32],
       [-0.45,  0.36, -0.14, -0.2 ,  0.04,  0.05, -0.01, -0.28, -0.09],
       [-0.17, -0.16, -0.23,  0.25,  0.35, -0.22,  0.01,  0.09, -0.28],
       [-0.12,  0.13,  0.3 ,  0.46, -0.32,  0.1 ,  0.1 ,  0.04,  0.1 ],
       [ 0.08,  0.45, -0.22,  0.02,  0.16,  0.26, -0.04,  0.47, -0.05],
       [ 0.19,  0.14, -0.43,  0.14, -0.46,  0.26,  0.69,  0.48,  0.04],
       [ 0.17,  0.22, -0.34,  0.03, -0.11,  0.39, -0.17,  0.32,  0.48],
       [ 0.15, -0.09, -0.21,  0.31,  0.28,  0.23, -0.3 , -0.11, -0.1 ],
       [ 0.37, -0.17,  0.47,  0.2 , -0.17,  0.1 ,  0.44,  0.63,  0.36],
       [ 0.44, -0.11,  0.23,  0.27,  0.06,  0.23,  0.64,  0.11, -0.09],
       [ 0.02,  0.41, -0.66, -0.15,  0.32,  0.16,  0.16, -0.2 , -0.09],
       [-0.54,  0.44,  0.22,  0.57, -0.  , -0.21, -0.28,  0.35,  0.16],
       [ 0.53, -0.04,  0.17,  0.37, -0.17, -0.04, -0.48,  0.31, -0.09],
       [-0.13,  0.25, -0.03,  0.41, -0.33, -0.29, -0.34, -0.44,  0.1 ]]), O_W=array([[ 0.02, -0.02,  0.21,  0.2 , -0.04,  0.27, -0.25,  0.21,  0.09],
       [ 0.23, -0.19,  0.1 , -0.14,  0.24,  0.09, -0.33, -0.23,  0.16],
       [-0.4 , -0.07, -0.45,  0.33, -0.07, -0.31, -0.38,  0.31,  0.1 ],
       [-0.24,  0.31, -0.58, -0.15,  0.24,  0.16, -0.17, -0.35, -0.11],
       [ 0.1 , -0.36,  0.26, -0.13,  0.04, -0.46,  0.36, -0.38, -0.18],
       [ 0.05,  0.75, -0.1 , -0.08,  0.1 ,  0.35,  0.14,  0.07,  0.08],
       [-0.35,  0.03, -0.25,  0.63, -0.32, -0.19, -0.73,  0.44, -0.23],
       [ 0.05,  0.36, -0.25,  0.18, -0.08,  0.19, -0.32,  0.09, -0.06],
       [-0.25,  0.13, -0.1 ,  0.59, -0.18,  0.38, -0.32, -0.07, -0.47]])), Brain.MemoryInstance(episode=58, reward=4.54, t_alive=3, H_W=array([[ 0.05,  0.09, -0.09, -0.2 , -0.35,  0.3 ,  0.11,  0.79, -0.06],
       [-0.  , -0.04,  0.27, -0.28,  0.34,  0.03,  0.1 , -0.58, -0.01],
       [ 0.05,  0.26, -0.29,  0.01, -0.02,  0.14,  0.05, -0.32, -0.01],
       [-0.24,  0.84, -0.51,  0.75, -0.2 , -0.35,  0.18,  0.8 , -0.33],
       [ 0.28, -0.02, -0.31, -0.43, -0.25, -0.05,  0.24, -0.2 ,  0.15],
       [-0.23,  0.  ,  0.06, -0.33, -0.04,  0.07,  0.26, -0.2 , -0.11],
       [ 0.05,  0.2 , -0.15,  0.13,  0.23, -0.37, -0.2 , -0.24,  0.1 ],
       [-0.56,  0.02,  0.32, -0.52, -0.31, -0.3 ,  0.06, -0.25, -0.11],
       [-0.6 ,  0.06, -0.21, -0.23, -0.09,  0.11, -0.13, -0.05, -0.06],
       [ 0.08,  0.35, -0.3 , -0.57,  0.04, -0.43, -0.28, -0.01, -0.07],
       [ 0.02,  0.27, -0.15,  0.26,  0.41, -0.18, -0.32,  0.42,  0.32],
       [-0.45,  0.24, -0.14, -0.2 ,  0.04,  0.05,  0.17, -0.1 , -0.05],
       [-0.17, -0.16, -0.16,  0.25,  0.35, -0.07,  0.01,  0.27, -0.28],
       [-0.03,  0.32,  0.3 ,  0.46, -0.32,  0.1 ,  0.1 ,  0.04,  0.1 ],
       [ 0.08,  0.45, -0.22,  0.02, -0.11,  0.26, -0.04,  0.47,  0.2 ],
       [ 0.19,  0.14,  0.13, -0.13, -0.46,  0.26,  0.69,  0.08,  0.04],
       [ 0.17, -0.03, -0.34,  0.03, -0.11,  0.39, -0.58,  0.32,  0.17],
       [ 0.15, -0.09, -0.21,  0.31, -0.3 , -0.1 , -0.3 , -0.11, -0.1 ],
       [ 0.37, -0.17,  0.47,  0.2 , -0.17,  0.42,  0.44,  0.63,  0.36],
       [ 0.44,  0.13,  0.23,  0.27,  0.06,  0.5 , -0.19,  0.37, -0.09],
       [ 0.32,  0.41, -0.66,  0.09,  0.12,  0.16,  0.16,  0.13,  0.28],
       [-0.05,  0.39, -0.22,  0.57, -0.  ,  0.18, -0.28,  0.35,  0.16],
       [ 0.32, -0.04,  0.17, -0.53, -0.17, -0.04, -0.2 ,  0.33, -0.09],
       [-0.13,  0.25,  0.09,  0.41, -0.33, -0.29, -0.34, -0.24,  0.1 ]]), O_W=array([[ 0.02   , -0.02   ,  0.21   , -0.25   , -0.04   , -0.21375,
        -0.25   , -0.31   ,  0.09   ],
       [ 0.23   , -0.     ,  0.1    , -0.14   ,  0.24   ,  0.4    ,
        -0.23   , -0.23   ,  0.16   ],
       [-0.4    , -0.07   , -0.02   ,  0.33   , -0.07   , -0.31   ,
        -0.38   ,  0.11   ,  0.1    ],
       [-0.24   ,  0.31   , -0.58   , -0.27   ,  0.24   ,  0.16   ,
        -0.17   ,  0.46   ,  0.03   ],
       [ 0.1    , -0.44   ,  0.26   , -0.13   ,  0.04   , -0.63   ,
         0.36   , -0.38   , -0.18   ],
       [ 0.05   ,  0.75   , -0.1    , -0.08   ,  0.1    ,  0.29   ,
         0.14   ,  0.07   ,  0.1    ],
       [ 0.02   ,  0.03   ,  0.17   , -0.16   , -0.32   , -0.19   ,
        -0.73   ,  0.44   , -0.23   ],
       [ 0.05   , -0.39   ,  0.3    , -0.4    , -0.08   ,  0.03   ,
         0.04   ,  0.09   , -0.06   ],
       [-0.25   ,  0.1    , -0.1    , -0.37   , -0.18   ,  0.38   ,
        -0.32   , -0.25   , -0.2    ]])), Brain.MemoryInstance(episode=59, reward=4.54, t_alive=3, H_W=array([[ 0.05,  0.09, -0.09, -0.2 , -0.35, -0.1 ,  0.11,  0.79, -0.06],
       [-0.  , -0.04,  0.27, -0.28,  0.34,  0.03,  0.1 , -0.23, -0.01],
       [ 0.05,  0.24, -0.29,  0.01, -0.02,  0.14,  0.05, -0.32, -0.25],
       [-0.24,  0.84, -0.51,  0.75, -0.2 , -0.35,  0.18,  0.32, -0.33],
       [ 0.28, -0.02, -0.31, -0.43, -0.25, -0.05,  0.24, -0.2 ,  0.4 ],
       [-0.23,  0.  ,  0.06, -0.33, -0.04,  0.07,  0.26, -0.2 , -0.11],
       [ 0.05,  0.2 , -0.15,  0.13,  0.23, -0.37, -0.2 , -0.24,  0.1 ],
       [-0.56,  0.02,  0.32, -0.52, -0.31, -0.3 ,  0.06, -0.25, -0.11],
       [-0.6 ,  0.06, -0.21,  0.99, -0.09,  0.11, -0.13, -0.05, -0.06],
       [ 0.08,  0.35, -0.3 , -0.57,  0.03, -0.43, -0.28, -0.01, -0.07],
       [ 0.02,  0.27, -0.03,  0.26,  0.41, -0.18, -0.32,  0.42, -0.13],
       [-0.45,  0.36, -0.14, -0.2 ,  0.04,  0.29, -0.14, -0.1 , -0.05],
       [-0.17, -0.16, -0.16,  0.25,  0.13, -0.22,  0.01,  0.27, -0.28],
       [-0.03,  0.32,  0.3 ,  0.46, -0.32,  0.1 ,  0.1 ,  0.04,  0.1 ],
       [ 0.08,  0.45, -0.22,  0.02, -0.11,  0.26, -0.04,  0.47,  0.2 ],
       [ 0.19,  0.52, -0.43, -0.13, -0.46,  0.26,  0.69,  0.08,  0.04],
       [ 0.17,  0.22, -0.34,  0.03, -0.11,  0.39, -0.58,  0.32,  0.17],
       [ 0.08, -0.09, -0.21,  0.31, -0.3 , -0.1 , -0.3 , -0.04, -0.1 ],
       [ 0.37, -0.17,  0.47,  0.2 , -0.17,  0.42,  0.44,  0.63,  0.36],
       [ 0.44,  0.13,  0.23,  0.27,  0.06,  0.5 , -0.19,  0.37, -0.09],
       [ 0.32,  0.41, -0.66,  0.09,  0.12,  0.16,  0.16,  0.13, -0.09],
       [-0.05,  0.39, -0.22,  0.16, -0.  ,  0.18, -0.28,  0.35,  0.16],
       [ 0.32, -0.04,  0.17, -0.53, -0.17,  0.04, -0.2 ,  0.33, -0.09],
       [-0.13,  0.25,  0.09,  0.41, -0.33, -0.29, -0.34, -0.24,  0.1 ]]), O_W=array([[ 0.02   , -0.02   ,  0.21   , -0.25   , -0.04   , -0.21375,
        -0.25   , -0.31   ,  0.09   ],
       [ 0.23   , -0.     ,  0.1    , -0.14   ,  0.24   ,  0.4    ,
        -0.23   , -0.23   ,  0.16   ],
       [-0.4    , -0.22   , -0.02   ,  0.33   , -0.07   , -0.31   ,
        -0.38   ,  0.11   ,  0.15   ],
       [-0.24   , -0.23   , -0.58   , -0.27   ,  0.24   ,  0.16   ,
        -0.17   ,  0.46   ,  0.03   ],
       [ 0.1    , -0.44   ,  0.26   , -0.13   ,  0.04   , -0.63   ,
         0.36   , -0.38   , -0.18   ],
       [ 0.05   ,  0.75   ,  0.31   , -0.08   ,  0.1    ,  0.29   ,
         0.14   ,  0.07   ,  0.08   ],
       [ 0.02   ,  0.03   , -0.25   , -0.16   , -0.32   , -0.19   ,
        -0.73   ,  0.16   , -0.23   ],
       [ 0.05   , -0.39   ,  0.3    , -0.4    , -0.08   ,  0.03   ,
         0.04   ,  0.09   , -0.06   ],
       [-0.25   ,  0.13   , -0.1    , -0.37   , -0.18   ,  0.38   ,
        -0.32   , -0.25   , -0.2    ]]))]
